------------------------------------------------------------------------------------------------------------------------

[2023-05-13 10:36:26 #1 store] 
Database 'C:\Users\maroa\OneDrive\Escritorio\urtatscosas\Bets21\src\main\resources\bets.temp' is opened by 18740@LAPTOP-6JJ3PQ48

[2023-05-13 10:36:27 #2 type.registry] 
New type domain.User

[2023-05-13 10:36:27 #3 type.registry] 
New type domain.Arduraduna

[2023-05-13 10:36:27 #4 type] 
Type domain.User is not enhanced.

[2023-05-13 10:36:27 #5 type] 
Type domain.Arduraduna is not enhanced.

[2023-05-13 10:36:27 #6 type.registry] 
New type domain.Jarduera

[2023-05-13 10:36:27 #7 type] 
Type domain.Jarduera is not enhanced.

[2023-05-13 10:36:27 #8 type.registry] 
New type domain.Areto

[2023-05-13 10:36:27 #9 type] 
Type domain.Areto is not enhanced.

[2023-05-13 10:36:27 #10 type.registry] 
New type domain.Saioa

[2023-05-13 10:36:27 #11 type.registry] 
New type java.util.Vector<domain.Saioa>

[2023-05-13 10:36:27 #12 type] 
Type domain.Saioa is not enhanced.

[2023-05-13 10:36:27 #13 type.registry] 
New type domain.Erreserba

[2023-05-13 10:36:27 #14 type.registry] 
New type java.util.Vector<domain.Erreserba>

[2023-05-13 10:36:27 #15 type] 
Type domain.Erreserba is not enhanced.

[2023-05-13 10:36:27 #16 type.registry] 
New type domain.Bazkide

[2023-05-13 10:36:27 #17 type] 
Type domain.Bazkide is not enhanced.

[2023-05-13 10:36:27 #18 type.registry] 
New type java.util.Vector<java.lang.Object>

[2023-05-13 10:36:27 #19 type.registry] 
New type java.util.LinkedList<java.lang.Object>

------------------------------------------------------------------------------------------------------------------------

[2023-05-13 10:41:14 #1 store] 
Database 'C:\Users\maroa\OneDrive\Escritorio\urtatscosas\Bets21\src\main\resources\bets.temp' has been recovered (tr. 1-8)

[2023-05-13 10:41:15 #2 store] 
Database 'C:\Users\maroa\OneDrive\Escritorio\urtatscosas\Bets21\src\main\resources\bets.temp' is opened by 11084@LAPTOP-6JJ3PQ48

[2023-05-13 10:41:15 #3 type] 
Type domain.User is not enhanced.

[2023-05-13 10:41:15 #4 type] 
Type domain.Arduraduna is not enhanced.

[2023-05-13 10:41:15 #5 type] 
Type domain.Jarduera is not enhanced.

[2023-05-13 10:41:15 #6 type] 
Type domain.Areto is not enhanced.

[2023-05-13 10:41:15 #7 type] 
Type domain.Saioa is not enhanced.

[2023-05-13 10:41:15 #8 type] 
Type domain.Erreserba is not enhanced.

[2023-05-13 10:41:15 #9 type] 
Type domain.Bazkide is not enhanced.

------------------------------------------------------------------------------------------------------------------------

[2023-05-13 10:42:45 #1 store] 
Database 'C:\Users\maroa\OneDrive\Escritorio\urtatscosas\Bets21\src\main\resources\bets.temp' has been recovered (tr. 9-9)

[2023-05-13 10:42:46 #2 store] 
Database 'C:\Users\maroa\OneDrive\Escritorio\urtatscosas\Bets21\src\main\resources\bets.temp' is opened by 18644@LAPTOP-6JJ3PQ48

[2023-05-13 10:42:46 #3 type] 
Type domain.User is not enhanced.

[2023-05-13 10:42:46 #4 type] 
Type domain.Arduraduna is not enhanced.

[2023-05-13 10:42:46 #5 type] 
Type domain.Jarduera is not enhanced.

[2023-05-13 10:42:46 #6 type] 
Type domain.Areto is not enhanced.

[2023-05-13 10:42:46 #7 type] 
Type domain.Saioa is not enhanced.

[2023-05-13 10:42:46 #8 type] 
Type domain.Erreserba is not enhanced.

[2023-05-13 10:42:46 #9 type] 
Type domain.Bazkide is not enhanced.

------------------------------------------------------------------------------------------------------------------------

[2023-05-13 10:43:42 #1 store] 
Database 'C:\Users\maroa\OneDrive\Escritorio\urtatscosas\Bets21\src\main\resources\bets.temp' is opened by 15048@LAPTOP-6JJ3PQ48

[2023-05-13 10:43:42 #2 type] 
Type domain.User is not enhanced.

[2023-05-13 10:43:42 #3 type] 
Type domain.Arduraduna is not enhanced.

[2023-05-13 10:43:42 #4 type] 
Type domain.Jarduera is not enhanced.

[2023-05-13 10:43:42 #5 type] 
Type domain.Areto is not enhanced.

[2023-05-13 10:43:42 #6 type] 
Type domain.Saioa is not enhanced.

[2023-05-13 10:43:42 #7 type] 
Type domain.Erreserba is not enhanced.

[2023-05-13 10:43:42 #8 type] 
Type domain.Bazkide is not enhanced.

------------------------------------------------------------------------------------------------------------------------

[2023-05-13 10:44:15 #1 store] 
Database 'C:\Users\maroa\OneDrive\Escritorio\urtatscosas\Bets21\src\main\resources\bets.temp' is opened by 15900@LAPTOP-6JJ3PQ48

[2023-05-13 10:44:15 #2 type] 
Type domain.User is not enhanced.

[2023-05-13 10:44:15 #3 type] 
Type domain.Arduraduna is not enhanced.

[2023-05-13 10:44:15 #4 type] 
Type domain.Jarduera is not enhanced.

[2023-05-13 10:44:15 #5 type] 
Type domain.Areto is not enhanced.

[2023-05-13 10:44:15 #6 type] 
Type domain.Saioa is not enhanced.

[2023-05-13 10:44:15 #7 type] 
Type domain.Erreserba is not enhanced.

[2023-05-13 10:44:15 #8 type] 
Type domain.Bazkide is not enhanced.

------------------------------------------------------------------------------------------------------------------------

[2023-05-13 10:45:28 #1 store] 
Database 'C:\Users\maroa\OneDrive\Escritorio\urtatscosas\Bets21\src\main\resources\bets.temp' is opened by 3736@LAPTOP-6JJ3PQ48

[2023-05-13 10:45:28 #2 type] 
Type domain.User is not enhanced.

[2023-05-13 10:45:28 #3 type] 
Type domain.Arduraduna is not enhanced.

[2023-05-13 10:45:28 #4 type] 
Type domain.Jarduera is not enhanced.

[2023-05-13 10:45:28 #5 type] 
Type domain.Areto is not enhanced.

[2023-05-13 10:45:28 #6 type] 
Type domain.Saioa is not enhanced.

[2023-05-13 10:45:28 #7 type] 
Type domain.Erreserba is not enhanced.

[2023-05-13 10:45:28 #8 type] 
Type domain.Bazkide is not enhanced.

------------------------------------------------------------------------------------------------------------------------

[2023-05-13 10:46:44 #1 store] 
Database 'C:\Users\maroa\OneDrive\Escritorio\urtatscosas\Bets21\src\main\resources\bets.temp' is opened by 19404@LAPTOP-6JJ3PQ48

[2023-05-13 10:46:44 #2 type] 
Type domain.User is not enhanced.

[2023-05-13 10:46:44 #3 type] 
Type domain.Arduraduna is not enhanced.

[2023-05-13 10:46:44 #4 type] 
Type domain.Jarduera is not enhanced.

[2023-05-13 10:46:44 #5 type] 
Type domain.Areto is not enhanced.

[2023-05-13 10:46:44 #6 type] 
Type domain.Saioa is not enhanced.

[2023-05-13 10:46:44 #7 type] 
Type domain.Erreserba is not enhanced.

[2023-05-13 10:46:44 #8 type] 
Type domain.Bazkide is not enhanced.

------------------------------------------------------------------------------------------------------------------------

[2023-05-13 10:50:11 #1 store] 
Database 'C:\Users\maroa\OneDrive\Escritorio\urtatscosas\Bets21\src\main\resources\bets.temp' is opened by 18716@LAPTOP-6JJ3PQ48

[2023-05-13 10:50:11 #2 type] 
Type domain.User is not enhanced.

[2023-05-13 10:50:11 #3 type] 
Type domain.Arduraduna is not enhanced.

[2023-05-13 10:50:11 #4 type] 
Type domain.Jarduera is not enhanced.

[2023-05-13 10:50:11 #5 type] 
Type domain.Areto is not enhanced.

[2023-05-13 10:50:11 #6 type] 
Type domain.Saioa is not enhanced.

[2023-05-13 10:50:11 #7 type] 
Type domain.Erreserba is not enhanced.

[2023-05-13 10:50:11 #8 type] 
Type domain.Bazkide is not enhanced.

------------------------------------------------------------------------------------------------------------------------

[2023-05-13 11:02:44 #1 store] 
Database 'C:\Users\maroa\OneDrive\Escritorio\urtatscosas\Bets21\src\main\resources\bets.temp' is opened by 3608@LAPTOP-6JJ3PQ48

[2023-05-13 11:02:44 #2 type] 
Type domain.User is not enhanced.

[2023-05-13 11:02:44 #3 type] 
Type domain.Arduraduna is not enhanced.

[2023-05-13 11:02:44 #4 type] 
Type domain.Jarduera is not enhanced.

[2023-05-13 11:02:44 #5 type] 
Type domain.Areto is not enhanced.

[2023-05-13 11:02:44 #6 type] 
Type domain.Saioa is not enhanced.

[2023-05-13 11:02:44 #7 type] 
Type domain.Erreserba is not enhanced.

[2023-05-13 11:02:44 #8 type] 
Type domain.Bazkide is not enhanced.

------------------------------------------------------------------------------------------------------------------------

[2023-05-13 11:03:58 #1 store] 
Database 'C:\Users\maroa\OneDrive\Escritorio\urtatscosas\Bets21\src\main\resources\bets.temp' is opened by 8232@LAPTOP-6JJ3PQ48

[2023-05-13 11:03:59 #2 type] 
Type domain.User is not enhanced.

[2023-05-13 11:03:59 #3 type] 
Type domain.Arduraduna is not enhanced.

[2023-05-13 11:03:59 #4 type] 
Type domain.Jarduera is not enhanced.

[2023-05-13 11:03:59 #5 type] 
Type domain.Areto is not enhanced.

[2023-05-13 11:03:59 #6 type] 
Type domain.Saioa is not enhanced.

[2023-05-13 11:03:59 #7 type] 
Type domain.Erreserba is not enhanced.

[2023-05-13 11:03:59 #8 type] 
Type domain.Bazkide is not enhanced.

------------------------------------------------------------------------------------------------------------------------

[2023-05-13 11:08:27 #1 store] 
Database 'C:\Users\maroa\OneDrive\Escritorio\urtatscosas\Bets21\src\main\resources\bets.temp' is opened by 14772@LAPTOP-6JJ3PQ48

[2023-05-13 11:08:27 #2 type] 
Type domain.User is not enhanced.

[2023-05-13 11:08:27 #3 type] 
Type domain.Arduraduna is not enhanced.

[2023-05-13 11:08:27 #4 type] 
Type domain.Jarduera is not enhanced.

[2023-05-13 11:08:27 #5 type] 
Type domain.Areto is not enhanced.

[2023-05-13 11:08:27 #6 type] 
Type domain.Saioa is not enhanced.

[2023-05-13 11:08:27 #7 type] 
Type domain.Erreserba is not enhanced.

[2023-05-13 11:08:27 #8 type] 
Type domain.Bazkide is not enhanced.

------------------------------------------------------------------------------------------------------------------------

[2023-05-13 11:23:20 #1 store] 
Database 'C:\Users\maroa\OneDrive\Escritorio\urtatscosas\Bets21\src\main\resources\bets.temp' is opened by 12020@LAPTOP-6JJ3PQ48

[2023-05-13 11:23:20 #2 type] 
Type domain.User is not enhanced.

[2023-05-13 11:23:20 #3 type] 
Type domain.Arduraduna is not enhanced.

[2023-05-13 11:23:20 #4 type] 
Type domain.Jarduera is not enhanced.

[2023-05-13 11:23:20 #5 type] 
Type domain.Areto is not enhanced.

[2023-05-13 11:23:20 #6 type] 
Type domain.Saioa is not enhanced.

[2023-05-13 11:23:20 #7 type] 
Type domain.Erreserba is not enhanced.

[2023-05-13 11:23:20 #8 type] 
Type domain.Bazkide is not enhanced.

------------------------------------------------------------------------------------------------------------------------

[2023-05-13 16:50:29 #1 store] 
Database 'C:\Users\maroa\OneDrive\Escritorio\urtatscosas\Bets21\src\main\resources\bets.temp' is opened by 11204@LAPTOP-6JJ3PQ48

[2023-05-13 16:50:29 #2 type] 
Type domain.User is not enhanced.

[2023-05-13 16:50:29 #3 type] 
Type domain.Arduraduna is not enhanced.

[2023-05-13 16:50:29 #4 type] 
Type domain.Jarduera is not enhanced.

[2023-05-13 16:50:29 #5 type] 
Type domain.Areto is not enhanced.

[2023-05-13 16:50:29 #6 type] 
Type domain.Saioa is not enhanced.

[2023-05-13 16:50:29 #7 type] 
Type domain.Erreserba is not enhanced.

[2023-05-13 16:50:29 #8 type] 
Type domain.Bazkide is not enhanced.

------------------------------------------------------------------------------------------------------------------------

[2023-05-13 16:51:32 #1 store] 
Database 'C:\Users\maroa\OneDrive\Escritorio\urtatscosas\Bets21\src\main\resources\bets.temp' is opened by 3548@LAPTOP-6JJ3PQ48

[2023-05-13 16:51:33 #2 type.registry] 
New type domain.User

[2023-05-13 16:51:33 #3 type.registry] 
New type domain.Arduraduna

[2023-05-13 16:51:33 #4 type] 
Type domain.User is not enhanced.

[2023-05-13 16:51:33 #5 type] 
Type domain.Arduraduna is not enhanced.

[2023-05-13 16:51:33 #6 type.registry] 
New type domain.Jarduera

[2023-05-13 16:51:33 #7 type] 
Type domain.Jarduera is not enhanced.

[2023-05-13 16:51:33 #8 type.registry] 
New type domain.Areto

[2023-05-13 16:51:33 #9 type] 
Type domain.Areto is not enhanced.

[2023-05-13 16:51:33 #10 type.registry] 
New type domain.Saioa

[2023-05-13 16:51:33 #11 type.registry] 
New type java.util.Vector<domain.Saioa>

[2023-05-13 16:51:33 #12 type] 
Type domain.Saioa is not enhanced.

[2023-05-13 16:51:33 #13 type.registry] 
New type domain.Erreserba

[2023-05-13 16:51:33 #14 type.registry] 
New type java.util.Vector<domain.Erreserba>

[2023-05-13 16:51:33 #15 type] 
Type domain.Erreserba is not enhanced.

[2023-05-13 16:51:33 #16 type.registry] 
New type domain.Bazkide

[2023-05-13 16:51:33 #17 type] 
Type domain.Bazkide is not enhanced.

[2023-05-13 16:51:33 #18 type.registry] 
New type java.util.Vector<java.lang.Object>

[2023-05-13 16:51:33 #19 type.registry] 
New type java.util.LinkedList<java.lang.Object>

------------------------------------------------------------------------------------------------------------------------

[2023-05-13 16:53:03 #1 store] 
Database 'C:\Users\maroa\OneDrive\Escritorio\urtatscosas\Bets21\src\main\resources\bets.temp' is opened by 12612@LAPTOP-6JJ3PQ48

[2023-05-13 16:53:03 #2 type.registry] 
New type domain.User

[2023-05-13 16:53:03 #3 type.registry] 
New type domain.Arduraduna

[2023-05-13 16:53:03 #4 type] 
Type domain.User is not enhanced.

[2023-05-13 16:53:03 #5 type] 
Type domain.Arduraduna is not enhanced.

[2023-05-13 16:53:03 #6 type.registry] 
New type domain.Jarduera

[2023-05-13 16:53:03 #7 type] 
Type domain.Jarduera is not enhanced.

[2023-05-13 16:53:03 #8 type.registry] 
New type domain.Areto

[2023-05-13 16:53:03 #9 type] 
Type domain.Areto is not enhanced.

[2023-05-13 16:53:03 #10 type.registry] 
New type domain.Saioa

[2023-05-13 16:53:03 #11 type.registry] 
New type java.util.Vector<domain.Saioa>

[2023-05-13 16:53:03 #12 type] 
Type domain.Saioa is not enhanced.

[2023-05-13 16:53:03 #13 type.registry] 
New type domain.Erreserba

[2023-05-13 16:53:03 #14 type.registry] 
New type java.util.Vector<domain.Erreserba>

[2023-05-13 16:53:03 #15 type] 
Type domain.Erreserba is not enhanced.

[2023-05-13 16:53:03 #16 type.registry] 
New type domain.Bazkide

[2023-05-13 16:53:03 #17 type] 
Type domain.Bazkide is not enhanced.

[2023-05-13 16:53:03 #18 type.registry] 
New type java.util.Vector<java.lang.Object>

[2023-05-13 16:53:03 #19 type.registry] 
New type java.util.LinkedList<java.lang.Object>

------------------------------------------------------------------------------------------------------------------------

[2023-05-13 16:54:41 #1 store] 
Database 'C:\Users\maroa\OneDrive\Escritorio\urtatscosas\Bets21\src\main\resources\bets.temp' is opened by 1516@LAPTOP-6JJ3PQ48

[2023-05-13 16:54:41 #2 type.registry] 
New type domain.User

[2023-05-13 16:54:41 #3 type.registry] 
New type domain.Arduraduna

[2023-05-13 16:54:42 #4 type] 
Type domain.User is not enhanced.

[2023-05-13 16:54:42 #5 type] 
Type domain.Arduraduna is not enhanced.

[2023-05-13 16:54:42 #6 type.registry] 
New type domain.Jarduera

[2023-05-13 16:54:42 #7 type] 
Type domain.Jarduera is not enhanced.

[2023-05-13 16:54:42 #8 type.registry] 
New type domain.Areto

[2023-05-13 16:54:42 #9 type] 
Type domain.Areto is not enhanced.

[2023-05-13 16:54:42 #10 type.registry] 
New type domain.Saioa

[2023-05-13 16:54:42 #11 type.registry] 
New type java.util.Vector<domain.Saioa>

[2023-05-13 16:54:42 #12 type] 
Type domain.Saioa is not enhanced.

[2023-05-13 16:54:42 #13 type.registry] 
New type domain.Erreserba

[2023-05-13 16:54:42 #14 type.registry] 
New type java.util.Vector<domain.Erreserba>

[2023-05-13 16:54:42 #15 type] 
Type domain.Erreserba is not enhanced.

[2023-05-13 16:54:42 #16 type.registry] 
New type domain.Bazkide

[2023-05-13 16:54:42 #17 type] 
Type domain.Bazkide is not enhanced.

[2023-05-13 16:54:42 #18 type.registry] 
New type java.util.Vector<java.lang.Object>

[2023-05-13 16:54:42 #19 type.registry] 
New type java.util.LinkedList<java.lang.Object>

------------------------------------------------------------------------------------------------------------------------

[2023-05-13 16:56:19 #1 store] 
Database 'C:\Users\maroa\OneDrive\Escritorio\urtatscosas\Bets21\src\main\resources\bets.temp' is opened by 8972@LAPTOP-6JJ3PQ48

[2023-05-13 16:56:19 #2 type.registry] 
New type domain.User

[2023-05-13 16:56:19 #3 type.registry] 
New type domain.Arduraduna

[2023-05-13 16:56:19 #4 type] 
Type domain.User is not enhanced.

[2023-05-13 16:56:19 #5 type] 
Type domain.Arduraduna is not enhanced.

[2023-05-13 16:56:19 #6 type.registry] 
New type domain.Jarduera

[2023-05-13 16:56:19 #7 type] 
Type domain.Jarduera is not enhanced.

[2023-05-13 16:56:19 #8 type.registry] 
New type domain.Areto

[2023-05-13 16:56:19 #9 type] 
Type domain.Areto is not enhanced.

[2023-05-13 16:56:19 #10 type.registry] 
New type domain.Saioa

[2023-05-13 16:56:19 #11 type.registry] 
New type java.util.Vector<domain.Saioa>

[2023-05-13 16:56:19 #12 type] 
Type domain.Saioa is not enhanced.

[2023-05-13 16:56:19 #13 type.registry] 
New type domain.Erreserba

[2023-05-13 16:56:19 #14 type.registry] 
New type java.util.Vector<domain.Erreserba>

[2023-05-13 16:56:19 #15 type] 
Type domain.Erreserba is not enhanced.

[2023-05-13 16:56:19 #16 type.registry] 
New type domain.Bazkide

[2023-05-13 16:56:19 #17 type] 
Type domain.Bazkide is not enhanced.

[2023-05-13 16:56:19 #18 type.registry] 
New type java.util.Vector<java.lang.Object>

[2023-05-13 16:56:19 #19 type.registry] 
New type java.util.LinkedList<java.lang.Object>

------------------------------------------------------------------------------------------------------------------------

[2023-05-13 16:59:28 #1 store] 
Database 'C:\Users\maroa\OneDrive\Escritorio\urtatscosas\Bets21\src\main\resources\bets.temp' is opened by 5856@LAPTOP-6JJ3PQ48

[2023-05-13 16:59:28 #2 type.registry] 
New type domain.User

[2023-05-13 16:59:28 #3 type.registry] 
New type domain.Arduraduna

[2023-05-13 16:59:28 #4 type] 
Type domain.User is not enhanced.

[2023-05-13 16:59:28 #5 type] 
Type domain.Arduraduna is not enhanced.

[2023-05-13 16:59:28 #6 type.registry] 
New type domain.Jarduera

[2023-05-13 16:59:28 #7 type] 
Type domain.Jarduera is not enhanced.

[2023-05-13 16:59:28 #8 type.registry] 
New type domain.Areto

[2023-05-13 16:59:28 #9 type] 
Type domain.Areto is not enhanced.

[2023-05-13 16:59:28 #10 type.registry] 
New type domain.Saioa

[2023-05-13 16:59:28 #11 type.registry] 
New type java.util.Vector<domain.Saioa>

[2023-05-13 16:59:28 #12 type] 
Type domain.Saioa is not enhanced.

[2023-05-13 16:59:28 #13 type.registry] 
New type domain.Erreserba

[2023-05-13 16:59:28 #14 type.registry] 
New type java.util.Vector<domain.Erreserba>

[2023-05-13 16:59:28 #15 type] 
Type domain.Erreserba is not enhanced.

[2023-05-13 16:59:28 #16 type.registry] 
New type domain.Bazkide

[2023-05-13 16:59:28 #17 type] 
Type domain.Bazkide is not enhanced.

[2023-05-13 16:59:28 #18 type.registry] 
New type java.util.Vector<java.lang.Object>

[2023-05-13 16:59:28 #19 type.registry] 
New type java.util.LinkedList<java.lang.Object>

[2023-05-13 16:59:28 #20 type.registry] 
New type java.util.LinkedList<domain.Erreserba>

------------------------------------------------------------------------------------------------------------------------

[2023-05-13 16:59:41 #1 store] 
Database 'C:\Users\maroa\OneDrive\Escritorio\urtatscosas\Bets21\src\main\resources\bets.temp' is opened by 7644@LAPTOP-6JJ3PQ48

[2023-05-13 16:59:41 #2 type.registry] 
New type domain.User

[2023-05-13 16:59:41 #3 type.registry] 
New type domain.Arduraduna

[2023-05-13 16:59:41 #4 type] 
Type domain.User is not enhanced.

[2023-05-13 16:59:41 #5 type] 
Type domain.Arduraduna is not enhanced.

[2023-05-13 16:59:41 #6 type.registry] 
New type domain.Jarduera

[2023-05-13 16:59:41 #7 type] 
Type domain.Jarduera is not enhanced.

[2023-05-13 16:59:41 #8 type.registry] 
New type domain.Areto

[2023-05-13 16:59:41 #9 type] 
Type domain.Areto is not enhanced.

[2023-05-13 16:59:41 #10 type.registry] 
New type domain.Saioa

[2023-05-13 16:59:41 #11 type.registry] 
New type java.util.Vector<domain.Saioa>

[2023-05-13 16:59:41 #12 type] 
Type domain.Saioa is not enhanced.

[2023-05-13 16:59:41 #13 type.registry] 
New type domain.Erreserba

[2023-05-13 16:59:41 #14 type.registry] 
New type java.util.Vector<domain.Erreserba>

[2023-05-13 16:59:41 #15 type] 
Type domain.Erreserba is not enhanced.

[2023-05-13 16:59:41 #16 type.registry] 
New type domain.Bazkide

[2023-05-13 16:59:41 #17 type] 
Type domain.Bazkide is not enhanced.

[2023-05-13 16:59:41 #18 type.registry] 
New type java.util.Vector<java.lang.Object>

[2023-05-13 16:59:41 #19 type.registry] 
New type java.util.LinkedList<java.lang.Object>

------------------------------------------------------------------------------------------------------------------------

[2023-05-13 17:03:09 #1 store] 
Database 'C:\Users\maroa\OneDrive\Escritorio\urtatscosas\Bets21\src\main\resources\bets.temp' is opened by 18296@LAPTOP-6JJ3PQ48

[2023-05-13 17:03:10 #2 type.registry] 
New type domain.User

[2023-05-13 17:03:10 #3 type.registry] 
New type domain.Arduraduna

[2023-05-13 17:03:10 #4 type] 
Type domain.User is not enhanced.

[2023-05-13 17:03:10 #5 type] 
Type domain.Arduraduna is not enhanced.

[2023-05-13 17:03:10 #6 type.registry] 
New type domain.Jarduera

[2023-05-13 17:03:10 #7 type] 
Type domain.Jarduera is not enhanced.

[2023-05-13 17:03:10 #8 type.registry] 
New type domain.Areto

[2023-05-13 17:03:10 #9 type] 
Type domain.Areto is not enhanced.

[2023-05-13 17:03:10 #10 type.registry] 
New type domain.Saioa

[2023-05-13 17:03:10 #11 type.registry] 
New type java.util.Vector<domain.Saioa>

[2023-05-13 17:03:10 #12 type] 
Type domain.Saioa is not enhanced.

[2023-05-13 17:03:10 #13 type.registry] 
New type domain.Erreserba

[2023-05-13 17:03:10 #14 type.registry] 
New type java.util.Vector<domain.Erreserba>

[2023-05-13 17:03:10 #15 type] 
Type domain.Erreserba is not enhanced.

[2023-05-13 17:03:10 #16 type.registry] 
New type domain.Bazkide

[2023-05-13 17:03:10 #17 type] 
Type domain.Bazkide is not enhanced.

[2023-05-13 17:03:10 #18 type.registry] 
New type java.util.Vector<java.lang.Object>

[2023-05-13 17:03:10 #19 type.registry] 
New type java.util.LinkedList<java.lang.Object>

------------------------------------------------------------------------------------------------------------------------

[2023-05-13 17:05:50 #1 store] 
Database 'C:\Users\maroa\OneDrive\Escritorio\urtatscosas\Bets21\src\main\resources\bets.temp' is opened by 9544@LAPTOP-6JJ3PQ48

[2023-05-13 17:05:50 #2 type.registry] 
New type domain.User

[2023-05-13 17:05:50 #3 type.registry] 
New type domain.Arduraduna

[2023-05-13 17:05:50 #4 type] 
Type domain.User is not enhanced.

[2023-05-13 17:05:50 #5 type] 
Type domain.Arduraduna is not enhanced.

[2023-05-13 17:05:50 #6 type.registry] 
New type domain.Bazkide

[2023-05-13 17:05:50 #7 type] 
Type domain.Bazkide is not enhanced.

[2023-05-13 17:05:50 #8 type.registry] 
New type domain.Erreserba

[2023-05-13 17:05:50 #9 type.registry] 
New type java.util.Vector<domain.Erreserba>

[2023-05-13 17:05:50 #10 type] 
Type domain.Erreserba is not enhanced.

[2023-05-13 17:05:50 #11 type.registry] 
New type domain.Saioa

[2023-05-13 17:05:50 #12 type] 
Type domain.Saioa is not enhanced.

[2023-05-13 17:05:50 #13 type.registry] 
New type domain.Areto

[2023-05-13 17:05:50 #14 type.registry] 
New type domain.Jarduera

[2023-05-13 17:05:50 #15 type] 
Type domain.Areto is not enhanced.

[2023-05-13 17:05:50 #16 type.registry] 
New type java.util.Vector<domain.Saioa>

[2023-05-13 17:05:50 #17 type] 
Type domain.Jarduera is not enhanced.

[2023-05-13 17:05:50 #18 type.registry] 
New type java.util.Vector<java.lang.Object>

[2023-05-13 17:05:50 #19 type.registry] 
New type java.util.LinkedList<java.lang.Object>

------------------------------------------------------------------------------------------------------------------------

[2023-05-13 17:08:01 #1 store] 
Database 'C:\Users\maroa\OneDrive\Escritorio\urtatscosas\Bets21\src\main\resources\bets.temp' is opened by 15172@LAPTOP-6JJ3PQ48

[2023-05-13 17:08:01 #2 type.registry] 
New type domain.User

[2023-05-13 17:08:01 #3 type.registry] 
New type domain.Arduraduna

[2023-05-13 17:08:01 #4 type] 
Type domain.User is not enhanced.

[2023-05-13 17:08:01 #5 type] 
Type domain.Arduraduna is not enhanced.

[2023-05-13 17:08:01 #6 type.registry] 
New type domain.Bazkide

[2023-05-13 17:08:01 #7 type] 
Type domain.Bazkide is not enhanced.

[2023-05-13 17:08:01 #8 type.registry] 
New type domain.Erreserba

[2023-05-13 17:08:01 #9 type.registry] 
New type java.util.Vector<domain.Erreserba>

[2023-05-13 17:08:01 #10 type] 
Type domain.Erreserba is not enhanced.

[2023-05-13 17:08:01 #11 type.registry] 
New type domain.Saioa

[2023-05-13 17:08:01 #12 type] 
Type domain.Saioa is not enhanced.

[2023-05-13 17:08:01 #13 type.registry] 
New type domain.Areto

[2023-05-13 17:08:01 #14 type.registry] 
New type domain.Jarduera

[2023-05-13 17:08:01 #15 type] 
Type domain.Areto is not enhanced.

[2023-05-13 17:08:01 #16 type.registry] 
New type java.util.Vector<domain.Saioa>

[2023-05-13 17:08:01 #17 type] 
Type domain.Jarduera is not enhanced.

[2023-05-13 17:08:01 #18 type.registry] 
New type java.util.Vector<java.lang.Object>

[2023-05-13 17:08:01 #19 type.registry] 
New type java.util.LinkedList<java.lang.Object>

------------------------------------------------------------------------------------------------------------------------

[2023-05-13 17:12:53 #1 store] 
Database 'C:\Users\maroa\OneDrive\Escritorio\urtatscosas\Bets21\src\main\resources\bets.temp' is opened by 11324@LAPTOP-6JJ3PQ48

[2023-05-13 17:12:53 #2 type.registry] 
New type domain.User

[2023-05-13 17:12:53 #3 type.registry] 
New type domain.Arduraduna

[2023-05-13 17:12:53 #4 type] 
Type domain.User is not enhanced.

[2023-05-13 17:12:53 #5 type] 
Type domain.Arduraduna is not enhanced.

[2023-05-13 17:12:53 #6 type.registry] 
New type domain.Bazkide

[2023-05-13 17:12:53 #7 type] 
Type domain.Bazkide is not enhanced.

[2023-05-13 17:12:54 #8 type.registry] 
New type domain.Erreserba

[2023-05-13 17:12:54 #9 type.registry] 
New type java.util.Vector<domain.Erreserba>

[2023-05-13 17:12:54 #10 type] 
Type domain.Erreserba is not enhanced.

[2023-05-13 17:12:54 #11 type.registry] 
New type domain.Saioa

[2023-05-13 17:12:54 #12 type] 
Type domain.Saioa is not enhanced.

[2023-05-13 17:12:54 #13 type.registry] 
New type domain.Areto

[2023-05-13 17:12:54 #14 type.registry] 
New type domain.Jarduera

[2023-05-13 17:12:54 #15 type] 
Type domain.Areto is not enhanced.

[2023-05-13 17:12:54 #16 type.registry] 
New type java.util.Vector<domain.Saioa>

[2023-05-13 17:12:54 #17 type] 
Type domain.Jarduera is not enhanced.

[2023-05-13 17:12:54 #18 type.registry] 
New type java.util.Vector<java.lang.Object>

[2023-05-13 17:12:54 #19 type.registry] 
New type java.util.LinkedList<java.lang.Object>

------------------------------------------------------------------------------------------------------------------------

[2023-05-13 17:24:00 #1 store] 
Database 'C:\Users\maroa\OneDrive\Escritorio\urtatscosas\Bets21\src\main\resources\bets.temp' is opened by 15472@LAPTOP-6JJ3PQ48

[2023-05-13 17:24:00 #2 type.registry] 
New type domain.User

[2023-05-13 17:24:00 #3 type.registry] 
New type domain.Arduraduna

[2023-05-13 17:24:00 #4 type] 
Type domain.User is not enhanced.

[2023-05-13 17:24:00 #5 type] 
Type domain.Arduraduna is not enhanced.

[2023-05-13 17:24:00 #6 type.registry] 
New type domain.Bazkide

[2023-05-13 17:24:00 #7 type] 
Type domain.Bazkide is not enhanced.

[2023-05-13 17:24:00 #8 type.registry] 
New type domain.Erreserba

[2023-05-13 17:24:00 #9 type.registry] 
New type java.util.Vector<domain.Erreserba>

[2023-05-13 17:24:00 #10 type] 
Type domain.Erreserba is not enhanced.

[2023-05-13 17:24:00 #11 type.registry] 
New type domain.Saioa

[2023-05-13 17:24:00 #12 type] 
Type domain.Saioa is not enhanced.

[2023-05-13 17:24:00 #13 type.registry] 
New type domain.Areto

[2023-05-13 17:24:00 #14 type.registry] 
New type domain.Jarduera

[2023-05-13 17:24:00 #15 type] 
Type domain.Areto is not enhanced.

[2023-05-13 17:24:00 #16 type.registry] 
New type java.util.Vector<domain.Saioa>

[2023-05-13 17:24:00 #17 type] 
Type domain.Jarduera is not enhanced.

[2023-05-13 17:24:00 #18 type.registry] 
New type java.util.Vector<java.lang.Object>

[2023-05-13 17:24:00 #19 type.registry] 
New type java.util.LinkedList<java.lang.Object>

[2023-05-13 17:24:00 #20 type.registry] 
New type java.util.LinkedList<domain.Erreserba>

------------------------------------------------------------------------------------------------------------------------

[2023-05-13 17:24:36 #1 store] 
Database 'C:\Users\maroa\OneDrive\Escritorio\urtatscosas\Bets21\src\main\resources\bets.temp' is opened by 10436@LAPTOP-6JJ3PQ48

[2023-05-13 17:24:36 #2 type.registry] 
New type domain.User

[2023-05-13 17:24:36 #3 type.registry] 
New type domain.Arduraduna

[2023-05-13 17:24:36 #4 type] 
Type domain.User is not enhanced.

[2023-05-13 17:24:36 #5 type] 
Type domain.Arduraduna is not enhanced.

[2023-05-13 17:24:36 #6 type.registry] 
New type domain.Bazkide

[2023-05-13 17:24:36 #7 type] 
Type domain.Bazkide is not enhanced.

[2023-05-13 17:24:36 #8 type.registry] 
New type domain.Erreserba

[2023-05-13 17:24:36 #9 type.registry] 
New type java.util.Vector<domain.Erreserba>

[2023-05-13 17:24:36 #10 type] 
Type domain.Erreserba is not enhanced.

[2023-05-13 17:24:36 #11 type.registry] 
New type domain.Saioa

[2023-05-13 17:24:36 #12 type] 
Type domain.Saioa is not enhanced.

[2023-05-13 17:24:36 #13 type.registry] 
New type domain.Areto

[2023-05-13 17:24:36 #14 type.registry] 
New type domain.Jarduera

[2023-05-13 17:24:36 #15 type] 
Type domain.Areto is not enhanced.

[2023-05-13 17:24:36 #16 type.registry] 
New type java.util.Vector<domain.Saioa>

[2023-05-13 17:24:36 #17 type] 
Type domain.Jarduera is not enhanced.

[2023-05-13 17:24:36 #18 type.registry] 
New type java.util.Vector<java.lang.Object>

[2023-05-13 17:24:36 #19 type.registry] 
New type java.util.LinkedList<java.lang.Object>

[2023-05-13 17:24:36 #20 type.registry] 
New type java.util.LinkedList<domain.Erreserba>

------------------------------------------------------------------------------------------------------------------------

[2023-05-13 19:58:22 #1 store] 
Database 'C:\Users\urtat\OneDrive\Escritorio\V5\Bets21\src\main\resources\bets.temp' is opened by 21844@DESKTOP-4RLGBMM

------------------------------------------------------------------------------------------------------------------------

[2023-05-13 19:58:55 #1 store] 
Database 'C:\Users\urtat\OneDrive\Escritorio\V5\Bets21\src\main\resources\bets.temp' is opened by 22592@DESKTOP-4RLGBMM

[2023-05-13 19:58:55 #2 type.registry] 
New type domain.User

[2023-05-13 19:58:55 #3 type.registry] 
New type domain.Arduraduna

[2023-05-13 19:58:55 #4 type] 
Type domain.User is not enhanced.

[2023-05-13 19:58:55 #5 type] 
Type domain.Arduraduna is not enhanced.

[2023-05-13 19:58:55 #6 type.registry] 
New type domain.Bazkide

[2023-05-13 19:58:55 #7 type] 
Type domain.Bazkide is not enhanced.

[2023-05-13 19:58:55 #8 type.registry] 
New type domain.Erreserba

[2023-05-13 19:58:55 #9 type.registry] 
New type java.util.Vector<domain.Erreserba>

[2023-05-13 19:58:55 #10 type] 
Type domain.Erreserba is not enhanced.

[2023-05-13 19:58:55 #11 type.registry] 
New type domain.Saioa

[2023-05-13 19:58:55 #12 type] 
Type domain.Saioa is not enhanced.

[2023-05-13 19:58:55 #13 type.registry] 
New type domain.Areto

[2023-05-13 19:58:55 #14 type.registry] 
New type domain.Jarduera

[2023-05-13 19:58:55 #15 type] 
Type domain.Areto is not enhanced.

[2023-05-13 19:58:55 #16 type.registry] 
New type java.util.Vector<domain.Saioa>

[2023-05-13 19:58:55 #17 type] 
Type domain.Jarduera is not enhanced.

[2023-05-13 19:58:55 #18 type.registry] 
New type java.util.Vector<java.lang.Object>

[2023-05-13 19:58:55 #19 type.registry] 
New type java.util.LinkedList<java.lang.Object>

[2023-05-13 19:58:55 #20 type.registry] 
New type java.util.LinkedList<domain.Erreserba>

------------------------------------------------------------------------------------------------------------------------

[2023-05-13 20:02:32 #1 store] 
Database 'C:\Users\urtat\OneDrive\Escritorio\V5\Bets21\src\main\resources\bets.temp' has been recovered (tr. 1-9)

[2023-05-13 20:02:32 #2 store] 
Database 'C:\Users\urtat\OneDrive\Escritorio\V5\Bets21\src\main\resources\bets.temp' is opened by 17864@DESKTOP-4RLGBMM

[2023-05-13 20:02:32 #3 type] 
Type domain.User is not enhanced.

[2023-05-13 20:02:32 #4 type] 
Type domain.Arduraduna is not enhanced.

[2023-05-13 20:02:32 #5 type] 
Type domain.Bazkide is not enhanced.

[2023-05-13 20:02:32 #6 type] 
Type domain.Erreserba is not enhanced.

[2023-05-13 20:02:32 #7 type] 
Type domain.Saioa is not enhanced.

[2023-05-13 20:02:32 #8 type] 
Type domain.Areto is not enhanced.

[2023-05-13 20:02:32 #9 type] 
Type domain.Jarduera is not enhanced.

------------------------------------------------------------------------------------------------------------------------

[2023-05-13 20:06:31 #1 store] 
Database 'C:\Users\urtat\OneDrive\Escritorio\V5\Bets21\src\main\resources\bets.temp' has been recovered (tr. 10-10)

[2023-05-13 20:06:31 #2 store] 
Database 'C:\Users\urtat\OneDrive\Escritorio\V5\Bets21\src\main\resources\bets.temp' is opened by 19768@DESKTOP-4RLGBMM

[2023-05-13 20:06:31 #3 type] 
Type domain.User is not enhanced.

[2023-05-13 20:06:31 #4 type] 
Type domain.Arduraduna is not enhanced.

[2023-05-13 20:06:31 #5 type] 
Type domain.Bazkide is not enhanced.

[2023-05-13 20:06:31 #6 type] 
Type domain.Erreserba is not enhanced.

[2023-05-13 20:06:31 #7 type] 
Type domain.Saioa is not enhanced.

[2023-05-13 20:06:31 #8 type] 
Type domain.Areto is not enhanced.

[2023-05-13 20:06:31 #9 type] 
Type domain.Jarduera is not enhanced.

------------------------------------------------------------------------------------------------------------------------

[2023-05-13 20:11:54 #1 store] 
Database 'C:\Users\urtat\OneDrive\Escritorio\V5\Bets21\src\main\resources\bets.temp' is opened by 7936@DESKTOP-4RLGBMM

[2023-05-13 20:11:54 #2 type] 
Type domain.User is not enhanced.

[2023-05-13 20:11:54 #3 type] 
Type domain.Arduraduna is not enhanced.

[2023-05-13 20:11:54 #4 type] 
Type domain.Bazkide is not enhanced.

[2023-05-13 20:11:54 #5 type] 
Type domain.Erreserba is not enhanced.

[2023-05-13 20:11:54 #6 type] 
Type domain.Saioa is not enhanced.

[2023-05-13 20:11:54 #7 type] 
Type domain.Areto is not enhanced.

[2023-05-13 20:11:54 #8 type] 
Type domain.Jarduera is not enhanced.

------------------------------------------------------------------------------------------------------------------------

[2023-05-13 20:17:02 #1 store] 
Database 'C:\Users\urtat\OneDrive\Escritorio\V5\Bets21\src\main\resources\bets.temp' is opened by 14700@DESKTOP-4RLGBMM

[2023-05-13 20:17:02 #2 type] 
Type domain.User is not enhanced.

[2023-05-13 20:17:02 #3 type] 
Type domain.Arduraduna is not enhanced.

[2023-05-13 20:17:02 #4 type] 
Type domain.Bazkide is not enhanced.

[2023-05-13 20:17:02 #5 type] 
Type domain.Erreserba is not enhanced.

[2023-05-13 20:17:02 #6 type] 
Type domain.Saioa is not enhanced.

[2023-05-13 20:17:02 #7 type] 
Type domain.Areto is not enhanced.

[2023-05-13 20:17:02 #8 type] 
Type domain.Jarduera is not enhanced.

------------------------------------------------------------------------------------------------------------------------

[2023-05-13 20:18:48 #1 store] 
Database 'C:\Users\urtat\OneDrive\Escritorio\V5\Bets21\src\main\resources\bets.temp' is opened by 10884@DESKTOP-4RLGBMM

[2023-05-13 20:18:48 #2 type] 
Type domain.User is not enhanced.

[2023-05-13 20:18:48 #3 type] 
Type domain.Arduraduna is not enhanced.

[2023-05-13 20:18:48 #4 type] 
Type domain.Bazkide is not enhanced.

[2023-05-13 20:18:48 #5 type] 
Type domain.Erreserba is not enhanced.

[2023-05-13 20:18:48 #6 type] 
Type domain.Saioa is not enhanced.

[2023-05-13 20:18:48 #7 type] 
Type domain.Areto is not enhanced.

[2023-05-13 20:18:48 #8 type] 
Type domain.Jarduera is not enhanced.

------------------------------------------------------------------------------------------------------------------------

[2023-05-13 20:20:50 #1 store] 
Database 'C:\Users\urtat\OneDrive\Escritorio\V5\Bets21\src\main\resources\bets.temp' is opened by 19268@DESKTOP-4RLGBMM

[2023-05-13 20:20:50 #2 type] 
Type domain.User is not enhanced.

[2023-05-13 20:20:50 #3 type] 
Type domain.Arduraduna is not enhanced.

[2023-05-13 20:20:50 #4 type] 
Type domain.Bazkide is not enhanced.

[2023-05-13 20:20:50 #5 type] 
Type domain.Erreserba is not enhanced.

[2023-05-13 20:20:50 #6 type] 
Type domain.Saioa is not enhanced.

[2023-05-13 20:20:50 #7 type] 
Type domain.Areto is not enhanced.

[2023-05-13 20:20:50 #8 type] 
Type domain.Jarduera is not enhanced.

------------------------------------------------------------------------------------------------------------------------

[2023-05-13 20:26:03 #1 store] 
Database 'C:\Users\urtat\OneDrive\Escritorio\V5\Bets21\src\main\resources\bets.temp' is opened by 14832@DESKTOP-4RLGBMM

[2023-05-13 20:26:03 #2 type] 
Type domain.User is not enhanced.

[2023-05-13 20:26:03 #3 type] 
Type domain.Arduraduna is not enhanced.

[2023-05-13 20:26:03 #4 type] 
Type domain.Bazkide is not enhanced.

[2023-05-13 20:26:03 #5 type] 
Type domain.Erreserba is not enhanced.

[2023-05-13 20:26:03 #6 type] 
Type domain.Saioa is not enhanced.

[2023-05-13 20:26:03 #7 type] 
Type domain.Areto is not enhanced.

[2023-05-13 20:26:03 #8 type] 
Type domain.Jarduera is not enhanced.

------------------------------------------------------------------------------------------------------------------------

[2023-05-13 20:29:44 #1 store] 
Database 'C:\Users\urtat\OneDrive\Escritorio\V5\Bets21\src\main\resources\bets.temp' is opened by 8964@DESKTOP-4RLGBMM

[2023-05-13 20:29:44 #2 type] 
Type domain.User is not enhanced.

[2023-05-13 20:29:44 #3 type] 
Type domain.Arduraduna is not enhanced.

[2023-05-13 20:29:44 #4 type] 
Type domain.Bazkide is not enhanced.

[2023-05-13 20:29:44 #5 type] 
Type domain.Erreserba is not enhanced.

[2023-05-13 20:29:44 #6 type] 
Type domain.Saioa is not enhanced.

[2023-05-13 20:29:44 #7 type] 
Type domain.Areto is not enhanced.

[2023-05-13 20:29:44 #8 type] 
Type domain.Jarduera is not enhanced.

------------------------------------------------------------------------------------------------------------------------

[2023-05-13 20:34:07 #1 store] 
Database 'C:\Users\urtat\OneDrive\Escritorio\V5\Bets21\src\main\resources\bets.temp' is opened by 9364@DESKTOP-4RLGBMM

[2023-05-13 20:34:07 #2 type] 
Type domain.User is not enhanced.

[2023-05-13 20:34:07 #3 type] 
Type domain.Arduraduna is not enhanced.

[2023-05-13 20:34:07 #4 type] 
Type domain.Bazkide is not enhanced.

[2023-05-13 20:34:07 #5 type] 
Type domain.Erreserba is not enhanced.

[2023-05-13 20:34:07 #6 type] 
Type domain.Saioa is not enhanced.

[2023-05-13 20:34:07 #7 type] 
Type domain.Areto is not enhanced.

[2023-05-13 20:34:07 #8 type] 
Type domain.Jarduera is not enhanced.

------------------------------------------------------------------------------------------------------------------------

[2023-05-13 20:39:33 #1 store] 
Database 'C:\Users\urtat\OneDrive\Escritorio\V5\Bets21\src\main\resources\bets.temp' is opened by 13484@DESKTOP-4RLGBMM

[2023-05-13 20:39:33 #2 type] 
Type domain.User is not enhanced.

[2023-05-13 20:39:33 #3 type] 
Type domain.Arduraduna is not enhanced.

[2023-05-13 20:39:33 #4 type] 
Type domain.Bazkide is not enhanced.

[2023-05-13 20:39:33 #5 type] 
Type domain.Erreserba is not enhanced.

[2023-05-13 20:39:33 #6 type] 
Type domain.Saioa is not enhanced.

[2023-05-13 20:39:33 #7 type] 
Type domain.Areto is not enhanced.

[2023-05-13 20:39:33 #8 type] 
Type domain.Jarduera is not enhanced.

------------------------------------------------------------------------------------------------------------------------

[2023-05-13 20:40:32 #1 store] 
Database 'C:\Users\urtat\OneDrive\Escritorio\V5\Bets21\src\main\resources\bets.temp' is opened by 14740@DESKTOP-4RLGBMM

[2023-05-13 20:40:32 #2 type] 
Type domain.User is not enhanced.

[2023-05-13 20:40:32 #3 type] 
Type domain.Arduraduna is not enhanced.

[2023-05-13 20:40:32 #4 type] 
Type domain.Bazkide is not enhanced.

[2023-05-13 20:40:32 #5 type] 
Type domain.Erreserba is not enhanced.

[2023-05-13 20:40:32 #6 type] 
Type domain.Saioa is not enhanced.

[2023-05-13 20:40:32 #7 type] 
Type domain.Areto is not enhanced.

[2023-05-13 20:40:32 #8 type] 
Type domain.Jarduera is not enhanced.

------------------------------------------------------------------------------------------------------------------------

[2023-05-13 20:41:12 #1 store] 
Database 'C:\Users\urtat\OneDrive\Escritorio\V5\Bets21\src\main\resources\bets.temp' is opened by 19080@DESKTOP-4RLGBMM

[2023-05-13 20:41:12 #2 type] 
Type domain.User is not enhanced.

[2023-05-13 20:41:12 #3 type] 
Type domain.Arduraduna is not enhanced.

[2023-05-13 20:41:12 #4 type] 
Type domain.Bazkide is not enhanced.

[2023-05-13 20:41:12 #5 type] 
Type domain.Erreserba is not enhanced.

[2023-05-13 20:41:12 #6 type] 
Type domain.Saioa is not enhanced.

[2023-05-13 20:41:12 #7 type] 
Type domain.Areto is not enhanced.

[2023-05-13 20:41:12 #8 type] 
Type domain.Jarduera is not enhanced.

------------------------------------------------------------------------------------------------------------------------

[2023-05-13 20:43:11 #1 store] 
Database 'C:\Users\urtat\OneDrive\Escritorio\V5\Bets21\src\main\resources\bets.temp' is opened by 21220@DESKTOP-4RLGBMM

[2023-05-13 20:43:11 #2 type] 
Type domain.User is not enhanced.

[2023-05-13 20:43:11 #3 type] 
Type domain.Arduraduna is not enhanced.

[2023-05-13 20:43:11 #4 type] 
Type domain.Bazkide is not enhanced.

[2023-05-13 20:43:11 #5 type] 
Type domain.Erreserba is not enhanced.

[2023-05-13 20:43:11 #6 type] 
Type domain.Saioa is not enhanced.

[2023-05-13 20:43:11 #7 type] 
Type domain.Areto is not enhanced.

[2023-05-13 20:43:11 #8 type] 
Type domain.Jarduera is not enhanced.

------------------------------------------------------------------------------------------------------------------------

[2023-05-13 20:44:13 #1 store] 
Database 'C:\Users\urtat\OneDrive\Escritorio\V5\Bets21\src\main\resources\bets.temp' is opened by 20164@DESKTOP-4RLGBMM

[2023-05-13 20:44:13 #2 type] 
Type domain.User is not enhanced.

[2023-05-13 20:44:13 #3 type] 
Type domain.Arduraduna is not enhanced.

[2023-05-13 20:44:13 #4 type] 
Type domain.Bazkide is not enhanced.

[2023-05-13 20:44:13 #5 type] 
Type domain.Erreserba is not enhanced.

[2023-05-13 20:44:13 #6 type] 
Type domain.Saioa is not enhanced.

[2023-05-13 20:44:13 #7 type] 
Type domain.Areto is not enhanced.

[2023-05-13 20:44:13 #8 type] 
Type domain.Jarduera is not enhanced.

------------------------------------------------------------------------------------------------------------------------

[2023-05-13 22:32:16 #1 store] 
Database 'C:\Users\urtat\OneDrive\Escritorio\V5\Bets21\src\main\resources\bets.temp' is opened by 12596@DESKTOP-4RLGBMM

[2023-05-13 22:32:16 #2 type] 
Type domain.User is not enhanced.

[2023-05-13 22:32:16 #3 type] 
Type domain.Arduraduna is not enhanced.

[2023-05-13 22:32:16 #4 type] 
Type domain.Bazkide is not enhanced.

[2023-05-13 22:32:16 #5 type] 
Type domain.Erreserba is not enhanced.

[2023-05-13 22:32:16 #6 type] 
Type domain.Saioa is not enhanced.

[2023-05-13 22:32:16 #7 type] 
Type domain.Areto is not enhanced.

[2023-05-13 22:32:16 #8 type] 
Type domain.Jarduera is not enhanced.

------------------------------------------------------------------------------------------------------------------------

[2023-05-13 22:33:10 #1 store] 
Database 'C:\Users\urtat\OneDrive\Escritorio\V5\Bets21\src\main\resources\bets.temp' is opened by 4896@DESKTOP-4RLGBMM

[2023-05-13 22:33:10 #2 type] 
Type domain.User is not enhanced.

[2023-05-13 22:33:10 #3 type] 
Type domain.Arduraduna is not enhanced.

[2023-05-13 22:33:10 #4 type] 
Type domain.Bazkide is not enhanced.

[2023-05-13 22:33:10 #5 type] 
Type domain.Erreserba is not enhanced.

[2023-05-13 22:33:10 #6 type] 
Type domain.Saioa is not enhanced.

[2023-05-13 22:33:10 #7 type] 
Type domain.Areto is not enhanced.

[2023-05-13 22:33:10 #8 type] 
Type domain.Jarduera is not enhanced.

------------------------------------------------------------------------------------------------------------------------

[2023-05-13 22:34:14 #1 store] 
Database 'C:\Users\urtat\OneDrive\Escritorio\V5\Bets21\src\main\resources\bets.temp' is opened by 4340@DESKTOP-4RLGBMM

[2023-05-13 22:34:14 #2 type.registry] 
New type domain.User

[2023-05-13 22:34:14 #3 type.registry] 
New type domain.Arduraduna

[2023-05-13 22:34:14 #4 type] 
Type domain.User is not enhanced.

[2023-05-13 22:34:14 #5 type] 
Type domain.Arduraduna is not enhanced.

[2023-05-13 22:34:14 #6 type.registry] 
New type domain.Bazkide

[2023-05-13 22:34:14 #7 type] 
Type domain.Bazkide is not enhanced.

[2023-05-13 22:34:14 #8 type.registry] 
New type domain.Erreserba

[2023-05-13 22:34:14 #9 type.registry] 
New type java.util.Vector<domain.Erreserba>

[2023-05-13 22:34:14 #10 type] 
Type domain.Erreserba is not enhanced.

[2023-05-13 22:34:14 #11 type.registry] 
New type domain.Saioa

[2023-05-13 22:34:14 #12 type] 
Type domain.Saioa is not enhanced.

[2023-05-13 22:34:14 #13 type.registry] 
New type domain.Areto

[2023-05-13 22:34:14 #14 type.registry] 
New type domain.Jarduera

[2023-05-13 22:34:14 #15 type] 
Type domain.Areto is not enhanced.

[2023-05-13 22:34:14 #16 type.registry] 
New type java.util.Vector<domain.Saioa>

[2023-05-13 22:34:14 #17 type] 
Type domain.Jarduera is not enhanced.

[2023-05-13 22:34:14 #18 type.registry] 
New type java.util.Vector<java.lang.Object>

[2023-05-13 22:34:14 #19 type.registry] 
New type java.util.LinkedList<java.lang.Object>

[2023-05-13 22:34:14 #20 type.registry] 
New type java.util.LinkedList<domain.Erreserba>

------------------------------------------------------------------------------------------------------------------------

[2023-05-13 22:35:06 #1 store] 
Database 'C:\Users\urtat\OneDrive\Escritorio\V5\Bets21\src\main\resources\bets.temp' is opened by 22784@DESKTOP-4RLGBMM

[2023-05-13 22:35:06 #2 type.registry] 
New type domain.User

[2023-05-13 22:35:06 #3 type.registry] 
New type domain.Arduraduna

[2023-05-13 22:35:06 #4 type] 
Type domain.User is not enhanced.

[2023-05-13 22:35:06 #5 type] 
Type domain.Arduraduna is not enhanced.

[2023-05-13 22:35:06 #6 type.registry] 
New type domain.Bazkide

[2023-05-13 22:35:06 #7 type] 
Type domain.Bazkide is not enhanced.

[2023-05-13 22:35:06 #8 type.registry] 
New type domain.Erreserba

[2023-05-13 22:35:06 #9 type.registry] 
New type java.util.Vector<domain.Erreserba>

[2023-05-13 22:35:06 #10 type] 
Type domain.Erreserba is not enhanced.

[2023-05-13 22:35:06 #11 type.registry] 
New type domain.Saioa

[2023-05-13 22:35:06 #12 type] 
Type domain.Saioa is not enhanced.

[2023-05-13 22:35:06 #13 type.registry] 
New type domain.Areto

[2023-05-13 22:35:06 #14 type.registry] 
New type domain.Jarduera

[2023-05-13 22:35:06 #15 type] 
Type domain.Areto is not enhanced.

[2023-05-13 22:35:06 #16 type.registry] 
New type java.util.Vector<domain.Saioa>

[2023-05-13 22:35:06 #17 type] 
Type domain.Jarduera is not enhanced.

[2023-05-13 22:35:06 #18 type.registry] 
New type java.util.Vector<java.lang.Object>

[2023-05-13 22:35:06 #19 type.registry] 
New type java.util.LinkedList<java.lang.Object>

[2023-05-13 22:35:06 #20 type.registry] 
New type java.util.LinkedList<domain.Erreserba>

------------------------------------------------------------------------------------------------------------------------

[2023-05-13 22:37:00 #1 store] 
Database 'C:\Users\urtat\OneDrive\Escritorio\V5\Bets21\src\main\resources\bets.temp' is opened by 10760@DESKTOP-4RLGBMM

[2023-05-13 22:37:00 #2 type.registry] 
New type domain.User

[2023-05-13 22:37:00 #3 type.registry] 
New type domain.Arduraduna

[2023-05-13 22:37:00 #4 type] 
Type domain.User is not enhanced.

[2023-05-13 22:37:00 #5 type] 
Type domain.Arduraduna is not enhanced.

[2023-05-13 22:37:00 #6 type.registry] 
New type domain.Bazkide

[2023-05-13 22:37:00 #7 type] 
Type domain.Bazkide is not enhanced.

[2023-05-13 22:37:00 #8 type.registry] 
New type domain.Erreserba

[2023-05-13 22:37:00 #9 type.registry] 
New type java.util.Vector<domain.Erreserba>

[2023-05-13 22:37:00 #10 type] 
Type domain.Erreserba is not enhanced.

[2023-05-13 22:37:00 #11 type.registry] 
New type domain.Saioa

[2023-05-13 22:37:00 #12 type] 
Type domain.Saioa is not enhanced.

[2023-05-13 22:37:00 #13 type.registry] 
New type domain.Areto

[2023-05-13 22:37:00 #14 type.registry] 
New type domain.Jarduera

[2023-05-13 22:37:00 #15 type] 
Type domain.Areto is not enhanced.

[2023-05-13 22:37:00 #16 type.registry] 
New type java.util.Vector<domain.Saioa>

[2023-05-13 22:37:00 #17 type] 
Type domain.Jarduera is not enhanced.

[2023-05-13 22:37:00 #18 type.registry] 
New type java.util.Vector<java.lang.Object>

[2023-05-13 22:37:00 #19 type.registry] 
New type java.util.LinkedList<java.lang.Object>

[2023-05-13 22:37:00 #20 type.registry] 
New type java.util.LinkedList<domain.Erreserba>

------------------------------------------------------------------------------------------------------------------------

[2023-05-13 22:40:28 #1 store] 
Database 'C:\Users\urtat\OneDrive\Escritorio\V5\Bets21\src\main\resources\bets.temp' is opened by 4648@DESKTOP-4RLGBMM

[2023-05-13 22:40:28 #2 type.registry] 
New type domain.User

[2023-05-13 22:40:28 #3 type.registry] 
New type domain.Arduraduna

[2023-05-13 22:40:28 #4 type] 
Type domain.User is not enhanced.

[2023-05-13 22:40:28 #5 type] 
Type domain.Arduraduna is not enhanced.

[2023-05-13 22:40:28 #6 type.registry] 
New type domain.Bazkide

[2023-05-13 22:40:28 #7 type] 
Type domain.Bazkide is not enhanced.

[2023-05-13 22:40:28 #8 type.registry] 
New type domain.Erreserba

[2023-05-13 22:40:28 #9 type.registry] 
New type java.util.Vector<domain.Erreserba>

[2023-05-13 22:40:28 #10 type] 
Type domain.Erreserba is not enhanced.

[2023-05-13 22:40:28 #11 type.registry] 
New type domain.Saioa

[2023-05-13 22:40:28 #12 type] 
Type domain.Saioa is not enhanced.

[2023-05-13 22:40:28 #13 type.registry] 
New type domain.Areto

[2023-05-13 22:40:28 #14 type.registry] 
New type domain.Jarduera

[2023-05-13 22:40:28 #15 type] 
Type domain.Areto is not enhanced.

[2023-05-13 22:40:28 #16 type.registry] 
New type java.util.Vector<domain.Saioa>

[2023-05-13 22:40:28 #17 type] 
Type domain.Jarduera is not enhanced.

[2023-05-13 22:40:28 #18 type.registry] 
New type java.util.Vector<java.lang.Object>

[2023-05-13 22:40:28 #19 type.registry] 
New type java.util.LinkedList<java.lang.Object>

[2023-05-13 22:40:28 #20 type.registry] 
New type java.util.LinkedList<domain.Erreserba>

------------------------------------------------------------------------------------------------------------------------

[2023-05-13 22:42:52 #1 store] 
Database 'C:\Users\urtat\OneDrive\Escritorio\V5\Bets21\src\main\resources\bets.temp' is opened by 22488@DESKTOP-4RLGBMM

[2023-05-13 22:42:52 #2 type.registry] 
New type domain.User

[2023-05-13 22:42:52 #3 type.registry] 
New type domain.Arduraduna

[2023-05-13 22:42:52 #4 type] 
Type domain.User is not enhanced.

[2023-05-13 22:42:52 #5 type] 
Type domain.Arduraduna is not enhanced.

[2023-05-13 22:42:52 #6 type.registry] 
New type domain.Bazkide

[2023-05-13 22:42:52 #7 type] 
Type domain.Bazkide is not enhanced.

[2023-05-13 22:42:52 #8 type.registry] 
New type domain.Erreserba

[2023-05-13 22:42:52 #9 type.registry] 
New type java.util.Vector<domain.Erreserba>

[2023-05-13 22:42:52 #10 type] 
Type domain.Erreserba is not enhanced.

[2023-05-13 22:42:52 #11 type.registry] 
New type domain.Saioa

[2023-05-13 22:42:52 #12 type] 
Type domain.Saioa is not enhanced.

[2023-05-13 22:42:52 #13 type.registry] 
New type domain.Areto

[2023-05-13 22:42:52 #14 type.registry] 
New type domain.Jarduera

[2023-05-13 22:42:52 #15 type] 
Type domain.Areto is not enhanced.

[2023-05-13 22:42:52 #16 type.registry] 
New type java.util.Vector<domain.Saioa>

[2023-05-13 22:42:52 #17 type] 
Type domain.Jarduera is not enhanced.

[2023-05-13 22:42:52 #18 type.registry] 
New type java.util.Vector<java.lang.Object>

[2023-05-13 22:42:52 #19 type.registry] 
New type java.util.LinkedList<java.lang.Object>

[2023-05-13 22:42:52 #20 type.registry] 
New type java.util.LinkedList<domain.Erreserba>

------------------------------------------------------------------------------------------------------------------------

[2023-05-13 22:44:03 #1 store] 
Database 'C:\Users\urtat\OneDrive\Escritorio\V5\Bets21\src\main\resources\bets.temp' is opened by 21088@DESKTOP-4RLGBMM

[2023-05-13 22:44:03 #2 type.registry] 
New type domain.User

[2023-05-13 22:44:03 #3 type.registry] 
New type domain.Arduraduna

[2023-05-13 22:44:03 #4 type] 
Type domain.User is not enhanced.

[2023-05-13 22:44:03 #5 type] 
Type domain.Arduraduna is not enhanced.

[2023-05-13 22:44:03 #6 type.registry] 
New type domain.Bazkide

[2023-05-13 22:44:03 #7 type] 
Type domain.Bazkide is not enhanced.

[2023-05-13 22:44:03 #8 type.registry] 
New type domain.Erreserba

[2023-05-13 22:44:03 #9 type.registry] 
New type java.util.Vector<domain.Erreserba>

[2023-05-13 22:44:03 #10 type] 
Type domain.Erreserba is not enhanced.

[2023-05-13 22:44:03 #11 type.registry] 
New type domain.Saioa

[2023-05-13 22:44:03 #12 type] 
Type domain.Saioa is not enhanced.

[2023-05-13 22:44:03 #13 type.registry] 
New type domain.Areto

[2023-05-13 22:44:03 #14 type.registry] 
New type domain.Jarduera

[2023-05-13 22:44:03 #15 type] 
Type domain.Areto is not enhanced.

[2023-05-13 22:44:03 #16 type.registry] 
New type java.util.Vector<domain.Saioa>

[2023-05-13 22:44:03 #17 type] 
Type domain.Jarduera is not enhanced.

[2023-05-13 22:44:03 #18 type.registry] 
New type java.util.Vector<java.lang.Object>

[2023-05-13 22:44:03 #19 type.registry] 
New type java.util.LinkedList<java.lang.Object>

[2023-05-13 22:44:03 #20 type.registry] 
New type java.util.LinkedList<domain.Erreserba>

------------------------------------------------------------------------------------------------------------------------

[2023-05-13 22:50:40 #1 store] 
Database 'C:\Users\urtat\OneDrive\Escritorio\V5\Bets21\src\main\resources\bets.temp' is opened by 14304@DESKTOP-4RLGBMM

[2023-05-13 22:50:40 #2 type.registry] 
New type domain.User

[2023-05-13 22:50:40 #3 type.registry] 
New type domain.Arduraduna

[2023-05-13 22:50:40 #4 type] 
Type domain.User is not enhanced.

[2023-05-13 22:50:40 #5 type] 
Type domain.Arduraduna is not enhanced.

[2023-05-13 22:50:40 #6 type.registry] 
New type domain.Bazkide

[2023-05-13 22:50:40 #7 type] 
Type domain.Bazkide is not enhanced.

[2023-05-13 22:50:40 #8 type.registry] 
New type domain.Erreserba

[2023-05-13 22:50:40 #9 type.registry] 
New type java.util.Vector<domain.Erreserba>

[2023-05-13 22:50:40 #10 type] 
Type domain.Erreserba is not enhanced.

[2023-05-13 22:50:40 #11 type.registry] 
New type domain.Saioa

[2023-05-13 22:50:40 #12 type] 
Type domain.Saioa is not enhanced.

[2023-05-13 22:50:40 #13 type.registry] 
New type domain.Areto

[2023-05-13 22:50:40 #14 type.registry] 
New type domain.Jarduera

[2023-05-13 22:50:40 #15 type] 
Type domain.Areto is not enhanced.

[2023-05-13 22:50:40 #16 type.registry] 
New type java.util.Vector<domain.Saioa>

[2023-05-13 22:50:40 #17 type] 
Type domain.Jarduera is not enhanced.

[2023-05-13 22:50:40 #18 type.registry] 
New type java.util.Vector<java.lang.Object>

[2023-05-13 22:50:40 #19 type.registry] 
New type java.util.LinkedList<java.lang.Object>

[2023-05-13 22:50:40 #20 type.registry] 
New type java.util.LinkedList<domain.Erreserba>

------------------------------------------------------------------------------------------------------------------------

[2023-05-13 22:57:37 #1 store] 
Database 'C:\Users\urtat\OneDrive\Escritorio\V5\Bets21\src\main\resources\bets.temp' is opened by 10608@DESKTOP-4RLGBMM

[2023-05-13 22:57:37 #2 type.registry] 
New type domain.User

[2023-05-13 22:57:37 #3 type.registry] 
New type domain.Arduraduna

[2023-05-13 22:57:37 #4 type] 
Type domain.User is not enhanced.

[2023-05-13 22:57:37 #5 type] 
Type domain.Arduraduna is not enhanced.

[2023-05-13 22:57:37 #6 type.registry] 
New type domain.Bazkide

[2023-05-13 22:57:37 #7 type] 
Type domain.Bazkide is not enhanced.

[2023-05-13 22:57:37 #8 type.registry] 
New type domain.Erreserba

[2023-05-13 22:57:37 #9 type.registry] 
New type java.util.Vector<domain.Erreserba>

[2023-05-13 22:57:37 #10 type] 
Type domain.Erreserba is not enhanced.

[2023-05-13 22:57:37 #11 type.registry] 
New type domain.Saioa

[2023-05-13 22:57:37 #12 type] 
Type domain.Saioa is not enhanced.

[2023-05-13 22:57:37 #13 type.registry] 
New type domain.Areto

[2023-05-13 22:57:37 #14 type.registry] 
New type domain.Jarduera

[2023-05-13 22:57:37 #15 type] 
Type domain.Areto is not enhanced.

[2023-05-13 22:57:37 #16 type.registry] 
New type java.util.Vector<domain.Saioa>

[2023-05-13 22:57:37 #17 type] 
Type domain.Jarduera is not enhanced.

[2023-05-13 22:57:37 #18 type.registry] 
New type java.util.Vector<java.lang.Object>

[2023-05-13 22:57:37 #19 type.registry] 
New type java.util.LinkedList<java.lang.Object>

[2023-05-13 22:57:37 #20 type.registry] 
New type java.util.LinkedList<domain.Erreserba>

------------------------------------------------------------------------------------------------------------------------

[2023-05-13 22:59:02 #1 store] 
Database 'C:\Users\urtat\OneDrive\Escritorio\V5\Bets21\src\main\resources\bets.temp' is opened by 22548@DESKTOP-4RLGBMM

[2023-05-13 22:59:02 #2 type.registry] 
New type domain.User

[2023-05-13 22:59:02 #3 type.registry] 
New type domain.Arduraduna

[2023-05-13 22:59:02 #4 type] 
Type domain.User is not enhanced.

[2023-05-13 22:59:02 #5 type] 
Type domain.Arduraduna is not enhanced.

[2023-05-13 22:59:02 #6 type.registry] 
New type domain.Bazkide

[2023-05-13 22:59:02 #7 type] 
Type domain.Bazkide is not enhanced.

[2023-05-13 22:59:03 #8 type.registry] 
New type domain.Erreserba

[2023-05-13 22:59:03 #9 type.registry] 
New type java.util.Vector<domain.Erreserba>

[2023-05-13 22:59:03 #10 type] 
Type domain.Erreserba is not enhanced.

[2023-05-13 22:59:03 #11 type.registry] 
New type domain.Saioa

[2023-05-13 22:59:03 #12 type] 
Type domain.Saioa is not enhanced.

[2023-05-13 22:59:03 #13 type.registry] 
New type domain.Areto

[2023-05-13 22:59:03 #14 type.registry] 
New type domain.Jarduera

[2023-05-13 22:59:03 #15 type] 
Type domain.Areto is not enhanced.

[2023-05-13 22:59:03 #16 type.registry] 
New type java.util.Vector<domain.Saioa>

[2023-05-13 22:59:03 #17 type] 
Type domain.Jarduera is not enhanced.

[2023-05-13 22:59:03 #18 type.registry] 
New type java.util.Vector<java.lang.Object>

[2023-05-13 22:59:03 #19 type.registry] 
New type java.util.LinkedList<java.lang.Object>

[2023-05-13 22:59:03 #20 type.registry] 
New type java.util.LinkedList<domain.Erreserba>

