------------------------------------------------------------------------------------------------------------------------

[2023-04-30 16:12:03 #1 store] 
Database 'C:\Users\urtat\git\Bets21\src\main\resources\bets.temp' is opened by 12920@DESKTOP-HFKTUSK

[2023-04-30 16:12:03 #2 type.registry] 
New type domain.Question

[2023-04-30 16:12:03 #3 type] 
Type domain.Question is not enhanced.

[2023-04-30 16:12:03 #4 type.registry] 
New type domain.Event

[2023-04-30 16:12:03 #5 type] 
Type domain.Event is not enhanced.

[2023-04-30 16:12:03 #6 type.registry] 
New type java.util.Vector<domain.Question>

[2023-04-30 16:12:03 #7 type.registry] 
New type java.util.Vector<java.lang.Object>

------------------------------------------------------------------------------------------------------------------------

[2023-04-30 18:19:55 #1 store] 
Database 'C:\Users\urtat\git\Bets21\src\main\resources\bets.temp' is opened by 23164@DESKTOP-HFKTUSK

[2023-04-30 18:19:55 #2 type.registry] 
New type domain.Question

[2023-04-30 18:19:55 #3 type] 
Type domain.Question is not enhanced.

[2023-04-30 18:19:55 #4 type.registry] 
New type domain.Event

[2023-04-30 18:19:55 #5 type] 
Type domain.Event is not enhanced.

[2023-04-30 18:19:55 #6 type.registry] 
New type java.util.Vector<domain.Question>

[2023-04-30 18:19:55 #7 type.registry] 
New type java.util.Vector<java.lang.Object>

------------------------------------------------------------------------------------------------------------------------

[2023-04-30 18:21:01 #1 store] 
Database 'C:\Users\urtat\git\Bets21\src\main\resources\bets.temp' is opened by 15820@DESKTOP-HFKTUSK

[2023-04-30 18:21:01 #2 type.registry] 
New type domain.Question

[2023-04-30 18:21:01 #3 type] 
Type domain.Question is not enhanced.

[2023-04-30 18:21:01 #4 type.registry] 
New type domain.Event

[2023-04-30 18:21:01 #5 type] 
Type domain.Event is not enhanced.

[2023-04-30 18:21:01 #6 type.registry] 
New type java.util.Vector<domain.Question>

[2023-04-30 18:21:01 #7 type.registry] 
New type java.util.Vector<java.lang.Object>

------------------------------------------------------------------------------------------------------------------------

[2023-04-30 18:23:12 #1 store] 
Database 'C:\Users\urtat\git\Bets21\src\main\resources\bets.temp' is opened by 1448@DESKTOP-HFKTUSK

[2023-04-30 18:23:13 #2 type.registry] 
New type domain.Question

[2023-04-30 18:23:13 #3 type] 
Type domain.Question is not enhanced.

[2023-04-30 18:23:13 #4 type.registry] 
New type domain.Event

[2023-04-30 18:23:13 #5 type] 
Type domain.Event is not enhanced.

[2023-04-30 18:23:13 #6 type.registry] 
New type java.util.Vector<domain.Question>

[2023-04-30 18:23:13 #7 type.registry] 
New type java.util.Vector<java.lang.Object>

------------------------------------------------------------------------------------------------------------------------

[2023-04-30 18:23:42 #1 store] 
Database 'C:\Users\urtat\git\Bets21\src\main\resources\bets.temp' is opened by 16896@DESKTOP-HFKTUSK

[2023-04-30 18:23:42 #2 type.registry] 
New type domain.Question

[2023-04-30 18:23:42 #3 type] 
Type domain.Question is not enhanced.

[2023-04-30 18:23:42 #4 type.registry] 
New type domain.Event

[2023-04-30 18:23:42 #5 type] 
Type domain.Event is not enhanced.

[2023-04-30 18:23:42 #6 type.registry] 
New type java.util.Vector<domain.Question>

[2023-04-30 18:23:42 #7 type.registry] 
New type java.util.Vector<java.lang.Object>

------------------------------------------------------------------------------------------------------------------------

[2023-04-30 18:24:02 #1 store] 
Database 'C:\Users\urtat\git\Bets21\src\main\resources\bets.temp' is opened by 9764@DESKTOP-HFKTUSK

[2023-04-30 18:24:02 #2 type.registry] 
New type domain.Question

[2023-04-30 18:24:02 #3 type] 
Type domain.Question is not enhanced.

[2023-04-30 18:24:02 #4 type.registry] 
New type domain.Event

[2023-04-30 18:24:02 #5 type] 
Type domain.Event is not enhanced.

[2023-04-30 18:24:02 #6 type.registry] 
New type java.util.Vector<domain.Question>

[2023-04-30 18:24:02 #7 type.registry] 
New type java.util.Vector<java.lang.Object>

------------------------------------------------------------------------------------------------------------------------

[2023-04-30 18:25:17 #1 store] 
Database 'C:\Users\urtat\git\Bets21\src\main\resources\bets.temp' is opened by 5272@DESKTOP-HFKTUSK

[2023-04-30 18:25:17 #2 type.registry] 
New type domain.Question

[2023-04-30 18:25:17 #3 type] 
Type domain.Question is not enhanced.

[2023-04-30 18:25:17 #4 type.registry] 
New type domain.Event

[2023-04-30 18:25:17 #5 type] 
Type domain.Event is not enhanced.

[2023-04-30 18:25:17 #6 type.registry] 
New type java.util.Vector<domain.Question>

[2023-04-30 18:25:17 #7 type.registry] 
New type java.util.Vector<java.lang.Object>

[2023-04-30 18:25:30 #8 type.registry] 
New type domain.User

------------------------------------------------------------------------------------------------------------------------

[2023-04-30 18:26:41 #1 store] 
Database 'C:\Users\urtat\git\Bets21\src\main\resources\bets.temp' is opened by 8312@DESKTOP-HFKTUSK

[2023-04-30 18:26:41 #2 type.registry] 
New type domain.Question

[2023-04-30 18:26:41 #3 type] 
Type domain.Question is not enhanced.

[2023-04-30 18:26:41 #4 type.registry] 
New type domain.Event

[2023-04-30 18:26:41 #5 type] 
Type domain.Event is not enhanced.

[2023-04-30 18:26:41 #6 type.registry] 
New type java.util.Vector<domain.Question>

[2023-04-30 18:26:41 #7 type.registry] 
New type java.util.Vector<java.lang.Object>

[2023-04-30 18:27:02 #8 type.registry] 
New type domain.User

------------------------------------------------------------------------------------------------------------------------

[2023-04-30 18:38:41 #1 store] 
Database 'C:\Users\urtat\git\Bets21\src\main\resources\bets.temp' is opened by 21864@DESKTOP-HFKTUSK

[2023-04-30 18:38:41 #2 type.registry] 
New type domain.Question

[2023-04-30 18:38:41 #3 type] 
Type domain.Question is not enhanced.

[2023-04-30 18:38:41 #4 type.registry] 
New type domain.Event

[2023-04-30 18:38:41 #5 type] 
Type domain.Event is not enhanced.

[2023-04-30 18:38:41 #6 type.registry] 
New type java.util.Vector<domain.Question>

[2023-04-30 18:38:41 #7 type.registry] 
New type java.util.Vector<java.lang.Object>

[2023-04-30 18:38:52 #8 type.registry] 
New type domain.User

[2023-04-30 18:38:52 #9 type] 
Type domain.User is not enhanced.

[2023-04-30 18:38:52 #10 type.registry] 
New type domain.Bazkide

[2023-04-30 18:38:52 #11 type] 
Type domain.Bazkide is not enhanced.

[2023-04-30 18:38:52 #12 type.registry] 
New type domain.Erreserba

[2023-04-30 18:38:52 #13 type.registry] 
New type java.util.Vector<domain.Erreserba>

------------------------------------------------------------------------------------------------------------------------

[2023-04-30 18:43:26 #1 store] 
Database 'C:\Users\urtat\git\Bets21\src\main\resources\bets.temp' is opened by 1224@DESKTOP-HFKTUSK

[2023-04-30 18:43:26 #2 type.registry] 
New type domain.Question

[2023-04-30 18:43:26 #3 type] 
Type domain.Question is not enhanced.

[2023-04-30 18:43:26 #4 type.registry] 
New type domain.Event

[2023-04-30 18:43:26 #5 type] 
Type domain.Event is not enhanced.

[2023-04-30 18:43:26 #6 type.registry] 
New type java.util.Vector<domain.Question>

[2023-04-30 18:43:26 #7 type.registry] 
New type java.util.Vector<java.lang.Object>

[2023-04-30 18:43:29 #8 type.registry] 
New type domain.User

[2023-04-30 18:43:29 #9 type] 
Type domain.User is not enhanced.

[2023-04-30 18:43:29 #10 type.registry] 
New type domain.Bazkide

[2023-04-30 18:43:29 #11 type] 
Type domain.Bazkide is not enhanced.

[2023-04-30 18:43:29 #12 type.registry] 
New type domain.Erreserba

[2023-04-30 18:43:29 #13 type.registry] 
New type java.util.Vector<domain.Erreserba>

------------------------------------------------------------------------------------------------------------------------

[2023-04-30 18:44:29 #1 store] 
Database 'C:\Users\urtat\git\Bets21\src\main\resources\bets.temp' is opened by 19248@DESKTOP-HFKTUSK

[2023-04-30 18:44:29 #2 type.registry] 
New type domain.Question

[2023-04-30 18:44:29 #3 type] 
Type domain.Question is not enhanced.

[2023-04-30 18:44:29 #4 type.registry] 
New type domain.Event

[2023-04-30 18:44:29 #5 type] 
Type domain.Event is not enhanced.

[2023-04-30 18:44:29 #6 type.registry] 
New type java.util.Vector<domain.Question>

[2023-04-30 18:44:29 #7 type.registry] 
New type java.util.Vector<java.lang.Object>

[2023-04-30 18:44:39 #8 type.registry] 
New type domain.User

[2023-04-30 18:44:39 #9 type] 
Type domain.User is not enhanced.

[2023-04-30 18:44:39 #10 type.registry] 
New type domain.Bazkide

[2023-04-30 18:44:39 #11 type] 
Type domain.Bazkide is not enhanced.

[2023-04-30 18:44:39 #12 type.registry] 
New type domain.Erreserba

[2023-04-30 18:44:39 #13 type.registry] 
New type java.util.Vector<domain.Erreserba>

------------------------------------------------------------------------------------------------------------------------

[2023-04-30 18:45:25 #1 store] 
Database 'C:\Users\urtat\git\Bets21\src\main\resources\bets.temp' is opened by 10348@DESKTOP-HFKTUSK

[2023-04-30 18:45:26 #2 type.registry] 
New type domain.Question

[2023-04-30 18:45:26 #3 type] 
Type domain.Question is not enhanced.

[2023-04-30 18:45:26 #4 type.registry] 
New type domain.Event

[2023-04-30 18:45:26 #5 type] 
Type domain.Event is not enhanced.

[2023-04-30 18:45:26 #6 type.registry] 
New type java.util.Vector<domain.Question>

[2023-04-30 18:45:26 #7 type.registry] 
New type java.util.Vector<java.lang.Object>

[2023-04-30 18:45:31 #8 type.registry] 
New type domain.User

[2023-04-30 18:45:31 #9 type] 
Type domain.User is not enhanced.

[2023-04-30 18:45:31 #10 type.registry] 
New type domain.Bazkide

[2023-04-30 18:45:31 #11 type] 
Type domain.Bazkide is not enhanced.

[2023-04-30 18:45:31 #12 type.registry] 
New type domain.Erreserba

[2023-04-30 18:45:31 #13 type.registry] 
New type java.util.Vector<domain.Erreserba>

