------------------------------------------------------------------------------------------------------------------------

[2023-05-04 09:34:40 #1 store] 
Database 'C:\Users\urtat\Downloads\Bets21\src\main\resources\bets.temp' is opened by 16188@DESKTOP-HFKTUSK

[2023-05-04 09:34:40 #2 type.registry] 
New type domain.User

[2023-05-04 09:34:40 #3 type.registry] 
New type domain.Arduraduna

[2023-05-04 09:34:40 #4 type] 
Type domain.User is not enhanced.

[2023-05-04 09:34:40 #5 type] 
Type domain.Arduraduna is not enhanced.

[2023-05-04 09:34:40 #6 type.registry] 
New type domain.Jarduera

[2023-05-04 09:34:40 #7 type] 
Type domain.Jarduera is not enhanced.

[2023-05-04 09:34:40 #8 type.registry] 
New type domain.Areto

[2023-05-04 09:34:40 #9 type] 
Type domain.Areto is not enhanced.

[2023-05-04 09:34:40 #10 type.registry] 
New type domain.Saioa

[2023-05-04 09:34:40 #11 type.registry] 
New type java.util.Vector<domain.Saioa>

[2023-05-04 09:34:40 #12 type.registry] 
New type java.util.Vector<java.lang.Object>

------------------------------------------------------------------------------------------------------------------------

[2023-05-04 09:34:50 #1 store] 
Database 'C:\Users\urtat\Downloads\Bets21\src\main\resources\bets.temp' is opened by 8488@DESKTOP-HFKTUSK

[2023-05-04 09:34:50 #2 type.registry] 
New type domain.User

[2023-05-04 09:34:50 #3 type.registry] 
New type domain.Arduraduna

[2023-05-04 09:34:50 #4 type] 
Type domain.User is not enhanced.

[2023-05-04 09:34:50 #5 type] 
Type domain.Arduraduna is not enhanced.

[2023-05-04 09:34:50 #6 type.registry] 
New type domain.Jarduera

[2023-05-04 09:34:50 #7 type] 
Type domain.Jarduera is not enhanced.

[2023-05-04 09:34:50 #8 type.registry] 
New type domain.Areto

[2023-05-04 09:34:50 #9 type] 
Type domain.Areto is not enhanced.

[2023-05-04 09:34:50 #10 type.registry] 
New type domain.Saioa

[2023-05-04 09:34:50 #11 type.registry] 
New type java.util.Vector<domain.Saioa>

[2023-05-04 09:34:50 #12 type.registry] 
New type java.util.Vector<java.lang.Object>

------------------------------------------------------------------------------------------------------------------------

[2023-05-04 09:37:16 #1 store] 
Database 'C:\Users\urtat\Downloads\Bets21\src\main\resources\bets.temp' is opened by 11380@DESKTOP-HFKTUSK

[2023-05-04 09:37:17 #2 type.registry] 
New type domain.User

[2023-05-04 09:37:17 #3 type.registry] 
New type domain.Arduraduna

[2023-05-04 09:37:17 #4 type] 
Type domain.User is not enhanced.

[2023-05-04 09:37:17 #5 type] 
Type domain.Arduraduna is not enhanced.

[2023-05-04 09:37:17 #6 type.registry] 
New type domain.Jarduera

[2023-05-04 09:37:17 #7 type] 
Type domain.Jarduera is not enhanced.

[2023-05-04 09:37:17 #8 type.registry] 
New type domain.Areto

[2023-05-04 09:37:17 #9 type] 
Type domain.Areto is not enhanced.

[2023-05-04 09:37:17 #10 type.registry] 
New type domain.Saioa

[2023-05-04 09:37:17 #11 type.registry] 
New type java.util.Vector<domain.Saioa>

[2023-05-04 09:37:17 #12 type.registry] 
New type java.util.Vector<java.lang.Object>

------------------------------------------------------------------------------------------------------------------------

[2023-05-04 09:38:29 #1 store] 
Database 'C:\Users\urtat\Downloads\Bets21\src\main\resources\bets.temp' is opened by 26992@DESKTOP-HFKTUSK

[2023-05-04 09:38:29 #2 type.registry] 
New type domain.User

[2023-05-04 09:38:29 #3 type.registry] 
New type domain.Arduraduna

[2023-05-04 09:38:29 #4 type] 
Type domain.User is not enhanced.

[2023-05-04 09:38:29 #5 type] 
Type domain.Arduraduna is not enhanced.

[2023-05-04 09:38:29 #6 type.registry] 
New type domain.Jarduera

[2023-05-04 09:38:29 #7 type] 
Type domain.Jarduera is not enhanced.

[2023-05-04 09:38:29 #8 type.registry] 
New type domain.Areto

[2023-05-04 09:38:29 #9 type] 
Type domain.Areto is not enhanced.

[2023-05-04 09:38:29 #10 type.registry] 
New type domain.Saioa

[2023-05-04 09:38:29 #11 type.registry] 
New type java.util.Vector<domain.Saioa>

[2023-05-04 09:38:29 #12 type.registry] 
New type java.util.Vector<java.lang.Object>

------------------------------------------------------------------------------------------------------------------------

[2023-05-04 22:14:16 #1 store] 
Database 'C:\Users\urtat\Downloads\Bets21\src\main\resources\bets.temp' is opened by 19776@DESKTOP-HFKTUSK

[2023-05-04 22:14:16 #2 type.registry] 
New type domain.User

[2023-05-04 22:14:16 #3 type.registry] 
New type domain.Arduraduna

[2023-05-04 22:14:16 #4 type] 
Type domain.User is not enhanced.

[2023-05-04 22:14:17 #5 type] 
Type domain.Arduraduna is not enhanced.

[2023-05-04 22:14:17 #6 type.registry] 
New type domain.Jarduera

[2023-05-04 22:14:17 #7 type] 
Type domain.Jarduera is not enhanced.

[2023-05-04 22:14:17 #8 type.registry] 
New type domain.Areto

[2023-05-04 22:14:17 #9 type] 
Type domain.Areto is not enhanced.

[2023-05-04 22:14:17 #10 type.registry] 
New type domain.Saioa

[2023-05-04 22:14:17 #11 type.registry] 
New type java.util.Vector<domain.Saioa>

[2023-05-04 22:14:17 #12 type.registry] 
New type java.util.Vector<java.lang.Object>

------------------------------------------------------------------------------------------------------------------------

[2023-05-04 22:16:23 #1 store] 
Database 'C:\Users\urtat\Downloads\Bets21\src\main\resources\bets.temp' is opened by 30136@DESKTOP-HFKTUSK

[2023-05-04 22:16:23 #2 type.registry] 
New type domain.User

[2023-05-04 22:16:23 #3 type.registry] 
New type domain.Arduraduna

[2023-05-04 22:16:23 #4 type] 
Type domain.User is not enhanced.

[2023-05-04 22:16:23 #5 type] 
Type domain.Arduraduna is not enhanced.

[2023-05-04 22:16:23 #6 type.registry] 
New type domain.Jarduera

[2023-05-04 22:16:23 #7 type] 
Type domain.Jarduera is not enhanced.

[2023-05-04 22:16:23 #8 type.registry] 
New type domain.Areto

[2023-05-04 22:16:23 #9 type] 
Type domain.Areto is not enhanced.

[2023-05-04 22:16:23 #10 type.registry] 
New type domain.Saioa

[2023-05-04 22:16:23 #11 type.registry] 
New type java.util.Vector<domain.Saioa>

[2023-05-04 22:16:23 #12 type.registry] 
New type java.util.Vector<java.lang.Object>

