------------------------------------------------------------------------------------------------------------------------

[2023-05-12 09:08:44 #1 store] 
Database 'C:\Users\urtat\Downloads\Bets21\src\main\resources\bets.temp' is opened by 31356@DESKTOP-HFKTUSK

[2023-05-12 09:08:44 #2 type] 
Type domain.User is not enhanced.

[2023-05-12 09:08:44 #3 type] 
Type domain.Arduraduna is not enhanced.

[2023-05-12 09:08:44 #4 type] 
Type domain.Jarduera is not enhanced.

[2023-05-12 09:08:44 #5 type] 
Type domain.Areto is not enhanced.

[2023-05-12 09:08:44 #6 type] 
Type domain.Saioa is not enhanced.

[2023-05-12 09:08:44 #7 type] 
Type domain.Erreserba is not enhanced.

[2023-05-12 09:08:44 #8 type] 
Type domain.Bazkide is not enhanced.

------------------------------------------------------------------------------------------------------------------------

[2023-05-12 09:13:32 #1 store] 
Database 'C:\Users\urtat\Downloads\Bets21\src\main\resources\bets.temp' is opened by 1192@DESKTOP-HFKTUSK

[2023-05-12 09:13:32 #2 type] 
Type domain.User is not enhanced.

[2023-05-12 09:13:32 #3 type] 
Type domain.Arduraduna is not enhanced.

[2023-05-12 09:13:32 #4 type] 
Type domain.Jarduera is not enhanced.

[2023-05-12 09:13:32 #5 type] 
Type domain.Areto is not enhanced.

[2023-05-12 09:13:32 #6 type] 
Type domain.Saioa is not enhanced.

[2023-05-12 09:13:32 #7 type] 
Type domain.Erreserba is not enhanced.

[2023-05-12 09:13:32 #8 type] 
Type domain.Bazkide is not enhanced.

------------------------------------------------------------------------------------------------------------------------

[2023-05-12 09:13:54 #1 store] 
Database 'C:\Users\urtat\Downloads\Bets21\src\main\resources\bets.temp' is opened by 4520@DESKTOP-HFKTUSK

[2023-05-12 09:13:54 #2 type] 
Type domain.User is not enhanced.

[2023-05-12 09:13:54 #3 type] 
Type domain.Arduraduna is not enhanced.

[2023-05-12 09:13:54 #4 type] 
Type domain.Jarduera is not enhanced.

[2023-05-12 09:13:54 #5 type] 
Type domain.Areto is not enhanced.

[2023-05-12 09:13:54 #6 type] 
Type domain.Saioa is not enhanced.

[2023-05-12 09:13:54 #7 type] 
Type domain.Erreserba is not enhanced.

[2023-05-12 09:13:54 #8 type] 
Type domain.Bazkide is not enhanced.

------------------------------------------------------------------------------------------------------------------------

[2023-05-12 09:34:50 #1 store] 
Database 'C:\Users\urtat\Downloads\Bets21\src\main\resources\bets.temp' is opened by 29760@DESKTOP-HFKTUSK

[2023-05-12 09:34:50 #2 type] 
Type domain.User is not enhanced.

------------------------------------------------------------------------------------------------------------------------

[2023-05-12 09:35:33 #1 store] 
Database 'C:\Users\urtat\Downloads\Bets21\src\main\resources\bets.temp' has been recovered (tr. 16-16)

[2023-05-12 09:35:33 #2 store] 
Database 'C:\Users\urtat\Downloads\Bets21\src\main\resources\bets.temp' is opened by 26604@DESKTOP-HFKTUSK

[2023-05-12 09:35:33 #3 type] 
Type domain.User is not enhanced.

------------------------------------------------------------------------------------------------------------------------

[2023-05-12 09:36:13 #1 store] 
Database 'C:\Users\urtat\Downloads\Bets21\src\main\resources\bets.temp' is opened by 30200@DESKTOP-HFKTUSK

[2023-05-12 09:36:13 #2 type] 
Type domain.User is not enhanced.

------------------------------------------------------------------------------------------------------------------------

[2023-05-12 09:39:35 #1 store] 
Database 'C:\Users\urtat\Downloads\Bets21\src\main\resources\bets.temp' is opened by 15540@DESKTOP-HFKTUSK

[2023-05-12 09:39:35 #2 type] 
Type domain.User is not enhanced.

------------------------------------------------------------------------------------------------------------------------

[2023-05-12 09:40:52 #1 store] 
Database 'C:\Users\urtat\Downloads\Bets21\src\main\resources\bets.temp' has been recovered (tr. 17-17)

[2023-05-12 09:40:52 #2 store] 
Database 'C:\Users\urtat\Downloads\Bets21\src\main\resources\bets.temp' is opened by 8508@DESKTOP-HFKTUSK

[2023-05-12 09:40:52 #3 type] 
Type domain.User is not enhanced.

------------------------------------------------------------------------------------------------------------------------

[2023-05-12 09:41:47 #1 store] 
Database 'C:\Users\urtat\Downloads\Bets21\src\main\resources\bets.temp' is opened by 11856@DESKTOP-HFKTUSK

[2023-05-12 09:41:47 #2 type] 
Type domain.User is not enhanced.

------------------------------------------------------------------------------------------------------------------------

[2023-05-12 09:43:15 #1 store] 
Database 'C:\Users\urtat\Downloads\Bets21\src\main\resources\bets.temp' is opened by 10744@DESKTOP-HFKTUSK

[2023-05-12 09:43:15 #2 type] 
Type domain.User is not enhanced.

[2023-05-12 09:43:15 #3 type] 
Type domain.Arduraduna is not enhanced.

[2023-05-12 09:43:15 #4 type] 
Type domain.Jarduera is not enhanced.

[2023-05-12 09:43:15 #5 type] 
Type domain.Areto is not enhanced.

[2023-05-12 09:43:15 #6 type] 
Type domain.Saioa is not enhanced.

[2023-05-12 09:43:15 #7 type] 
Type domain.Erreserba is not enhanced.

[2023-05-12 09:43:15 #8 type] 
Type domain.Bazkide is not enhanced.

------------------------------------------------------------------------------------------------------------------------

[2023-05-12 09:44:56 #1 store] 
Database 'C:\Users\urtat\Downloads\Bets21\src\main\resources\bets.temp' has been recovered (tr. 18-19)

[2023-05-12 09:44:56 #2 store] 
Database 'C:\Users\urtat\Downloads\Bets21\src\main\resources\bets.temp' is opened by 31300@DESKTOP-HFKTUSK

[2023-05-12 09:44:56 #3 type] 
Type domain.User is not enhanced.

[2023-05-12 09:44:56 #4 type] 
Type domain.Arduraduna is not enhanced.

[2023-05-12 09:44:56 #5 type] 
Type domain.Jarduera is not enhanced.

[2023-05-12 09:44:56 #6 type] 
Type domain.Areto is not enhanced.

[2023-05-12 09:44:56 #7 type] 
Type domain.Saioa is not enhanced.

[2023-05-12 09:44:56 #8 type] 
Type domain.Erreserba is not enhanced.

[2023-05-12 09:44:56 #9 type] 
Type domain.Bazkide is not enhanced.

------------------------------------------------------------------------------------------------------------------------

[2023-05-12 09:46:23 #1 store] 
Database 'C:\Users\urtat\Downloads\Bets21\src\main\resources\bets.temp' has been recovered (tr. 20-21)

[2023-05-12 09:46:23 #2 store] 
Database 'C:\Users\urtat\Downloads\Bets21\src\main\resources\bets.temp' is opened by 7424@DESKTOP-HFKTUSK

[2023-05-12 09:46:23 #3 type] 
Type domain.User is not enhanced.

[2023-05-12 09:46:23 #4 type] 
Type domain.Arduraduna is not enhanced.

[2023-05-12 09:46:23 #5 type] 
Type domain.Jarduera is not enhanced.

[2023-05-12 09:46:23 #6 type] 
Type domain.Areto is not enhanced.

[2023-05-12 09:46:23 #7 type] 
Type domain.Saioa is not enhanced.

[2023-05-12 09:46:23 #8 type] 
Type domain.Erreserba is not enhanced.

[2023-05-12 09:46:23 #9 type] 
Type domain.Bazkide is not enhanced.

------------------------------------------------------------------------------------------------------------------------

[2023-05-12 09:49:31 #1 store] 
Database 'C:\Users\urtat\Downloads\Bets21\src\main\resources\bets.temp' is opened by 24688@DESKTOP-HFKTUSK

[2023-05-12 09:49:31 #2 type] 
Type domain.User is not enhanced.

[2023-05-12 09:49:31 #3 type] 
Type domain.Arduraduna is not enhanced.

[2023-05-12 09:49:31 #4 type] 
Type domain.Jarduera is not enhanced.

[2023-05-12 09:49:31 #5 type] 
Type domain.Areto is not enhanced.

[2023-05-12 09:49:31 #6 type] 
Type domain.Saioa is not enhanced.

[2023-05-12 09:49:31 #7 type] 
Type domain.Erreserba is not enhanced.

[2023-05-12 09:49:31 #8 type] 
Type domain.Bazkide is not enhanced.

------------------------------------------------------------------------------------------------------------------------

[2023-05-12 09:52:49 #1 store] 
Database 'C:\Users\urtat\Downloads\Bets21\src\main\resources\bets.temp' has been recovered (tr. 23-24)

[2023-05-12 09:52:49 #2 store] 
Database 'C:\Users\urtat\Downloads\Bets21\src\main\resources\bets.temp' is opened by 18048@DESKTOP-HFKTUSK

[2023-05-12 09:52:49 #3 type] 
Type domain.User is not enhanced.

[2023-05-12 09:52:49 #4 type] 
Type domain.Arduraduna is not enhanced.

[2023-05-12 09:52:49 #5 type] 
Type domain.Jarduera is not enhanced.

[2023-05-12 09:52:49 #6 type] 
Type domain.Areto is not enhanced.

[2023-05-12 09:52:49 #7 type] 
Type domain.Saioa is not enhanced.

[2023-05-12 09:52:49 #8 type] 
Type domain.Erreserba is not enhanced.

[2023-05-12 09:52:49 #9 type] 
Type domain.Bazkide is not enhanced.

------------------------------------------------------------------------------------------------------------------------

[2023-05-12 09:55:13 #1 store] 
Database 'C:\Users\urtat\Downloads\Bets21\src\main\resources\bets.temp' is opened by 23920@DESKTOP-HFKTUSK

[2023-05-12 09:55:13 #2 type] 
Type domain.User is not enhanced.

[2023-05-12 09:55:13 #3 type] 
Type domain.Arduraduna is not enhanced.

[2023-05-12 09:55:13 #4 type] 
Type domain.Jarduera is not enhanced.

[2023-05-12 09:55:13 #5 type] 
Type domain.Areto is not enhanced.

[2023-05-12 09:55:13 #6 type] 
Type domain.Saioa is not enhanced.

[2023-05-12 09:55:13 #7 type] 
Type domain.Erreserba is not enhanced.

[2023-05-12 09:55:13 #8 type] 
Type domain.Bazkide is not enhanced.

------------------------------------------------------------------------------------------------------------------------

[2023-05-12 09:55:29 #1 store] 
Database 'C:\Users\urtat\Downloads\Bets21\src\main\resources\bets.temp' is opened by 20120@DESKTOP-HFKTUSK

[2023-05-12 09:55:29 #2 type] 
Type domain.User is not enhanced.

[2023-05-12 09:55:29 #3 type] 
Type domain.Arduraduna is not enhanced.

[2023-05-12 09:55:29 #4 type] 
Type domain.Jarduera is not enhanced.

[2023-05-12 09:55:29 #5 type] 
Type domain.Areto is not enhanced.

[2023-05-12 09:55:29 #6 type] 
Type domain.Saioa is not enhanced.

[2023-05-12 09:55:29 #7 type] 
Type domain.Erreserba is not enhanced.

[2023-05-12 09:55:29 #8 type] 
Type domain.Bazkide is not enhanced.

------------------------------------------------------------------------------------------------------------------------

[2023-05-12 09:56:07 #1 store] 
Database 'C:\Users\urtat\Downloads\Bets21\src\main\resources\bets.temp' is opened by 32684@DESKTOP-HFKTUSK

[2023-05-12 09:56:07 #2 type] 
Type domain.User is not enhanced.

[2023-05-12 09:56:07 #3 type] 
Type domain.Arduraduna is not enhanced.

[2023-05-12 09:56:07 #4 type] 
Type domain.Jarduera is not enhanced.

[2023-05-12 09:56:07 #5 type] 
Type domain.Areto is not enhanced.

[2023-05-12 09:56:07 #6 type] 
Type domain.Saioa is not enhanced.

[2023-05-12 09:56:07 #7 type] 
Type domain.Erreserba is not enhanced.

[2023-05-12 09:56:07 #8 type] 
Type domain.Bazkide is not enhanced.

------------------------------------------------------------------------------------------------------------------------

[2023-05-12 09:57:32 #1 store] 
Database 'C:\Users\urtat\Downloads\Bets21\src\main\resources\bets.temp' is opened by 27768@DESKTOP-HFKTUSK

[2023-05-12 09:57:33 #2 type] 
Type domain.User is not enhanced.

[2023-05-12 09:57:33 #3 type] 
Type domain.Arduraduna is not enhanced.

[2023-05-12 09:57:33 #4 type] 
Type domain.Jarduera is not enhanced.

[2023-05-12 09:57:33 #5 type] 
Type domain.Areto is not enhanced.

------------------------------------------------------------------------------------------------------------------------

[2023-05-12 09:57:55 #1 store] 
Database 'C:\Users\urtat\Downloads\Bets21\src\main\resources\bets.temp' is opened by 13172@DESKTOP-HFKTUSK

[2023-05-12 09:57:55 #2 type] 
Type domain.User is not enhanced.

[2023-05-12 09:57:55 #3 type] 
Type domain.Arduraduna is not enhanced.

[2023-05-12 09:57:55 #4 type] 
Type domain.Jarduera is not enhanced.

[2023-05-12 09:57:55 #5 type] 
Type domain.Areto is not enhanced.

[2023-05-12 09:57:55 #6 type] 
Type domain.Saioa is not enhanced.

[2023-05-12 09:57:55 #7 type] 
Type domain.Erreserba is not enhanced.

[2023-05-12 09:57:55 #8 type] 
Type domain.Bazkide is not enhanced.

------------------------------------------------------------------------------------------------------------------------

[2023-05-12 09:59:12 #1 store] 
Database 'C:\Users\urtat\Downloads\Bets21\src\main\resources\bets.temp' has been recovered (tr. 25-25)

[2023-05-12 09:59:12 #2 store] 
Database 'C:\Users\urtat\Downloads\Bets21\src\main\resources\bets.temp' is opened by 17868@DESKTOP-HFKTUSK

[2023-05-12 09:59:12 #3 type] 
Type domain.User is not enhanced.

[2023-05-12 09:59:12 #4 type] 
Type domain.Arduraduna is not enhanced.

[2023-05-12 09:59:12 #5 type] 
Type domain.Jarduera is not enhanced.

[2023-05-12 09:59:12 #6 type] 
Type domain.Areto is not enhanced.

[2023-05-12 09:59:12 #7 type] 
Type domain.Saioa is not enhanced.

[2023-05-12 09:59:12 #8 type] 
Type domain.Erreserba is not enhanced.

[2023-05-12 09:59:12 #9 type] 
Type domain.Bazkide is not enhanced.

------------------------------------------------------------------------------------------------------------------------

[2023-05-12 10:05:32 #1 store] 
Database 'C:\Users\urtat\Downloads\Bets21\src\main\resources\bets.temp' has been recovered (tr. 26-26)

[2023-05-12 10:05:32 #2 store] 
Database 'C:\Users\urtat\Downloads\Bets21\src\main\resources\bets.temp' is opened by 30352@DESKTOP-HFKTUSK

[2023-05-12 10:05:32 #3 type] 
Type domain.User is not enhanced.

[2023-05-12 10:05:32 #4 type] 
Type domain.Arduraduna is not enhanced.

[2023-05-12 10:05:32 #5 type] 
Type domain.Jarduera is not enhanced.

[2023-05-12 10:05:32 #6 type] 
Type domain.Areto is not enhanced.

[2023-05-12 10:05:32 #7 type] 
Type domain.Saioa is not enhanced.

[2023-05-12 10:05:32 #8 type] 
Type domain.Erreserba is not enhanced.

[2023-05-12 10:05:32 #9 type] 
Type domain.Bazkide is not enhanced.

------------------------------------------------------------------------------------------------------------------------

[2023-05-12 10:07:31 #1 store] 
Database 'C:\Users\urtat\Downloads\Bets21\src\main\resources\bets.temp' is opened by 30132@DESKTOP-HFKTUSK

[2023-05-12 10:07:31 #2 type.registry] 
New type domain.User

[2023-05-12 10:07:31 #3 type.registry] 
New type domain.Arduraduna

[2023-05-12 10:07:31 #4 type] 
Type domain.User is not enhanced.

[2023-05-12 10:07:31 #5 type] 
Type domain.Arduraduna is not enhanced.

[2023-05-12 10:07:31 #6 type.registry] 
New type domain.Jarduera

[2023-05-12 10:07:31 #7 type] 
Type domain.Jarduera is not enhanced.

[2023-05-12 10:07:31 #8 type.registry] 
New type domain.Areto

[2023-05-12 10:07:31 #9 type] 
Type domain.Areto is not enhanced.

[2023-05-12 10:07:31 #10 type.registry] 
New type domain.Saioa

[2023-05-12 10:07:31 #11 type.registry] 
New type java.util.Vector<domain.Saioa>

[2023-05-12 10:07:31 #12 type] 
Type domain.Saioa is not enhanced.

[2023-05-12 10:07:31 #13 type.registry] 
New type domain.Erreserba

[2023-05-12 10:07:31 #14 type.registry] 
New type java.util.Vector<domain.Erreserba>

[2023-05-12 10:07:31 #15 type] 
Type domain.Erreserba is not enhanced.

[2023-05-12 10:07:32 #16 type.registry] 
New type domain.Bazkide

[2023-05-12 10:07:32 #17 type] 
Type domain.Bazkide is not enhanced.

[2023-05-12 10:07:32 #18 type.registry] 
New type java.util.Vector<java.lang.Object>

[2023-05-12 10:07:32 #19 type.registry] 
New type java.util.LinkedList<java.lang.Object>

------------------------------------------------------------------------------------------------------------------------

[2023-05-12 10:09:02 #1 store] 
Database 'C:\Users\urtat\Downloads\Bets21\src\main\resources\bets.temp' is opened by 11644@DESKTOP-HFKTUSK

[2023-05-12 10:09:02 #2 type.registry] 
New type domain.User

[2023-05-12 10:09:02 #3 type.registry] 
New type domain.Arduraduna

[2023-05-12 10:09:02 #4 type] 
Type domain.User is not enhanced.

[2023-05-12 10:09:02 #5 type] 
Type domain.Arduraduna is not enhanced.

[2023-05-12 10:09:02 #6 type.registry] 
New type domain.Jarduera

[2023-05-12 10:09:02 #7 type] 
Type domain.Jarduera is not enhanced.

[2023-05-12 10:09:02 #8 type.registry] 
New type domain.Areto

[2023-05-12 10:09:02 #9 type] 
Type domain.Areto is not enhanced.

[2023-05-12 10:09:02 #10 type.registry] 
New type domain.Saioa

[2023-05-12 10:09:02 #11 type.registry] 
New type java.util.Vector<domain.Saioa>

[2023-05-12 10:09:02 #12 type] 
Type domain.Saioa is not enhanced.

[2023-05-12 10:09:02 #13 type.registry] 
New type domain.Erreserba

[2023-05-12 10:09:02 #14 type.registry] 
New type java.util.Vector<domain.Erreserba>

[2023-05-12 10:09:02 #15 type] 
Type domain.Erreserba is not enhanced.

[2023-05-12 10:09:02 #16 type.registry] 
New type domain.Bazkide

[2023-05-12 10:09:02 #17 type] 
Type domain.Bazkide is not enhanced.

[2023-05-12 10:09:02 #18 type.registry] 
New type java.util.Vector<java.lang.Object>

[2023-05-12 10:09:02 #19 type.registry] 
New type java.util.LinkedList<java.lang.Object>

------------------------------------------------------------------------------------------------------------------------

[2023-05-12 10:11:38 #1 store] 
Database 'C:\Users\urtat\Downloads\Bets21\src\main\resources\bets.temp' is opened by 25204@DESKTOP-HFKTUSK

[2023-05-12 10:11:38 #2 type.registry] 
New type domain.User

[2023-05-12 10:11:38 #3 type.registry] 
New type domain.Arduraduna

[2023-05-12 10:11:38 #4 type] 
Type domain.User is not enhanced.

[2023-05-12 10:11:38 #5 type] 
Type domain.Arduraduna is not enhanced.

[2023-05-12 10:11:38 #6 type.registry] 
New type domain.Jarduera

[2023-05-12 10:11:38 #7 type] 
Type domain.Jarduera is not enhanced.

[2023-05-12 10:11:38 #8 type.registry] 
New type domain.Areto

[2023-05-12 10:11:38 #9 type] 
Type domain.Areto is not enhanced.

[2023-05-12 10:11:38 #10 type.registry] 
New type domain.Saioa

[2023-05-12 10:11:38 #11 type.registry] 
New type java.util.Vector<domain.Saioa>

[2023-05-12 10:11:38 #12 type] 
Type domain.Saioa is not enhanced.

[2023-05-12 10:11:38 #13 type.registry] 
New type domain.Erreserba

[2023-05-12 10:11:38 #14 type.registry] 
New type java.util.Vector<domain.Erreserba>

[2023-05-12 10:11:38 #15 type] 
Type domain.Erreserba is not enhanced.

[2023-05-12 10:11:38 #16 type.registry] 
New type domain.Bazkide

[2023-05-12 10:11:38 #17 type] 
Type domain.Bazkide is not enhanced.

[2023-05-12 10:11:38 #18 type.registry] 
New type java.util.Vector<java.lang.Object>

[2023-05-12 10:11:38 #19 type.registry] 
New type java.util.LinkedList<java.lang.Object>

------------------------------------------------------------------------------------------------------------------------

[2023-05-12 10:15:55 #1 store] 
Database 'C:\Users\urtat\Downloads\Bets21\src\main\resources\bets.temp' is opened by 30168@DESKTOP-HFKTUSK

[2023-05-12 10:15:55 #2 type.registry] 
New type domain.User

[2023-05-12 10:15:55 #3 type.registry] 
New type domain.Arduraduna

[2023-05-12 10:15:55 #4 type] 
Type domain.User is not enhanced.

[2023-05-12 10:15:55 #5 type] 
Type domain.Arduraduna is not enhanced.

[2023-05-12 10:15:55 #6 type.registry] 
New type domain.Jarduera

[2023-05-12 10:15:55 #7 type] 
Type domain.Jarduera is not enhanced.

[2023-05-12 10:15:56 #8 type.registry] 
New type domain.Areto

[2023-05-12 10:15:56 #9 type] 
Type domain.Areto is not enhanced.

[2023-05-12 10:15:56 #10 type.registry] 
New type domain.Saioa

[2023-05-12 10:15:56 #11 type.registry] 
New type java.util.Vector<domain.Saioa>

[2023-05-12 10:15:56 #12 type] 
Type domain.Saioa is not enhanced.

[2023-05-12 10:15:56 #13 type.registry] 
New type domain.Erreserba

[2023-05-12 10:15:56 #14 type.registry] 
New type java.util.Vector<domain.Erreserba>

[2023-05-12 10:15:56 #15 type] 
Type domain.Erreserba is not enhanced.

[2023-05-12 10:15:56 #16 type.registry] 
New type domain.Bazkide

[2023-05-12 10:15:56 #17 type] 
Type domain.Bazkide is not enhanced.

[2023-05-12 10:15:56 #18 type.registry] 
New type java.util.Vector<java.lang.Object>

[2023-05-12 10:15:56 #19 type.registry] 
New type java.util.LinkedList<java.lang.Object>

------------------------------------------------------------------------------------------------------------------------

[2023-05-12 10:19:49 #1 store] 
Database 'C:\Users\urtat\Downloads\Bets21\src\main\resources\bets.temp' is opened by 2084@DESKTOP-HFKTUSK

[2023-05-12 10:19:49 #2 type.registry] 
New type domain.User

[2023-05-12 10:19:49 #3 type.registry] 
New type domain.Arduraduna

[2023-05-12 10:19:49 #4 type] 
Type domain.User is not enhanced.

[2023-05-12 10:19:49 #5 type] 
Type domain.Arduraduna is not enhanced.

[2023-05-12 10:19:49 #6 type.registry] 
New type domain.Jarduera

[2023-05-12 10:19:49 #7 type] 
Type domain.Jarduera is not enhanced.

[2023-05-12 10:19:49 #8 type.registry] 
New type domain.Areto

[2023-05-12 10:19:49 #9 type] 
Type domain.Areto is not enhanced.

[2023-05-12 10:19:49 #10 type.registry] 
New type domain.Saioa

[2023-05-12 10:19:49 #11 type.registry] 
New type java.util.Vector<domain.Saioa>

[2023-05-12 10:19:49 #12 type] 
Type domain.Saioa is not enhanced.

[2023-05-12 10:19:49 #13 type.registry] 
New type domain.Erreserba

[2023-05-12 10:19:49 #14 type.registry] 
New type java.util.Vector<domain.Erreserba>

[2023-05-12 10:19:49 #15 type] 
Type domain.Erreserba is not enhanced.

[2023-05-12 10:19:49 #16 type.registry] 
New type domain.Bazkide

[2023-05-12 10:19:49 #17 type] 
Type domain.Bazkide is not enhanced.

[2023-05-12 10:19:49 #18 type.registry] 
New type java.util.Vector<java.lang.Object>

[2023-05-12 10:19:49 #19 type.registry] 
New type java.util.LinkedList<java.lang.Object>

------------------------------------------------------------------------------------------------------------------------

[2023-05-12 10:23:57 #1 store] 
Database 'C:\Users\urtat\Downloads\Bets21\src\main\resources\bets.temp' is opened by 32572@DESKTOP-HFKTUSK

[2023-05-12 10:23:58 #2 type.registry] 
New type domain.User

[2023-05-12 10:23:58 #3 type.registry] 
New type domain.Arduraduna

[2023-05-12 10:23:58 #4 type] 
Type domain.User is not enhanced.

[2023-05-12 10:23:58 #5 type] 
Type domain.Arduraduna is not enhanced.

[2023-05-12 10:23:58 #6 type.registry] 
New type domain.Jarduera

[2023-05-12 10:23:58 #7 type] 
Type domain.Jarduera is not enhanced.

[2023-05-12 10:23:58 #8 type.registry] 
New type domain.Areto

[2023-05-12 10:23:58 #9 type] 
Type domain.Areto is not enhanced.

[2023-05-12 10:23:58 #10 type.registry] 
New type domain.Saioa

[2023-05-12 10:23:58 #11 type.registry] 
New type java.util.Vector<domain.Saioa>

[2023-05-12 10:23:58 #12 type] 
Type domain.Saioa is not enhanced.

[2023-05-12 10:23:58 #13 type.registry] 
New type domain.Erreserba

[2023-05-12 10:23:58 #14 type.registry] 
New type java.util.Vector<domain.Erreserba>

[2023-05-12 10:23:58 #15 type] 
Type domain.Erreserba is not enhanced.

[2023-05-12 10:23:58 #16 type.registry] 
New type domain.Bazkide

[2023-05-12 10:23:58 #17 type] 
Type domain.Bazkide is not enhanced.

[2023-05-12 10:23:58 #18 type.registry] 
New type java.util.Vector<java.lang.Object>

[2023-05-12 10:23:58 #19 type.registry] 
New type java.util.LinkedList<java.lang.Object>

