------------------------------------------------------------------------------------------------------------------------

[2023-05-10 11:01:58 #1 store] 
Database 'C:\Users\urtat\Downloads\Bets21\src\main\resources\bets.temp' is opened by 668@DESKTOP-HFKTUSK

[2023-05-10 11:01:58 #2 type] 
Type domain.User is not enhanced.

[2023-05-10 11:01:58 #3 type] 
Type domain.Arduraduna is not enhanced.

[2023-05-10 11:01:58 #4 type] 
Type domain.Jarduera is not enhanced.

[2023-05-10 11:01:58 #5 type] 
Type domain.Areto is not enhanced.

[2023-05-10 11:01:58 #6 type] 
Type domain.Saioa is not enhanced.

------------------------------------------------------------------------------------------------------------------------

[2023-05-10 11:02:20 #1 store] 
Database 'C:\Users\urtat\Downloads\Bets21\src\main\resources\bets.temp' is opened by 13504@DESKTOP-HFKTUSK

[2023-05-10 11:02:20 #2 type] 
Type domain.User is not enhanced.

[2023-05-10 11:02:20 #3 type] 
Type domain.Arduraduna is not enhanced.

[2023-05-10 11:02:20 #4 type] 
Type domain.Jarduera is not enhanced.

[2023-05-10 11:02:20 #5 type] 
Type domain.Areto is not enhanced.

[2023-05-10 11:02:20 #6 type] 
Type domain.Saioa is not enhanced.

[2023-05-10 11:02:41 #7 type.registry] 
New type domain.Bazkide

[2023-05-10 11:02:41 #8 type] 
Type domain.Bazkide is not enhanced.

------------------------------------------------------------------------------------------------------------------------

[2023-05-10 11:03:42 #1 store] 
Database 'C:\Users\urtat\Downloads\Bets21\src\main\resources\bets.temp' is opened by 1432@DESKTOP-HFKTUSK

[2023-05-10 11:03:42 #2 type] 
Type domain.User is not enhanced.

[2023-05-10 11:03:42 #3 type] 
Type domain.Arduraduna is not enhanced.

[2023-05-10 11:03:42 #4 type] 
Type domain.Jarduera is not enhanced.

[2023-05-10 11:03:42 #5 type] 
Type domain.Areto is not enhanced.

[2023-05-10 11:03:42 #6 type] 
Type domain.Saioa is not enhanced.

[2023-05-10 11:03:42 #7 type] 
Type domain.Bazkide is not enhanced.

------------------------------------------------------------------------------------------------------------------------

[2023-05-10 11:06:46 #1 store] 
Database 'C:\Users\urtat\Downloads\Bets21\src\main\resources\bets.temp' has been recovered (tr. 13-21)

[2023-05-10 11:06:46 #2 store] 
Database 'C:\Users\urtat\Downloads\Bets21\src\main\resources\bets.temp' is opened by 18688@DESKTOP-HFKTUSK

[2023-05-10 11:06:46 #3 type] 
Type domain.User is not enhanced.

[2023-05-10 11:06:46 #4 type] 
Type domain.Arduraduna is not enhanced.

[2023-05-10 11:06:46 #5 type] 
Type domain.Jarduera is not enhanced.

[2023-05-10 11:06:46 #6 type] 
Type domain.Areto is not enhanced.

[2023-05-10 11:06:46 #7 type] 
Type domain.Saioa is not enhanced.

[2023-05-10 11:06:46 #8 type] 
Type domain.Bazkide is not enhanced.

------------------------------------------------------------------------------------------------------------------------

[2023-05-10 11:07:22 #1 store] 
Database 'C:\Users\urtat\Downloads\Bets21\src\main\resources\bets.temp' is opened by 19180@DESKTOP-HFKTUSK

[2023-05-10 11:07:22 #2 type] 
Type domain.User is not enhanced.

[2023-05-10 11:07:22 #3 type] 
Type domain.Arduraduna is not enhanced.

[2023-05-10 11:07:22 #4 type] 
Type domain.Jarduera is not enhanced.

[2023-05-10 11:07:22 #5 type] 
Type domain.Areto is not enhanced.

[2023-05-10 11:07:22 #6 type] 
Type domain.Saioa is not enhanced.

[2023-05-10 11:07:22 #7 type] 
Type domain.Bazkide is not enhanced.

------------------------------------------------------------------------------------------------------------------------

[2023-05-10 11:10:09 #1 store] 
Database 'C:\Users\urtat\Downloads\Bets21\src\main\resources\bets.temp' is opened by 22988@DESKTOP-HFKTUSK

[2023-05-10 11:10:09 #2 type] 
Type domain.User is not enhanced.

[2023-05-10 11:10:09 #3 type] 
Type domain.Arduraduna is not enhanced.

[2023-05-10 11:10:09 #4 type] 
Type domain.Jarduera is not enhanced.

[2023-05-10 11:10:09 #5 type] 
Type domain.Areto is not enhanced.

[2023-05-10 11:10:09 #6 type] 
Type domain.Saioa is not enhanced.

[2023-05-10 11:10:09 #7 type] 
Type domain.Bazkide is not enhanced.

------------------------------------------------------------------------------------------------------------------------

[2023-05-10 11:21:33 #1 store] 
Database 'C:\Users\urtat\Downloads\Bets21\src\main\resources\bets.temp' is opened by 17196@DESKTOP-HFKTUSK

[2023-05-10 11:21:33 #2 type] 
Type domain.User is not enhanced.

[2023-05-10 11:21:33 #3 type] 
Type domain.Arduraduna is not enhanced.

[2023-05-10 11:21:33 #4 type] 
Type domain.Jarduera is not enhanced.

[2023-05-10 11:21:33 #5 type] 
Type domain.Areto is not enhanced.

[2023-05-10 11:21:33 #6 type] 
Type domain.Saioa is not enhanced.

[2023-05-10 11:21:33 #7 type] 
Type domain.Bazkide is not enhanced.

------------------------------------------------------------------------------------------------------------------------

[2023-05-10 11:23:56 #1 store] 
Database 'C:\Users\urtat\Downloads\Bets21\src\main\resources\bets.temp' is opened by 22072@DESKTOP-HFKTUSK

[2023-05-10 11:23:56 #2 type] 
Type domain.User is not enhanced.

[2023-05-10 11:23:56 #3 type] 
Type domain.Arduraduna is not enhanced.

[2023-05-10 11:23:56 #4 type] 
Type domain.Jarduera is not enhanced.

[2023-05-10 11:23:56 #5 type] 
Type domain.Areto is not enhanced.

[2023-05-10 11:23:56 #6 type] 
Type domain.Saioa is not enhanced.

[2023-05-10 11:23:56 #7 type] 
Type domain.Bazkide is not enhanced.

------------------------------------------------------------------------------------------------------------------------

[2023-05-10 11:29:55 #1 store] 
Database 'C:\Users\urtat\Downloads\Bets21\src\main\resources\bets.temp' is opened by 15544@DESKTOP-HFKTUSK

[2023-05-10 11:29:56 #2 type] 
Type domain.User is not enhanced.

[2023-05-10 11:29:56 #3 type] 
Type domain.Arduraduna is not enhanced.

[2023-05-10 11:29:56 #4 type] 
Type domain.Jarduera is not enhanced.

[2023-05-10 11:29:56 #5 type] 
Type domain.Areto is not enhanced.

[2023-05-10 11:29:56 #6 type] 
Type domain.Saioa is not enhanced.

[2023-05-10 11:29:56 #7 type] 
Type domain.Bazkide is not enhanced.

------------------------------------------------------------------------------------------------------------------------

[2023-05-10 11:31:46 #1 store] 
Database 'C:\Users\urtat\Downloads\Bets21\src\main\resources\bets.temp' is opened by 10968@DESKTOP-HFKTUSK

[2023-05-10 11:31:46 #2 type] 
Type domain.User is not enhanced.

[2023-05-10 11:31:46 #3 type] 
Type domain.Arduraduna is not enhanced.

[2023-05-10 11:31:46 #4 type] 
Type domain.Jarduera is not enhanced.

[2023-05-10 11:31:46 #5 type] 
Type domain.Areto is not enhanced.

[2023-05-10 11:31:46 #6 type] 
Type domain.Saioa is not enhanced.

[2023-05-10 11:31:46 #7 type] 
Type domain.Bazkide is not enhanced.

------------------------------------------------------------------------------------------------------------------------

[2023-05-10 11:32:35 #1 store] 
Database 'C:\Users\urtat\Downloads\Bets21\src\main\resources\bets.temp' is opened by 13404@DESKTOP-HFKTUSK

[2023-05-10 11:32:35 #2 type] 
Type domain.User is not enhanced.

[2023-05-10 11:32:35 #3 type] 
Type domain.Arduraduna is not enhanced.

[2023-05-10 11:32:35 #4 type] 
Type domain.Jarduera is not enhanced.

[2023-05-10 11:32:35 #5 type] 
Type domain.Areto is not enhanced.

[2023-05-10 11:32:35 #6 type] 
Type domain.Saioa is not enhanced.

[2023-05-10 11:32:35 #7 type] 
Type domain.Bazkide is not enhanced.

------------------------------------------------------------------------------------------------------------------------

[2023-05-10 11:34:06 #1 store] 
Database 'C:\Users\urtat\Downloads\Bets21\src\main\resources\bets.temp' is opened by 18868@DESKTOP-HFKTUSK

[2023-05-10 11:34:07 #2 type] 
Type domain.User is not enhanced.

[2023-05-10 11:34:07 #3 type] 
Type domain.Arduraduna is not enhanced.

[2023-05-10 11:34:07 #4 type] 
Type domain.Jarduera is not enhanced.

[2023-05-10 11:34:07 #5 type] 
Type domain.Areto is not enhanced.

[2023-05-10 11:34:07 #6 type] 
Type domain.Saioa is not enhanced.

[2023-05-10 11:34:07 #7 type] 
Type domain.Bazkide is not enhanced.

------------------------------------------------------------------------------------------------------------------------

[2023-05-10 11:36:15 #1 store] 
Database 'C:\Users\urtat\Downloads\Bets21\src\main\resources\bets.temp' is opened by 14836@DESKTOP-HFKTUSK

[2023-05-10 11:36:15 #2 type] 
Type domain.User is not enhanced.

[2023-05-10 11:36:16 #3 type] 
Type domain.Arduraduna is not enhanced.

[2023-05-10 11:36:16 #4 type] 
Type domain.Jarduera is not enhanced.

[2023-05-10 11:36:16 #5 type] 
Type domain.Areto is not enhanced.

[2023-05-10 11:36:16 #6 type] 
Type domain.Saioa is not enhanced.

[2023-05-10 11:36:16 #7 type] 
Type domain.Bazkide is not enhanced.

------------------------------------------------------------------------------------------------------------------------

[2023-05-10 11:39:20 #1 store] 
Database 'C:\Users\urtat\Downloads\Bets21\src\main\resources\bets.temp' is opened by 840@DESKTOP-HFKTUSK

[2023-05-10 11:39:20 #2 type] 
Type domain.User is not enhanced.

[2023-05-10 11:39:20 #3 type] 
Type domain.Arduraduna is not enhanced.

[2023-05-10 11:39:20 #4 type] 
Type domain.Jarduera is not enhanced.

[2023-05-10 11:39:20 #5 type] 
Type domain.Areto is not enhanced.

[2023-05-10 11:39:20 #6 type] 
Type domain.Saioa is not enhanced.

[2023-05-10 11:39:20 #7 type] 
Type domain.Bazkide is not enhanced.

------------------------------------------------------------------------------------------------------------------------

[2023-05-10 12:26:43 #1 store] 
Database 'C:\Users\urtat\Downloads\Bets21\src\main\resources\bets.temp' is opened by 20192@DESKTOP-HFKTUSK

[2023-05-10 12:26:43 #2 type.registry] 
New type domain.User

[2023-05-10 12:26:43 #3 type.registry] 
New type domain.Arduraduna

[2023-05-10 12:26:43 #4 type] 
Type domain.User is not enhanced.

[2023-05-10 12:26:43 #5 type] 
Type domain.Arduraduna is not enhanced.

[2023-05-10 12:26:43 #6 type.registry] 
New type domain.Jarduera

[2023-05-10 12:26:43 #7 type] 
Type domain.Jarduera is not enhanced.

[2023-05-10 12:26:43 #8 type.registry] 
New type domain.Areto

[2023-05-10 12:26:43 #9 type] 
Type domain.Areto is not enhanced.

[2023-05-10 12:26:43 #10 type.registry] 
New type domain.Saioa

[2023-05-10 12:26:43 #11 type.registry] 
New type java.util.Vector<domain.Saioa>

[2023-05-10 12:26:43 #12 type] 
Type domain.Saioa is not enhanced.

[2023-05-10 12:26:43 #13 type.registry] 
New type domain.Erreserba

[2023-05-10 12:26:43 #14 type.registry] 
New type java.util.Vector<domain.Erreserba>

[2023-05-10 12:26:43 #15 type] 
Type domain.Erreserba is not enhanced.

[2023-05-10 12:26:43 #16 type.registry] 
New type java.util.Vector<java.lang.Object>

[2023-05-10 12:26:43 #17 type.registry] 
New type java.util.LinkedList<java.lang.Object>

[2023-05-10 12:26:43 #18 type.registry] 
New type java.util.LinkedList<domain.Erreserba>

------------------------------------------------------------------------------------------------------------------------

[2023-05-10 12:31:07 #1 store] 
Database 'C:\Users\urtat\Downloads\Bets21\src\main\resources\bets.temp' is opened by 22060@DESKTOP-HFKTUSK

[2023-05-10 12:31:07 #2 type.registry] 
New type domain.User

[2023-05-10 12:31:07 #3 type.registry] 
New type domain.Arduraduna

[2023-05-10 12:31:07 #4 type] 
Type domain.User is not enhanced.

[2023-05-10 12:31:07 #5 type] 
Type domain.Arduraduna is not enhanced.

[2023-05-10 12:31:07 #6 type.registry] 
New type domain.Jarduera

[2023-05-10 12:31:07 #7 type] 
Type domain.Jarduera is not enhanced.

[2023-05-10 12:31:07 #8 type.registry] 
New type domain.Areto

[2023-05-10 12:31:07 #9 type] 
Type domain.Areto is not enhanced.

[2023-05-10 12:31:07 #10 type.registry] 
New type domain.Saioa

[2023-05-10 12:31:07 #11 type.registry] 
New type java.util.Vector<domain.Saioa>

[2023-05-10 12:31:07 #12 type] 
Type domain.Saioa is not enhanced.

[2023-05-10 12:31:07 #13 type.registry] 
New type domain.Erreserba

[2023-05-10 12:31:07 #14 type.registry] 
New type java.util.Vector<domain.Erreserba>

[2023-05-10 12:31:07 #15 type] 
Type domain.Erreserba is not enhanced.

[2023-05-10 12:31:07 #16 type.registry] 
New type java.util.Vector<java.lang.Object>

[2023-05-10 12:31:07 #17 type.registry] 
New type java.util.LinkedList<java.lang.Object>

[2023-05-10 12:31:07 #18 type.registry] 
New type java.util.LinkedList<domain.Erreserba>

------------------------------------------------------------------------------------------------------------------------

[2023-05-10 12:32:41 #1 store] 
Database 'C:\Users\urtat\Downloads\Bets21\src\main\resources\bets.temp' is opened by 23380@DESKTOP-HFKTUSK

[2023-05-10 12:32:41 #2 type.registry] 
New type domain.User

[2023-05-10 12:32:41 #3 type.registry] 
New type domain.Arduraduna

[2023-05-10 12:32:41 #4 type] 
Type domain.User is not enhanced.

[2023-05-10 12:32:41 #5 type] 
Type domain.Arduraduna is not enhanced.

[2023-05-10 12:32:41 #6 type.registry] 
New type domain.Jarduera

[2023-05-10 12:32:41 #7 type] 
Type domain.Jarduera is not enhanced.

[2023-05-10 12:32:41 #8 type.registry] 
New type domain.Areto

[2023-05-10 12:32:41 #9 type] 
Type domain.Areto is not enhanced.

[2023-05-10 12:32:41 #10 type.registry] 
New type domain.Saioa

[2023-05-10 12:32:41 #11 type.registry] 
New type java.util.Vector<domain.Saioa>

[2023-05-10 12:32:41 #12 type] 
Type domain.Saioa is not enhanced.

[2023-05-10 12:32:41 #13 type.registry] 
New type domain.Erreserba

[2023-05-10 12:32:41 #14 type.registry] 
New type java.util.Vector<domain.Erreserba>

[2023-05-10 12:32:41 #15 type] 
Type domain.Erreserba is not enhanced.

[2023-05-10 12:32:41 #16 type.registry] 
New type java.util.Vector<java.lang.Object>

[2023-05-10 12:32:41 #17 type.registry] 
New type java.util.LinkedList<java.lang.Object>

[2023-05-10 12:32:41 #18 type.registry] 
New type java.util.LinkedList<domain.Erreserba>

------------------------------------------------------------------------------------------------------------------------

[2023-05-10 12:34:53 #1 store] 
Database 'C:\Users\urtat\Downloads\Bets21\src\main\resources\bets.temp' is opened by 9284@DESKTOP-HFKTUSK

[2023-05-10 12:34:53 #2 type.registry] 
New type domain.User

[2023-05-10 12:34:53 #3 type.registry] 
New type domain.Arduraduna

[2023-05-10 12:34:53 #4 type] 
Type domain.User is not enhanced.

[2023-05-10 12:34:53 #5 type] 
Type domain.Arduraduna is not enhanced.

[2023-05-10 12:34:53 #6 type.registry] 
New type domain.Jarduera

[2023-05-10 12:34:53 #7 type] 
Type domain.Jarduera is not enhanced.

[2023-05-10 12:34:53 #8 type.registry] 
New type domain.Areto

[2023-05-10 12:34:53 #9 type] 
Type domain.Areto is not enhanced.

[2023-05-10 12:34:53 #10 type.registry] 
New type domain.Saioa

[2023-05-10 12:34:53 #11 type.registry] 
New type java.util.Vector<domain.Saioa>

[2023-05-10 12:34:53 #12 type] 
Type domain.Saioa is not enhanced.

[2023-05-10 12:34:53 #13 type.registry] 
New type domain.Erreserba

[2023-05-10 12:34:53 #14 type.registry] 
New type java.util.Vector<domain.Erreserba>

[2023-05-10 12:34:53 #15 type] 
Type domain.Erreserba is not enhanced.

[2023-05-10 12:34:53 #16 type.registry] 
New type java.util.Vector<java.lang.Object>

[2023-05-10 12:34:53 #17 type.registry] 
New type java.util.LinkedList<java.lang.Object>

[2023-05-10 12:34:53 #18 type.registry] 
New type java.util.LinkedList<domain.Erreserba>

------------------------------------------------------------------------------------------------------------------------

[2023-05-10 12:37:17 #1 store] 
Database 'C:\Users\urtat\Downloads\Bets21\src\main\resources\bets.temp' is opened by 14796@DESKTOP-HFKTUSK

[2023-05-10 12:37:18 #2 type.registry] 
New type domain.User

[2023-05-10 12:37:18 #3 type.registry] 
New type domain.Arduraduna

[2023-05-10 12:37:18 #4 type] 
Type domain.User is not enhanced.

[2023-05-10 12:37:18 #5 type] 
Type domain.Arduraduna is not enhanced.

[2023-05-10 12:37:18 #6 type.registry] 
New type domain.Jarduera

[2023-05-10 12:37:18 #7 type] 
Type domain.Jarduera is not enhanced.

[2023-05-10 12:37:18 #8 type.registry] 
New type domain.Areto

[2023-05-10 12:37:18 #9 type] 
Type domain.Areto is not enhanced.

[2023-05-10 12:37:18 #10 type.registry] 
New type domain.Saioa

[2023-05-10 12:37:18 #11 type.registry] 
New type java.util.Vector<domain.Saioa>

[2023-05-10 12:37:18 #12 type] 
Type domain.Saioa is not enhanced.

[2023-05-10 12:37:18 #13 type.registry] 
New type domain.Erreserba

[2023-05-10 12:37:18 #14 type.registry] 
New type java.util.Vector<domain.Erreserba>

[2023-05-10 12:37:18 #15 type] 
Type domain.Erreserba is not enhanced.

[2023-05-10 12:37:18 #16 type.registry] 
New type java.util.Vector<java.lang.Object>

[2023-05-10 12:37:18 #17 type.registry] 
New type java.util.LinkedList<java.lang.Object>

[2023-05-10 12:37:18 #18 type.registry] 
New type java.util.LinkedList<domain.Erreserba>

------------------------------------------------------------------------------------------------------------------------

[2023-05-10 12:39:17 #1 store] 
Database 'C:\Users\urtat\Downloads\Bets21\src\main\resources\bets.temp' is opened by 9748@DESKTOP-HFKTUSK

[2023-05-10 12:39:17 #2 type.registry] 
New type domain.User

[2023-05-10 12:39:17 #3 type.registry] 
New type domain.Arduraduna

[2023-05-10 12:39:17 #4 type] 
Type domain.User is not enhanced.

[2023-05-10 12:39:17 #5 type] 
Type domain.Arduraduna is not enhanced.

[2023-05-10 12:39:17 #6 type.registry] 
New type domain.Jarduera

[2023-05-10 12:39:17 #7 type] 
Type domain.Jarduera is not enhanced.

[2023-05-10 12:39:17 #8 type.registry] 
New type domain.Areto

[2023-05-10 12:39:17 #9 type] 
Type domain.Areto is not enhanced.

[2023-05-10 12:39:17 #10 type.registry] 
New type domain.Saioa

[2023-05-10 12:39:17 #11 type.registry] 
New type java.util.Vector<domain.Saioa>

[2023-05-10 12:39:17 #12 type] 
Type domain.Saioa is not enhanced.

[2023-05-10 12:39:17 #13 type.registry] 
New type domain.Erreserba

[2023-05-10 12:39:17 #14 type.registry] 
New type java.util.Vector<domain.Erreserba>

[2023-05-10 12:39:17 #15 type] 
Type domain.Erreserba is not enhanced.

[2023-05-10 12:39:17 #16 type.registry] 
New type java.util.Vector<java.lang.Object>

[2023-05-10 12:39:17 #17 type.registry] 
New type java.util.LinkedList<java.lang.Object>

[2023-05-10 12:39:17 #18 type.registry] 
New type java.util.LinkedList<domain.Erreserba>

------------------------------------------------------------------------------------------------------------------------

[2023-05-10 12:39:29 #1 store] 
Database 'C:\Users\urtat\Downloads\Bets21\src\main\resources\bets.temp' is opened by 2856@DESKTOP-HFKTUSK

[2023-05-10 12:39:30 #2 type.registry] 
New type domain.User

[2023-05-10 12:39:30 #3 type.registry] 
New type domain.Arduraduna

[2023-05-10 12:39:30 #4 type] 
Type domain.User is not enhanced.

[2023-05-10 12:39:30 #5 type] 
Type domain.Arduraduna is not enhanced.

[2023-05-10 12:39:30 #6 type.registry] 
New type domain.Jarduera

[2023-05-10 12:39:30 #7 type] 
Type domain.Jarduera is not enhanced.

[2023-05-10 12:39:30 #8 type.registry] 
New type domain.Areto

[2023-05-10 12:39:30 #9 type] 
Type domain.Areto is not enhanced.

[2023-05-10 12:39:30 #10 type.registry] 
New type domain.Saioa

[2023-05-10 12:39:30 #11 type.registry] 
New type java.util.Vector<domain.Saioa>

[2023-05-10 12:39:30 #12 type] 
Type domain.Saioa is not enhanced.

[2023-05-10 12:39:30 #13 type.registry] 
New type domain.Erreserba

[2023-05-10 12:39:30 #14 type.registry] 
New type java.util.Vector<domain.Erreserba>

[2023-05-10 12:39:30 #15 type] 
Type domain.Erreserba is not enhanced.

[2023-05-10 12:39:30 #16 type.registry] 
New type java.util.Vector<java.lang.Object>

[2023-05-10 12:39:30 #17 type.registry] 
New type java.util.LinkedList<java.lang.Object>

[2023-05-10 12:39:30 #18 type.registry] 
New type java.util.LinkedList<domain.Erreserba>

------------------------------------------------------------------------------------------------------------------------

[2023-05-10 12:41:20 #1 store] 
Database 'C:\Users\urtat\Downloads\Bets21\src\main\resources\bets.temp' is opened by 8840@DESKTOP-HFKTUSK

[2023-05-10 12:41:20 #2 type.registry] 
New type domain.User

[2023-05-10 12:41:20 #3 type.registry] 
New type domain.Arduraduna

[2023-05-10 12:41:20 #4 type] 
Type domain.User is not enhanced.

[2023-05-10 12:41:20 #5 type] 
Type domain.Arduraduna is not enhanced.

[2023-05-10 12:41:20 #6 type.registry] 
New type domain.Jarduera

[2023-05-10 12:41:20 #7 type] 
Type domain.Jarduera is not enhanced.

[2023-05-10 12:41:20 #8 type.registry] 
New type domain.Areto

[2023-05-10 12:41:20 #9 type] 
Type domain.Areto is not enhanced.

[2023-05-10 12:41:20 #10 type.registry] 
New type domain.Saioa

[2023-05-10 12:41:20 #11 type.registry] 
New type java.util.Vector<domain.Saioa>

[2023-05-10 12:41:20 #12 type] 
Type domain.Saioa is not enhanced.

[2023-05-10 12:41:20 #13 type.registry] 
New type domain.Erreserba

[2023-05-10 12:41:20 #14 type.registry] 
New type java.util.Vector<domain.Erreserba>

[2023-05-10 12:41:20 #15 type] 
Type domain.Erreserba is not enhanced.

[2023-05-10 12:41:20 #16 type.registry] 
New type java.util.Vector<java.lang.Object>

[2023-05-10 12:41:20 #17 type.registry] 
New type java.util.LinkedList<java.lang.Object>

[2023-05-10 12:41:20 #18 type.registry] 
New type java.util.LinkedList<domain.Erreserba>

------------------------------------------------------------------------------------------------------------------------

[2023-05-10 12:43:07 #1 store] 
Database 'C:\Users\urtat\Downloads\Bets21\src\main\resources\bets.temp' is opened by 8944@DESKTOP-HFKTUSK

[2023-05-10 12:43:07 #2 type.registry] 
New type domain.User

[2023-05-10 12:43:07 #3 type.registry] 
New type domain.Arduraduna

[2023-05-10 12:43:07 #4 type] 
Type domain.User is not enhanced.

[2023-05-10 12:43:07 #5 type] 
Type domain.Arduraduna is not enhanced.

[2023-05-10 12:43:07 #6 type.registry] 
New type domain.Jarduera

[2023-05-10 12:43:07 #7 type] 
Type domain.Jarduera is not enhanced.

[2023-05-10 12:43:07 #8 type.registry] 
New type domain.Areto

[2023-05-10 12:43:07 #9 type] 
Type domain.Areto is not enhanced.

[2023-05-10 12:43:07 #10 type.registry] 
New type domain.Saioa

[2023-05-10 12:43:07 #11 type.registry] 
New type java.util.Vector<domain.Saioa>

[2023-05-10 12:43:07 #12 type] 
Type domain.Saioa is not enhanced.

[2023-05-10 12:43:07 #13 type.registry] 
New type domain.Erreserba

[2023-05-10 12:43:07 #14 type.registry] 
New type java.util.Vector<domain.Erreserba>

[2023-05-10 12:43:07 #15 type] 
Type domain.Erreserba is not enhanced.

[2023-05-10 12:43:07 #16 type.registry] 
New type java.util.Vector<java.lang.Object>

[2023-05-10 12:43:07 #17 type.registry] 
New type java.util.LinkedList<java.lang.Object>

[2023-05-10 12:43:07 #18 type.registry] 
New type java.util.LinkedList<domain.Erreserba>

------------------------------------------------------------------------------------------------------------------------

[2023-05-10 12:44:14 #1 store] 
Database 'C:\Users\urtat\Downloads\Bets21\src\main\resources\bets.temp' is opened by 17196@DESKTOP-HFKTUSK

[2023-05-10 12:44:14 #2 type] 
Type domain.User is not enhanced.

[2023-05-10 12:44:14 #3 type] 
Type domain.Arduraduna is not enhanced.

[2023-05-10 12:44:14 #4 type] 
Type domain.Jarduera is not enhanced.

[2023-05-10 12:44:14 #5 type] 
Type domain.Areto is not enhanced.

[2023-05-10 12:44:14 #6 type] 
Type domain.Saioa is not enhanced.

[2023-05-10 12:44:14 #7 type] 
Type domain.Erreserba is not enhanced.

------------------------------------------------------------------------------------------------------------------------

[2023-05-10 12:45:34 #1 store] 
Database 'C:\Users\urtat\Downloads\Bets21\src\main\resources\bets.temp' is opened by 14744@DESKTOP-HFKTUSK

[2023-05-10 12:45:34 #2 type] 
Type domain.User is not enhanced.

[2023-05-10 12:45:34 #3 type] 
Type domain.Arduraduna is not enhanced.

[2023-05-10 12:45:34 #4 type] 
Type domain.Jarduera is not enhanced.

[2023-05-10 12:45:34 #5 type] 
Type domain.Areto is not enhanced.

[2023-05-10 12:45:34 #6 type] 
Type domain.Saioa is not enhanced.

[2023-05-10 12:45:34 #7 type] 
Type domain.Erreserba is not enhanced.

------------------------------------------------------------------------------------------------------------------------

[2023-05-10 12:46:05 #1 store] 
Database 'C:\Users\urtat\Downloads\Bets21\src\main\resources\bets.temp' is opened by 3704@DESKTOP-HFKTUSK

[2023-05-10 12:46:06 #2 type] 
Type domain.User is not enhanced.

[2023-05-10 12:46:06 #3 type] 
Type domain.Arduraduna is not enhanced.

[2023-05-10 12:46:06 #4 type] 
Type domain.Jarduera is not enhanced.

[2023-05-10 12:46:06 #5 type] 
Type domain.Areto is not enhanced.

[2023-05-10 12:46:06 #6 type] 
Type domain.Saioa is not enhanced.

[2023-05-10 12:46:06 #7 type] 
Type domain.Erreserba is not enhanced.

------------------------------------------------------------------------------------------------------------------------

[2023-05-10 12:47:16 #1 store] 
Database 'C:\Users\urtat\Downloads\Bets21\src\main\resources\bets.temp' is opened by 4212@DESKTOP-HFKTUSK

[2023-05-10 12:47:16 #2 type] 
Type domain.User is not enhanced.

[2023-05-10 12:47:16 #3 type] 
Type domain.Arduraduna is not enhanced.

[2023-05-10 12:47:16 #4 type] 
Type domain.Jarduera is not enhanced.

[2023-05-10 12:47:16 #5 type] 
Type domain.Areto is not enhanced.

[2023-05-10 12:47:16 #6 type] 
Type domain.Saioa is not enhanced.

[2023-05-10 12:47:16 #7 type] 
Type domain.Erreserba is not enhanced.

[2023-05-10 12:47:37 #8 type.registry] 
New type domain.Bazkide

[2023-05-10 12:47:37 #9 type] 
Type domain.Bazkide is not enhanced.

------------------------------------------------------------------------------------------------------------------------

[2023-05-10 12:49:24 #1 store] 
Database 'C:\Users\urtat\Downloads\Bets21\src\main\resources\bets.temp' has been recovered (tr. 14-15)

[2023-05-10 12:49:24 #2 store] 
Database 'C:\Users\urtat\Downloads\Bets21\src\main\resources\bets.temp' is opened by 11212@DESKTOP-HFKTUSK

[2023-05-10 12:49:24 #3 type] 
Type domain.User is not enhanced.

[2023-05-10 12:49:24 #4 type] 
Type domain.Arduraduna is not enhanced.

[2023-05-10 12:49:24 #5 type] 
Type domain.Jarduera is not enhanced.

[2023-05-10 12:49:24 #6 type] 
Type domain.Areto is not enhanced.

[2023-05-10 12:49:24 #7 type] 
Type domain.Saioa is not enhanced.

[2023-05-10 12:49:24 #8 type] 
Type domain.Erreserba is not enhanced.

[2023-05-10 12:49:24 #9 type] 
Type domain.Bazkide is not enhanced.

------------------------------------------------------------------------------------------------------------------------

[2023-05-10 12:50:40 #1 store] 
Database 'C:\Users\urtat\Downloads\Bets21\src\main\resources\bets.temp' is opened by 12796@DESKTOP-HFKTUSK

[2023-05-10 12:50:40 #2 type] 
Type domain.User is not enhanced.

[2023-05-10 12:50:40 #3 type] 
Type domain.Arduraduna is not enhanced.

[2023-05-10 12:50:40 #4 type] 
Type domain.Jarduera is not enhanced.

[2023-05-10 12:50:40 #5 type] 
Type domain.Areto is not enhanced.

[2023-05-10 12:50:40 #6 type] 
Type domain.Saioa is not enhanced.

[2023-05-10 12:50:40 #7 type] 
Type domain.Erreserba is not enhanced.

[2023-05-10 12:50:40 #8 type] 
Type domain.Bazkide is not enhanced.

------------------------------------------------------------------------------------------------------------------------

[2023-05-10 12:56:58 #1 store] 
Database 'C:\Users\urtat\Downloads\Bets21\src\main\resources\bets.temp' is opened by 11924@DESKTOP-HFKTUSK

[2023-05-10 12:56:58 #2 type] 
Type domain.User is not enhanced.

[2023-05-10 12:56:58 #3 type] 
Type domain.Arduraduna is not enhanced.

[2023-05-10 12:56:58 #4 type] 
Type domain.Jarduera is not enhanced.

[2023-05-10 12:56:58 #5 type] 
Type domain.Areto is not enhanced.

[2023-05-10 12:56:58 #6 type] 
Type domain.Saioa is not enhanced.

[2023-05-10 12:56:58 #7 type] 
Type domain.Erreserba is not enhanced.

[2023-05-10 12:56:58 #8 type] 
Type domain.Bazkide is not enhanced.

------------------------------------------------------------------------------------------------------------------------

[2023-05-10 13:01:00 #1 store] 
Database 'C:\Users\urtat\Downloads\Bets21\src\main\resources\bets.temp' is opened by 2296@DESKTOP-HFKTUSK

[2023-05-10 13:01:00 #2 type] 
Type domain.User is not enhanced.

[2023-05-10 13:01:00 #3 type] 
Type domain.Arduraduna is not enhanced.

[2023-05-10 13:01:00 #4 type] 
Type domain.Jarduera is not enhanced.

[2023-05-10 13:01:00 #5 type] 
Type domain.Areto is not enhanced.

[2023-05-10 13:01:00 #6 type] 
Type domain.Saioa is not enhanced.

[2023-05-10 13:01:00 #7 type] 
Type domain.Erreserba is not enhanced.

[2023-05-10 13:01:00 #8 type] 
Type domain.Bazkide is not enhanced.

------------------------------------------------------------------------------------------------------------------------

[2023-05-10 13:02:05 #1 store] 
Database 'C:\Users\urtat\Downloads\Bets21\src\main\resources\bets.temp' is opened by 22648@DESKTOP-HFKTUSK

[2023-05-10 13:02:05 #2 type] 
Type domain.User is not enhanced.

[2023-05-10 13:02:05 #3 type] 
Type domain.Arduraduna is not enhanced.

[2023-05-10 13:02:05 #4 type] 
Type domain.Jarduera is not enhanced.

[2023-05-10 13:02:05 #5 type] 
Type domain.Areto is not enhanced.

[2023-05-10 13:02:05 #6 type] 
Type domain.Saioa is not enhanced.

[2023-05-10 13:02:05 #7 type] 
Type domain.Erreserba is not enhanced.

[2023-05-10 13:02:05 #8 type] 
Type domain.Bazkide is not enhanced.

------------------------------------------------------------------------------------------------------------------------

[2023-05-10 13:03:05 #1 store] 
Database 'C:\Users\urtat\Downloads\Bets21\src\main\resources\bets.temp' is opened by 20452@DESKTOP-HFKTUSK

[2023-05-10 13:03:05 #2 type] 
Type domain.User is not enhanced.

[2023-05-10 13:03:05 #3 type] 
Type domain.Arduraduna is not enhanced.

[2023-05-10 13:03:05 #4 type] 
Type domain.Jarduera is not enhanced.

[2023-05-10 13:03:05 #5 type] 
Type domain.Areto is not enhanced.

[2023-05-10 13:03:05 #6 type] 
Type domain.Saioa is not enhanced.

[2023-05-10 13:03:05 #7 type] 
Type domain.Erreserba is not enhanced.

[2023-05-10 13:03:05 #8 type] 
Type domain.Bazkide is not enhanced.

------------------------------------------------------------------------------------------------------------------------

[2023-05-10 13:07:11 #1 store] 
Database 'C:\Users\urtat\Downloads\Bets21\src\main\resources\bets.temp' is opened by 17564@DESKTOP-HFKTUSK

[2023-05-10 13:07:11 #2 type] 
Type domain.User is not enhanced.

[2023-05-10 13:07:11 #3 type] 
Type domain.Arduraduna is not enhanced.

[2023-05-10 13:07:11 #4 type] 
Type domain.Jarduera is not enhanced.

[2023-05-10 13:07:11 #5 type] 
Type domain.Areto is not enhanced.

[2023-05-10 13:07:11 #6 type] 
Type domain.Saioa is not enhanced.

[2023-05-10 13:07:11 #7 type] 
Type domain.Erreserba is not enhanced.

[2023-05-10 13:07:11 #8 type] 
Type domain.Bazkide is not enhanced.

------------------------------------------------------------------------------------------------------------------------

[2023-05-10 13:09:09 #1 store] 
Database 'C:\Users\urtat\Downloads\Bets21\src\main\resources\bets.temp' is opened by 22112@DESKTOP-HFKTUSK

[2023-05-10 13:09:09 #2 type.registry] 
New type domain.User

[2023-05-10 13:09:09 #3 type.registry] 
New type domain.Arduraduna

[2023-05-10 13:09:09 #4 type] 
Type domain.User is not enhanced.

[2023-05-10 13:09:09 #5 type] 
Type domain.Arduraduna is not enhanced.

[2023-05-10 13:09:09 #6 type.registry] 
New type domain.Jarduera

[2023-05-10 13:09:09 #7 type] 
Type domain.Jarduera is not enhanced.

[2023-05-10 13:09:09 #8 type.registry] 
New type domain.Areto

[2023-05-10 13:09:09 #9 type] 
Type domain.Areto is not enhanced.

[2023-05-10 13:09:09 #10 type.registry] 
New type domain.Saioa

[2023-05-10 13:09:09 #11 type.registry] 
New type java.util.Vector<domain.Saioa>

[2023-05-10 13:09:09 #12 type] 
Type domain.Saioa is not enhanced.

[2023-05-10 13:09:09 #13 type.registry] 
New type domain.Erreserba

[2023-05-10 13:09:09 #14 type.registry] 
New type java.util.Vector<domain.Erreserba>

[2023-05-10 13:09:09 #15 type] 
Type domain.Erreserba is not enhanced.

[2023-05-10 13:09:09 #16 type.registry] 
New type java.util.Vector<java.lang.Object>

[2023-05-10 13:09:09 #17 type.registry] 
New type java.util.LinkedList<java.lang.Object>

[2023-05-10 13:09:09 #18 type.registry] 
New type java.util.LinkedList<domain.Erreserba>

------------------------------------------------------------------------------------------------------------------------

[2023-05-10 13:09:43 #1 store] 
Database 'C:\Users\urtat\Downloads\Bets21\src\main\resources\bets.temp' has been recovered (tr. 1-10)

[2023-05-10 13:09:43 #2 store] 
Database 'C:\Users\urtat\Downloads\Bets21\src\main\resources\bets.temp' is opened by 14816@DESKTOP-HFKTUSK

[2023-05-10 13:09:43 #3 type] 
Type domain.User is not enhanced.

[2023-05-10 13:09:43 #4 type] 
Type domain.Arduraduna is not enhanced.

[2023-05-10 13:09:43 #5 type] 
Type domain.Jarduera is not enhanced.

[2023-05-10 13:09:43 #6 type] 
Type domain.Areto is not enhanced.

[2023-05-10 13:09:43 #7 type] 
Type domain.Saioa is not enhanced.

[2023-05-10 13:09:43 #8 type] 
Type domain.Erreserba is not enhanced.

[2023-05-10 13:10:05 #9 type.registry] 
New type domain.Bazkide

[2023-05-10 13:10:05 #10 type] 
Type domain.Bazkide is not enhanced.

------------------------------------------------------------------------------------------------------------------------

[2023-05-10 13:15:13 #1 store] 
Database 'C:\Users\urtat\Downloads\Bets21\src\main\resources\bets.temp' is opened by 16520@DESKTOP-HFKTUSK

[2023-05-10 13:15:14 #2 type] 
Type domain.User is not enhanced.

[2023-05-10 13:15:14 #3 type] 
Type domain.Arduraduna is not enhanced.

[2023-05-10 13:15:14 #4 type] 
Type domain.Jarduera is not enhanced.

[2023-05-10 13:15:14 #5 type] 
Type domain.Areto is not enhanced.

[2023-05-10 13:15:14 #6 type] 
Type domain.Saioa is not enhanced.

[2023-05-10 13:15:14 #7 type] 
Type domain.Erreserba is not enhanced.

[2023-05-10 13:15:14 #8 type] 
Type domain.Bazkide is not enhanced.

------------------------------------------------------------------------------------------------------------------------

[2023-05-10 13:18:35 #1 store] 
Database 'C:\Users\urtat\Downloads\Bets21\src\main\resources\bets.temp' is opened by 14132@DESKTOP-HFKTUSK

[2023-05-10 13:18:36 #2 type] 
Type domain.User is not enhanced.

[2023-05-10 13:18:36 #3 type] 
Type domain.Arduraduna is not enhanced.

[2023-05-10 13:18:36 #4 type] 
Type domain.Jarduera is not enhanced.

[2023-05-10 13:18:36 #5 type] 
Type domain.Areto is not enhanced.

[2023-05-10 13:18:36 #6 type] 
Type domain.Saioa is not enhanced.

[2023-05-10 13:18:36 #7 type] 
Type domain.Erreserba is not enhanced.

[2023-05-10 13:18:36 #8 type] 
Type domain.Bazkide is not enhanced.

------------------------------------------------------------------------------------------------------------------------

[2023-05-10 15:51:58 #1 store] 
Database 'C:\Users\urtat\Downloads\Bets21\src\main\resources\bets.temp' is opened by 10352@DESKTOP-HFKTUSK

[2023-05-10 15:51:58 #2 type.registry] 
New type domain.User

[2023-05-10 15:51:58 #3 type.registry] 
New type domain.Arduraduna

[2023-05-10 15:51:58 #4 type] 
Type domain.User is not enhanced.

[2023-05-10 15:51:58 #5 type] 
Type domain.Arduraduna is not enhanced.

[2023-05-10 15:51:58 #6 type.registry] 
New type domain.Jarduera

[2023-05-10 15:51:58 #7 type] 
Type domain.Jarduera is not enhanced.

[2023-05-10 15:51:58 #8 type.registry] 
New type domain.Areto

[2023-05-10 15:51:58 #9 type] 
Type domain.Areto is not enhanced.

[2023-05-10 15:51:58 #10 type.registry] 
New type domain.Saioa

[2023-05-10 15:51:58 #11 type.registry] 
New type java.util.Vector<domain.Saioa>

[2023-05-10 15:51:58 #12 type] 
Type domain.Saioa is not enhanced.

[2023-05-10 15:51:58 #13 type.registry] 
New type domain.Erreserba

[2023-05-10 15:51:58 #14 type.registry] 
New type java.util.Vector<domain.Erreserba>

[2023-05-10 15:51:58 #15 type] 
Type domain.Erreserba is not enhanced.

[2023-05-10 15:51:58 #16 type.registry] 
New type java.util.Vector<java.lang.Object>

[2023-05-10 15:51:58 #17 type.registry] 
New type java.util.LinkedList<java.lang.Object>

[2023-05-10 15:51:58 #18 type.registry] 
New type java.util.LinkedList<domain.Erreserba>

------------------------------------------------------------------------------------------------------------------------

[2023-05-10 16:07:29 #1 store] 
Database 'C:\Users\urtat\Downloads\Bets21\src\main\resources\bets.temp' is opened by 23976@DESKTOP-HFKTUSK

[2023-05-10 16:07:30 #2 type.registry] 
New type domain.User

[2023-05-10 16:07:30 #3 type.registry] 
New type domain.Arduraduna

[2023-05-10 16:07:30 #4 type] 
Type domain.User is not enhanced.

[2023-05-10 16:07:30 #5 type] 
Type domain.Arduraduna is not enhanced.

[2023-05-10 16:07:30 #6 type.registry] 
New type domain.Jarduera

[2023-05-10 16:07:30 #7 type] 
Type domain.Jarduera is not enhanced.

[2023-05-10 16:07:30 #8 type.registry] 
New type domain.Areto

[2023-05-10 16:07:30 #9 type] 
Type domain.Areto is not enhanced.

[2023-05-10 16:07:30 #10 type.registry] 
New type domain.Saioa

[2023-05-10 16:07:30 #11 type.registry] 
New type java.util.Vector<domain.Saioa>

[2023-05-10 16:07:30 #12 type] 
Type domain.Saioa is not enhanced.

[2023-05-10 16:07:30 #13 type.registry] 
New type domain.Erreserba

[2023-05-10 16:07:30 #14 type.registry] 
New type java.util.Vector<domain.Erreserba>

[2023-05-10 16:07:30 #15 type] 
Type domain.Erreserba is not enhanced.

[2023-05-10 16:07:30 #16 type.registry] 
New type domain.Bazkide

[2023-05-10 16:07:30 #17 type] 
Type domain.Bazkide is not enhanced.

[2023-05-10 16:07:30 #18 type.registry] 
New type java.util.Vector<java.lang.Object>

[2023-05-10 16:07:30 #19 type.registry] 
New type java.util.LinkedList<java.lang.Object>

[2023-05-10 16:07:30 #20 type.registry] 
New type java.util.LinkedList<domain.Erreserba>

------------------------------------------------------------------------------------------------------------------------

[2023-05-10 16:09:20 #1 store] 
Database 'C:\Users\urtat\Downloads\Bets21\src\main\resources\bets.temp' is opened by 15416@DESKTOP-HFKTUSK

[2023-05-10 16:09:20 #2 type.registry] 
New type domain.User

[2023-05-10 16:09:20 #3 type.registry] 
New type domain.Arduraduna

[2023-05-10 16:09:20 #4 type] 
Type domain.User is not enhanced.

[2023-05-10 16:09:20 #5 type] 
Type domain.Arduraduna is not enhanced.

[2023-05-10 16:09:20 #6 type.registry] 
New type domain.Jarduera

[2023-05-10 16:09:20 #7 type] 
Type domain.Jarduera is not enhanced.

[2023-05-10 16:09:20 #8 type.registry] 
New type domain.Areto

[2023-05-10 16:09:20 #9 type] 
Type domain.Areto is not enhanced.

[2023-05-10 16:09:20 #10 type.registry] 
New type domain.Saioa

[2023-05-10 16:09:20 #11 type.registry] 
New type java.util.Vector<domain.Saioa>

[2023-05-10 16:09:20 #12 type] 
Type domain.Saioa is not enhanced.

[2023-05-10 16:09:20 #13 type.registry] 
New type domain.Erreserba

[2023-05-10 16:09:20 #14 type.registry] 
New type java.util.Vector<domain.Erreserba>

[2023-05-10 16:09:20 #15 type] 
Type domain.Erreserba is not enhanced.

[2023-05-10 16:09:20 #16 type.registry] 
New type domain.Bazkide

[2023-05-10 16:09:20 #17 type] 
Type domain.Bazkide is not enhanced.

[2023-05-10 16:09:20 #18 type.registry] 
New type java.util.Vector<java.lang.Object>

[2023-05-10 16:09:20 #19 type.registry] 
New type java.util.LinkedList<java.lang.Object>

[2023-05-10 16:09:20 #20 type.registry] 
New type java.util.LinkedList<domain.Erreserba>

------------------------------------------------------------------------------------------------------------------------

[2023-05-10 16:10:51 #1 store] 
Database 'C:\Users\urtat\Downloads\Bets21\src\main\resources\bets.temp' is opened by 25360@DESKTOP-HFKTUSK

[2023-05-10 16:10:52 #2 type.registry] 
New type domain.User

[2023-05-10 16:10:52 #3 type.registry] 
New type domain.Arduraduna

[2023-05-10 16:10:52 #4 type] 
Type domain.User is not enhanced.

[2023-05-10 16:10:52 #5 type] 
Type domain.Arduraduna is not enhanced.

[2023-05-10 16:10:52 #6 type.registry] 
New type domain.Jarduera

[2023-05-10 16:10:52 #7 type] 
Type domain.Jarduera is not enhanced.

[2023-05-10 16:10:52 #8 type.registry] 
New type domain.Areto

[2023-05-10 16:10:52 #9 type] 
Type domain.Areto is not enhanced.

[2023-05-10 16:10:52 #10 type.registry] 
New type domain.Saioa

[2023-05-10 16:10:52 #11 type.registry] 
New type java.util.Vector<domain.Saioa>

[2023-05-10 16:10:52 #12 type] 
Type domain.Saioa is not enhanced.

[2023-05-10 16:10:52 #13 type.registry] 
New type domain.Erreserba

[2023-05-10 16:10:52 #14 type.registry] 
New type java.util.Vector<domain.Erreserba>

[2023-05-10 16:10:52 #15 type] 
Type domain.Erreserba is not enhanced.

[2023-05-10 16:10:52 #16 type.registry] 
New type domain.Bazkide

[2023-05-10 16:10:52 #17 type] 
Type domain.Bazkide is not enhanced.

[2023-05-10 16:10:52 #18 type.registry] 
New type java.util.Vector<java.lang.Object>

[2023-05-10 16:10:52 #19 type.registry] 
New type java.util.LinkedList<java.lang.Object>

[2023-05-10 16:10:52 #20 type.registry] 
New type java.util.LinkedList<domain.Erreserba>

------------------------------------------------------------------------------------------------------------------------

[2023-05-10 16:11:17 #1 store] 
Database 'C:\Users\urtat\Downloads\Bets21\src\main\resources\bets.temp' has been recovered (tr. 1-11)

[2023-05-10 16:11:17 #2 store] 
Database 'C:\Users\urtat\Downloads\Bets21\src\main\resources\bets.temp' is opened by 11096@DESKTOP-HFKTUSK

[2023-05-10 16:11:17 #3 type] 
Type domain.User is not enhanced.

[2023-05-10 16:11:17 #4 type] 
Type domain.Arduraduna is not enhanced.

[2023-05-10 16:11:17 #5 type] 
Type domain.Jarduera is not enhanced.

[2023-05-10 16:11:17 #6 type] 
Type domain.Areto is not enhanced.

[2023-05-10 16:11:17 #7 type] 
Type domain.Saioa is not enhanced.

[2023-05-10 16:11:17 #8 type] 
Type domain.Erreserba is not enhanced.

[2023-05-10 16:11:17 #9 type] 
Type domain.Bazkide is not enhanced.

------------------------------------------------------------------------------------------------------------------------

[2023-05-10 16:14:18 #1 store] 
Database 'C:\Users\urtat\Downloads\Bets21\src\main\resources\bets.temp' is opened by 13116@DESKTOP-HFKTUSK

[2023-05-10 16:14:18 #2 type] 
Type domain.User is not enhanced.

[2023-05-10 16:14:18 #3 type] 
Type domain.Arduraduna is not enhanced.

[2023-05-10 16:14:18 #4 type] 
Type domain.Jarduera is not enhanced.

[2023-05-10 16:14:18 #5 type] 
Type domain.Areto is not enhanced.

[2023-05-10 16:14:18 #6 type] 
Type domain.Saioa is not enhanced.

[2023-05-10 16:14:18 #7 type] 
Type domain.Erreserba is not enhanced.

[2023-05-10 16:14:18 #8 type] 
Type domain.Bazkide is not enhanced.

------------------------------------------------------------------------------------------------------------------------

[2023-05-10 16:14:56 #1 store] 
Database 'C:\Users\urtat\Downloads\Bets21\src\main\resources\bets.temp' has been recovered (tr. 13-13)

[2023-05-10 16:14:56 #2 store] 
Database 'C:\Users\urtat\Downloads\Bets21\src\main\resources\bets.temp' is opened by 19716@DESKTOP-HFKTUSK

[2023-05-10 16:14:56 #3 type] 
Type domain.User is not enhanced.

[2023-05-10 16:14:56 #4 type] 
Type domain.Arduraduna is not enhanced.

[2023-05-10 16:14:56 #5 type] 
Type domain.Jarduera is not enhanced.

[2023-05-10 16:14:56 #6 type] 
Type domain.Areto is not enhanced.

[2023-05-10 16:14:56 #7 type] 
Type domain.Saioa is not enhanced.

[2023-05-10 16:14:56 #8 type] 
Type domain.Erreserba is not enhanced.

[2023-05-10 16:14:56 #9 type] 
Type domain.Bazkide is not enhanced.

------------------------------------------------------------------------------------------------------------------------

[2023-05-10 16:16:36 #1 store] 
Database 'C:\Users\urtat\Downloads\Bets21\src\main\resources\bets.temp' is opened by 25376@DESKTOP-HFKTUSK

[2023-05-10 16:16:36 #2 type.registry] 
New type domain.User

[2023-05-10 16:16:36 #3 type.registry] 
New type domain.Arduraduna

[2023-05-10 16:16:36 #4 type] 
Type domain.User is not enhanced.

[2023-05-10 16:16:36 #5 type] 
Type domain.Arduraduna is not enhanced.

[2023-05-10 16:16:36 #6 type.registry] 
New type domain.Jarduera

[2023-05-10 16:16:36 #7 type] 
Type domain.Jarduera is not enhanced.

[2023-05-10 16:16:37 #8 type.registry] 
New type domain.Areto

[2023-05-10 16:16:37 #9 type] 
Type domain.Areto is not enhanced.

[2023-05-10 16:16:37 #10 type.registry] 
New type domain.Saioa

[2023-05-10 16:16:37 #11 type.registry] 
New type java.util.Vector<domain.Saioa>

[2023-05-10 16:16:37 #12 type] 
Type domain.Saioa is not enhanced.

[2023-05-10 16:16:37 #13 type.registry] 
New type domain.Erreserba

[2023-05-10 16:16:37 #14 type.registry] 
New type java.util.Vector<domain.Erreserba>

[2023-05-10 16:16:37 #15 type] 
Type domain.Erreserba is not enhanced.

[2023-05-10 16:16:37 #16 type.registry] 
New type domain.Bazkide

[2023-05-10 16:16:37 #17 type] 
Type domain.Bazkide is not enhanced.

[2023-05-10 16:16:37 #18 type.registry] 
New type java.util.Vector<java.lang.Object>

[2023-05-10 16:16:37 #19 type.registry] 
New type java.util.LinkedList<java.lang.Object>

[2023-05-10 16:16:37 #20 type.registry] 
New type java.util.LinkedList<domain.Erreserba>

------------------------------------------------------------------------------------------------------------------------

[2023-05-10 16:16:47 #1 store] 
Database 'C:\Users\urtat\Downloads\Bets21\src\main\resources\bets.temp' has been recovered (tr. 1-10)

[2023-05-10 16:16:47 #2 store] 
Database 'C:\Users\urtat\Downloads\Bets21\src\main\resources\bets.temp' is opened by 5736@DESKTOP-HFKTUSK

[2023-05-10 16:16:47 #3 type] 
Type domain.User is not enhanced.

[2023-05-10 16:16:47 #4 type] 
Type domain.Arduraduna is not enhanced.

[2023-05-10 16:16:47 #5 type] 
Type domain.Jarduera is not enhanced.

[2023-05-10 16:16:47 #6 type] 
Type domain.Areto is not enhanced.

[2023-05-10 16:16:47 #7 type] 
Type domain.Saioa is not enhanced.

[2023-05-10 16:16:47 #8 type] 
Type domain.Erreserba is not enhanced.

[2023-05-10 16:16:47 #9 type] 
Type domain.Bazkide is not enhanced.

------------------------------------------------------------------------------------------------------------------------

[2023-05-10 16:20:15 #1 store] 
Database 'C:\Users\urtat\Downloads\Bets21\src\main\resources\bets.temp' has been recovered (tr. 11-11)

[2023-05-10 16:20:15 #2 store] 
Database 'C:\Users\urtat\Downloads\Bets21\src\main\resources\bets.temp' is opened by 26436@DESKTOP-HFKTUSK

[2023-05-10 16:20:15 #3 type] 
Type domain.User is not enhanced.

[2023-05-10 16:20:15 #4 type] 
Type domain.Arduraduna is not enhanced.

[2023-05-10 16:20:15 #5 type] 
Type domain.Jarduera is not enhanced.

[2023-05-10 16:20:15 #6 type] 
Type domain.Areto is not enhanced.

[2023-05-10 16:20:15 #7 type] 
Type domain.Saioa is not enhanced.

[2023-05-10 16:20:15 #8 type] 
Type domain.Erreserba is not enhanced.

[2023-05-10 16:20:15 #9 type] 
Type domain.Bazkide is not enhanced.

------------------------------------------------------------------------------------------------------------------------

[2023-05-10 16:22:43 #1 store] 
Database 'C:\Users\urtat\Downloads\Bets21\src\main\resources\bets.temp' is opened by 5208@DESKTOP-HFKTUSK

[2023-05-10 16:22:43 #2 type] 
Type domain.User is not enhanced.

[2023-05-10 16:22:43 #3 type] 
Type domain.Arduraduna is not enhanced.

[2023-05-10 16:22:43 #4 type] 
Type domain.Jarduera is not enhanced.

[2023-05-10 16:22:44 #5 type] 
Type domain.Areto is not enhanced.

[2023-05-10 16:22:44 #6 type] 
Type domain.Saioa is not enhanced.

[2023-05-10 16:22:44 #7 type] 
Type domain.Erreserba is not enhanced.

[2023-05-10 16:22:44 #8 type] 
Type domain.Bazkide is not enhanced.

------------------------------------------------------------------------------------------------------------------------

[2023-05-10 16:23:56 #1 store] 
Database 'C:\Users\urtat\Downloads\Bets21\src\main\resources\bets.temp' is opened by 17912@DESKTOP-HFKTUSK

[2023-05-10 16:23:56 #2 type] 
Type domain.User is not enhanced.

[2023-05-10 16:23:56 #3 type] 
Type domain.Arduraduna is not enhanced.

[2023-05-10 16:23:56 #4 type] 
Type domain.Jarduera is not enhanced.

[2023-05-10 16:23:56 #5 type] 
Type domain.Areto is not enhanced.

[2023-05-10 16:23:56 #6 type] 
Type domain.Saioa is not enhanced.

[2023-05-10 16:23:56 #7 type] 
Type domain.Erreserba is not enhanced.

[2023-05-10 16:23:56 #8 type] 
Type domain.Bazkide is not enhanced.

------------------------------------------------------------------------------------------------------------------------

[2023-05-10 16:27:16 #1 store] 
Database 'C:\Users\urtat\Downloads\Bets21\src\main\resources\bets.temp' is opened by 21684@DESKTOP-HFKTUSK

[2023-05-10 16:27:16 #2 type] 
Type domain.User is not enhanced.

[2023-05-10 16:27:16 #3 type] 
Type domain.Arduraduna is not enhanced.

[2023-05-10 16:27:16 #4 type] 
Type domain.Jarduera is not enhanced.

[2023-05-10 16:27:16 #5 type] 
Type domain.Areto is not enhanced.

[2023-05-10 16:27:16 #6 type] 
Type domain.Saioa is not enhanced.

[2023-05-10 16:27:16 #7 type] 
Type domain.Erreserba is not enhanced.

[2023-05-10 16:27:16 #8 type] 
Type domain.Bazkide is not enhanced.

------------------------------------------------------------------------------------------------------------------------

[2023-05-10 16:32:29 #1 store] 
Database 'C:\Users\urtat\Downloads\Bets21\src\main\resources\bets.temp' is opened by 24788@DESKTOP-HFKTUSK

[2023-05-10 16:32:29 #2 type.registry] 
New type domain.User

[2023-05-10 16:32:29 #3 type.registry] 
New type domain.Arduraduna

[2023-05-10 16:32:29 #4 type] 
Type domain.User is not enhanced.

[2023-05-10 16:32:29 #5 type] 
Type domain.Arduraduna is not enhanced.

[2023-05-10 16:32:29 #6 type.registry] 
New type domain.Jarduera

[2023-05-10 16:32:29 #7 type] 
Type domain.Jarduera is not enhanced.

[2023-05-10 16:32:29 #8 type.registry] 
New type domain.Areto

[2023-05-10 16:32:29 #9 type] 
Type domain.Areto is not enhanced.

[2023-05-10 16:32:29 #10 type.registry] 
New type domain.Saioa

[2023-05-10 16:32:29 #11 type.registry] 
New type java.util.Vector<domain.Saioa>

[2023-05-10 16:32:29 #12 type] 
Type domain.Saioa is not enhanced.

[2023-05-10 16:32:29 #13 type.registry] 
New type domain.Erreserba

[2023-05-10 16:32:29 #14 type.registry] 
New type java.util.Vector<domain.Erreserba>

[2023-05-10 16:32:29 #15 type] 
Type domain.Erreserba is not enhanced.

[2023-05-10 16:32:29 #16 type.registry] 
New type domain.Bazkide

[2023-05-10 16:32:29 #17 type] 
Type domain.Bazkide is not enhanced.

[2023-05-10 16:32:29 #18 type.registry] 
New type java.util.Vector<java.lang.Object>

[2023-05-10 16:32:29 #19 type.registry] 
New type java.util.LinkedList<java.lang.Object>

[2023-05-10 16:32:29 #20 type.registry] 
New type java.util.LinkedList<domain.Erreserba>

------------------------------------------------------------------------------------------------------------------------

[2023-05-10 16:32:42 #1 store] 
Database 'C:\Users\urtat\Downloads\Bets21\src\main\resources\bets.temp' has been recovered (tr. 1-10)

[2023-05-10 16:32:42 #2 store] 
Database 'C:\Users\urtat\Downloads\Bets21\src\main\resources\bets.temp' is opened by 7360@DESKTOP-HFKTUSK

[2023-05-10 16:32:42 #3 type] 
Type domain.User is not enhanced.

[2023-05-10 16:32:42 #4 type] 
Type domain.Arduraduna is not enhanced.

[2023-05-10 16:32:42 #5 type] 
Type domain.Jarduera is not enhanced.

[2023-05-10 16:32:42 #6 type] 
Type domain.Areto is not enhanced.

[2023-05-10 16:32:42 #7 type] 
Type domain.Saioa is not enhanced.

[2023-05-10 16:32:42 #8 type] 
Type domain.Erreserba is not enhanced.

[2023-05-10 16:32:42 #9 type] 
Type domain.Bazkide is not enhanced.

------------------------------------------------------------------------------------------------------------------------

[2023-05-10 16:33:10 #1 store] 
Database 'C:\Users\urtat\Downloads\Bets21\src\main\resources\bets.temp' has been recovered (tr. 11-11)

[2023-05-10 16:33:10 #2 store] 
Database 'C:\Users\urtat\Downloads\Bets21\src\main\resources\bets.temp' is opened by 24580@DESKTOP-HFKTUSK

[2023-05-10 16:33:10 #3 type] 
Type domain.User is not enhanced.

[2023-05-10 16:33:10 #4 type] 
Type domain.Arduraduna is not enhanced.

[2023-05-10 16:33:10 #5 type] 
Type domain.Jarduera is not enhanced.

[2023-05-10 16:33:10 #6 type] 
Type domain.Areto is not enhanced.

[2023-05-10 16:33:10 #7 type] 
Type domain.Saioa is not enhanced.

[2023-05-10 16:33:10 #8 type] 
Type domain.Erreserba is not enhanced.

[2023-05-10 16:33:10 #9 type] 
Type domain.Bazkide is not enhanced.

------------------------------------------------------------------------------------------------------------------------

[2023-05-10 16:40:50 #1 store] 
Database 'C:\Users\urtat\Downloads\Bets21\src\main\resources\bets.temp' has been recovered (tr. 12-12)

[2023-05-10 16:40:50 #2 store] 
Database 'C:\Users\urtat\Downloads\Bets21\src\main\resources\bets.temp' is opened by 4708@DESKTOP-HFKTUSK

[2023-05-10 16:40:50 #3 type] 
Type domain.User is not enhanced.

[2023-05-10 16:40:50 #4 type] 
Type domain.Arduraduna is not enhanced.

[2023-05-10 16:40:50 #5 type] 
Type domain.Jarduera is not enhanced.

[2023-05-10 16:40:50 #6 type] 
Type domain.Areto is not enhanced.

[2023-05-10 16:40:50 #7 type] 
Type domain.Saioa is not enhanced.

[2023-05-10 16:40:50 #8 type] 
Type domain.Erreserba is not enhanced.

[2023-05-10 16:40:50 #9 type] 
Type domain.Bazkide is not enhanced.

------------------------------------------------------------------------------------------------------------------------

[2023-05-10 16:41:16 #1 store] 
Database 'C:\Users\urtat\Downloads\Bets21\src\main\resources\bets.temp' is opened by 24128@DESKTOP-HFKTUSK

[2023-05-10 16:41:16 #2 type] 
Type domain.User is not enhanced.

[2023-05-10 16:41:16 #3 type] 
Type domain.Arduraduna is not enhanced.

[2023-05-10 16:41:16 #4 type] 
Type domain.Jarduera is not enhanced.

[2023-05-10 16:41:16 #5 type] 
Type domain.Areto is not enhanced.

[2023-05-10 16:41:16 #6 type] 
Type domain.Saioa is not enhanced.

[2023-05-10 16:41:16 #7 type] 
Type domain.Erreserba is not enhanced.

[2023-05-10 16:41:16 #8 type] 
Type domain.Bazkide is not enhanced.

------------------------------------------------------------------------------------------------------------------------

[2023-05-10 18:06:10 #1 store] 
Database 'C:\Users\urtat\Downloads\Bets21\src\main\resources\bets.temp' is opened by 24644@DESKTOP-HFKTUSK

[2023-05-10 18:06:10 #2 type] 
Type domain.User is not enhanced.

[2023-05-10 18:06:10 #3 type] 
Type domain.Arduraduna is not enhanced.

[2023-05-10 18:06:10 #4 type] 
Type domain.Jarduera is not enhanced.

[2023-05-10 18:06:10 #5 type] 
Type domain.Areto is not enhanced.

[2023-05-10 18:06:10 #6 type] 
Type domain.Saioa is not enhanced.

[2023-05-10 18:06:10 #7 type] 
Type domain.Erreserba is not enhanced.

[2023-05-10 18:06:10 #8 type] 
Type domain.Bazkide is not enhanced.

------------------------------------------------------------------------------------------------------------------------

[2023-05-10 18:06:46 #1 store] 
Database 'C:\Users\urtat\Downloads\Bets21\src\main\resources\bets.temp' is opened by 23688@DESKTOP-HFKTUSK

[2023-05-10 18:06:46 #2 type] 
Type domain.User is not enhanced.

[2023-05-10 18:06:46 #3 type] 
Type domain.Arduraduna is not enhanced.

[2023-05-10 18:06:46 #4 type] 
Type domain.Jarduera is not enhanced.

[2023-05-10 18:06:46 #5 type] 
Type domain.Areto is not enhanced.

[2023-05-10 18:06:46 #6 type] 
Type domain.Saioa is not enhanced.

[2023-05-10 18:06:46 #7 type] 
Type domain.Erreserba is not enhanced.

[2023-05-10 18:06:46 #8 type] 
Type domain.Bazkide is not enhanced.

------------------------------------------------------------------------------------------------------------------------

[2023-05-10 18:07:39 #1 store] 
Database 'C:\Users\urtat\Downloads\Bets21\src\main\resources\bets.temp' is opened by 24104@DESKTOP-HFKTUSK

[2023-05-10 18:07:39 #2 type] 
Type domain.User is not enhanced.

[2023-05-10 18:07:39 #3 type] 
Type domain.Arduraduna is not enhanced.

[2023-05-10 18:07:39 #4 type] 
Type domain.Jarduera is not enhanced.

[2023-05-10 18:07:39 #5 type] 
Type domain.Areto is not enhanced.

[2023-05-10 18:07:39 #6 type] 
Type domain.Saioa is not enhanced.

[2023-05-10 18:07:39 #7 type] 
Type domain.Erreserba is not enhanced.

[2023-05-10 18:07:39 #8 type] 
Type domain.Bazkide is not enhanced.

------------------------------------------------------------------------------------------------------------------------

[2023-05-10 18:09:40 #1 store] 
Database 'C:\Users\urtat\Downloads\Bets21\src\main\resources\bets.temp' is opened by 17784@DESKTOP-HFKTUSK

[2023-05-10 18:09:40 #2 type] 
Type domain.User is not enhanced.

[2023-05-10 18:09:40 #3 type] 
Type domain.Arduraduna is not enhanced.

[2023-05-10 18:09:40 #4 type] 
Type domain.Jarduera is not enhanced.

[2023-05-10 18:09:40 #5 type] 
Type domain.Areto is not enhanced.

[2023-05-10 18:09:40 #6 type] 
Type domain.Saioa is not enhanced.

[2023-05-10 18:09:40 #7 type] 
Type domain.Erreserba is not enhanced.

[2023-05-10 18:09:40 #8 type] 
Type domain.Bazkide is not enhanced.

------------------------------------------------------------------------------------------------------------------------

[2023-05-10 18:09:55 #1 store] 
Database 'C:\Users\urtat\Downloads\Bets21\src\main\resources\bets.temp' is opened by 24300@DESKTOP-HFKTUSK

[2023-05-10 18:09:55 #2 type] 
Type domain.User is not enhanced.

[2023-05-10 18:09:55 #3 type] 
Type domain.Arduraduna is not enhanced.

[2023-05-10 18:09:55 #4 type] 
Type domain.Jarduera is not enhanced.

[2023-05-10 18:09:55 #5 type] 
Type domain.Areto is not enhanced.

[2023-05-10 18:09:55 #6 type] 
Type domain.Saioa is not enhanced.

[2023-05-10 18:09:55 #7 type] 
Type domain.Erreserba is not enhanced.

[2023-05-10 18:09:55 #8 type] 
Type domain.Bazkide is not enhanced.

------------------------------------------------------------------------------------------------------------------------

[2023-05-10 18:12:43 #1 store] 
Database 'C:\Users\urtat\Downloads\Bets21\src\main\resources\bets.temp' is opened by 27892@DESKTOP-HFKTUSK

[2023-05-10 18:12:43 #2 type] 
Type domain.User is not enhanced.

[2023-05-10 18:12:43 #3 type] 
Type domain.Arduraduna is not enhanced.

[2023-05-10 18:12:43 #4 type] 
Type domain.Jarduera is not enhanced.

[2023-05-10 18:12:43 #5 type] 
Type domain.Areto is not enhanced.

[2023-05-10 18:12:43 #6 type] 
Type domain.Saioa is not enhanced.

[2023-05-10 18:12:43 #7 type] 
Type domain.Erreserba is not enhanced.

[2023-05-10 18:12:43 #8 type] 
Type domain.Bazkide is not enhanced.

------------------------------------------------------------------------------------------------------------------------

[2023-05-10 18:14:48 #1 store] 
Database 'C:\Users\urtat\Downloads\Bets21\src\main\resources\bets.temp' is opened by 25908@DESKTOP-HFKTUSK

[2023-05-10 18:14:48 #2 type] 
Type domain.User is not enhanced.

[2023-05-10 18:14:48 #3 type] 
Type domain.Arduraduna is not enhanced.

[2023-05-10 18:14:48 #4 type] 
Type domain.Jarduera is not enhanced.

[2023-05-10 18:14:48 #5 type] 
Type domain.Areto is not enhanced.

[2023-05-10 18:14:48 #6 type] 
Type domain.Saioa is not enhanced.

[2023-05-10 18:14:48 #7 type] 
Type domain.Erreserba is not enhanced.

[2023-05-10 18:14:48 #8 type] 
Type domain.Bazkide is not enhanced.

------------------------------------------------------------------------------------------------------------------------

[2023-05-10 18:17:44 #1 store] 
Database 'C:\Users\urtat\Downloads\Bets21\src\main\resources\bets.temp' is opened by 26704@DESKTOP-HFKTUSK

[2023-05-10 18:17:44 #2 type] 
Type domain.User is not enhanced.

[2023-05-10 18:17:44 #3 type] 
Type domain.Arduraduna is not enhanced.

[2023-05-10 18:17:44 #4 type] 
Type domain.Jarduera is not enhanced.

[2023-05-10 18:17:44 #5 type] 
Type domain.Areto is not enhanced.

[2023-05-10 18:17:44 #6 type] 
Type domain.Saioa is not enhanced.

[2023-05-10 18:17:44 #7 type] 
Type domain.Erreserba is not enhanced.

[2023-05-10 18:17:44 #8 type] 
Type domain.Bazkide is not enhanced.

