------------------------------------------------------------------------------------------------------------------------

[2023-05-11 09:15:32 #1 store] 
Database 'C:\Users\urtat\Downloads\Bets21\src\main\resources\bets.temp' is opened by 15752@DESKTOP-HFKTUSK

[2023-05-11 09:15:32 #2 type] 
Type domain.User is not enhanced.

[2023-05-11 09:15:32 #3 type] 
Type domain.Arduraduna is not enhanced.

[2023-05-11 09:15:32 #4 type] 
Type domain.Jarduera is not enhanced.

[2023-05-11 09:15:32 #5 type] 
Type domain.Areto is not enhanced.

[2023-05-11 09:15:32 #6 type] 
Type domain.Saioa is not enhanced.

[2023-05-11 09:15:32 #7 type] 
Type domain.Erreserba is not enhanced.

[2023-05-11 09:15:32 #8 type] 
Type domain.Bazkide is not enhanced.

------------------------------------------------------------------------------------------------------------------------

[2023-05-11 09:16:50 #1 store] 
Database 'C:\Users\urtat\Downloads\Bets21\src\main\resources\bets.temp' is opened by 9076@DESKTOP-HFKTUSK

[2023-05-11 09:16:50 #2 type] 
Type domain.User is not enhanced.

[2023-05-11 09:16:50 #3 type] 
Type domain.Arduraduna is not enhanced.

[2023-05-11 09:16:50 #4 type] 
Type domain.Jarduera is not enhanced.

[2023-05-11 09:16:50 #5 type] 
Type domain.Areto is not enhanced.

[2023-05-11 09:16:50 #6 type] 
Type domain.Saioa is not enhanced.

[2023-05-11 09:16:50 #7 type] 
Type domain.Erreserba is not enhanced.

[2023-05-11 09:16:50 #8 type] 
Type domain.Bazkide is not enhanced.

------------------------------------------------------------------------------------------------------------------------

[2023-05-11 09:18:12 #1 store] 
Database 'C:\Users\urtat\Downloads\Bets21\src\main\resources\bets.temp' is opened by 22072@DESKTOP-HFKTUSK

[2023-05-11 09:18:12 #2 type] 
Type domain.User is not enhanced.

[2023-05-11 09:18:12 #3 type] 
Type domain.Arduraduna is not enhanced.

[2023-05-11 09:18:12 #4 type] 
Type domain.Jarduera is not enhanced.

[2023-05-11 09:18:12 #5 type] 
Type domain.Areto is not enhanced.

[2023-05-11 09:18:12 #6 type] 
Type domain.Saioa is not enhanced.

[2023-05-11 09:18:12 #7 type] 
Type domain.Erreserba is not enhanced.

[2023-05-11 09:18:12 #8 type] 
Type domain.Bazkide is not enhanced.

------------------------------------------------------------------------------------------------------------------------

[2023-05-11 09:19:55 #1 store] 
Database 'C:\Users\urtat\Downloads\Bets21\src\main\resources\bets.temp' is opened by 17756@DESKTOP-HFKTUSK

[2023-05-11 09:19:56 #2 type] 
Type domain.User is not enhanced.

[2023-05-11 09:19:56 #3 type] 
Type domain.Arduraduna is not enhanced.

[2023-05-11 09:19:56 #4 type] 
Type domain.Jarduera is not enhanced.

[2023-05-11 09:19:56 #5 type] 
Type domain.Areto is not enhanced.

[2023-05-11 09:19:56 #6 type] 
Type domain.Saioa is not enhanced.

[2023-05-11 09:19:56 #7 type] 
Type domain.Erreserba is not enhanced.

[2023-05-11 09:19:56 #8 type] 
Type domain.Bazkide is not enhanced.

------------------------------------------------------------------------------------------------------------------------

[2023-05-11 09:24:30 #1 store] 
Database 'C:\Users\urtat\Downloads\Bets21\src\main\resources\bets.temp' is opened by 2572@DESKTOP-HFKTUSK

[2023-05-11 09:24:30 #2 type] 
Type domain.User is not enhanced.

[2023-05-11 09:24:30 #3 type] 
Type domain.Arduraduna is not enhanced.

[2023-05-11 09:24:30 #4 type] 
Type domain.Jarduera is not enhanced.

[2023-05-11 09:24:30 #5 type] 
Type domain.Areto is not enhanced.

[2023-05-11 09:24:30 #6 type] 
Type domain.Saioa is not enhanced.

[2023-05-11 09:24:30 #7 type] 
Type domain.Erreserba is not enhanced.

[2023-05-11 09:24:30 #8 type] 
Type domain.Bazkide is not enhanced.

------------------------------------------------------------------------------------------------------------------------

[2023-05-11 09:39:17 #1 store] 
Database 'C:\Users\urtat\Downloads\Bets21\src\main\resources\bets.temp' is opened by 29656@DESKTOP-HFKTUSK

[2023-05-11 09:39:17 #2 type] 
Type domain.User is not enhanced.

[2023-05-11 09:39:17 #3 type] 
Type domain.Arduraduna is not enhanced.

[2023-05-11 09:39:17 #4 type] 
Type domain.Jarduera is not enhanced.

[2023-05-11 09:39:17 #5 type] 
Type domain.Areto is not enhanced.

[2023-05-11 09:39:17 #6 type] 
Type domain.Saioa is not enhanced.

[2023-05-11 09:39:17 #7 type] 
Type domain.Erreserba is not enhanced.

[2023-05-11 09:39:17 #8 type] 
Type domain.Bazkide is not enhanced.

------------------------------------------------------------------------------------------------------------------------

[2023-05-11 09:40:30 #1 store] 
Database 'C:\Users\urtat\Downloads\Bets21\src\main\resources\bets.temp' is opened by 5404@DESKTOP-HFKTUSK

[2023-05-11 09:40:30 #2 type] 
Type domain.User is not enhanced.

[2023-05-11 09:40:30 #3 type] 
Type domain.Arduraduna is not enhanced.

[2023-05-11 09:40:30 #4 type] 
Type domain.Jarduera is not enhanced.

[2023-05-11 09:40:30 #5 type] 
Type domain.Areto is not enhanced.

[2023-05-11 09:40:30 #6 type] 
Type domain.Saioa is not enhanced.

[2023-05-11 09:40:30 #7 type] 
Type domain.Erreserba is not enhanced.

[2023-05-11 09:40:30 #8 type] 
Type domain.Bazkide is not enhanced.

------------------------------------------------------------------------------------------------------------------------

[2023-05-11 09:42:47 #1 store] 
Database 'C:\Users\urtat\Downloads\Bets21\src\main\resources\bets.temp' is opened by 14460@DESKTOP-HFKTUSK

[2023-05-11 09:42:47 #2 type] 
Type domain.User is not enhanced.

[2023-05-11 09:42:47 #3 type] 
Type domain.Arduraduna is not enhanced.

[2023-05-11 09:42:47 #4 type] 
Type domain.Jarduera is not enhanced.

[2023-05-11 09:42:47 #5 type] 
Type domain.Areto is not enhanced.

[2023-05-11 09:42:47 #6 type] 
Type domain.Saioa is not enhanced.

[2023-05-11 09:42:47 #7 type] 
Type domain.Erreserba is not enhanced.

[2023-05-11 09:42:47 #8 type] 
Type domain.Bazkide is not enhanced.

------------------------------------------------------------------------------------------------------------------------

[2023-05-11 09:43:30 #1 store] 
Database 'C:\Users\urtat\Downloads\Bets21\src\main\resources\bets.temp' is opened by 25320@DESKTOP-HFKTUSK

[2023-05-11 09:43:30 #2 type] 
Type domain.User is not enhanced.

[2023-05-11 09:43:30 #3 type] 
Type domain.Arduraduna is not enhanced.

[2023-05-11 09:43:30 #4 type] 
Type domain.Jarduera is not enhanced.

[2023-05-11 09:43:30 #5 type] 
Type domain.Areto is not enhanced.

[2023-05-11 09:43:30 #6 type] 
Type domain.Saioa is not enhanced.

[2023-05-11 09:43:30 #7 type] 
Type domain.Erreserba is not enhanced.

[2023-05-11 09:43:30 #8 type] 
Type domain.Bazkide is not enhanced.

------------------------------------------------------------------------------------------------------------------------

[2023-05-11 09:44:41 #1 store] 
Database 'C:\Users\urtat\Downloads\Bets21\src\main\resources\bets.temp' is opened by 15892@DESKTOP-HFKTUSK

[2023-05-11 09:44:41 #2 type] 
Type domain.User is not enhanced.

[2023-05-11 09:44:41 #3 type] 
Type domain.Arduraduna is not enhanced.

[2023-05-11 09:44:41 #4 type] 
Type domain.Jarduera is not enhanced.

[2023-05-11 09:44:41 #5 type] 
Type domain.Areto is not enhanced.

[2023-05-11 09:44:41 #6 type] 
Type domain.Saioa is not enhanced.

[2023-05-11 09:44:41 #7 type] 
Type domain.Erreserba is not enhanced.

[2023-05-11 09:44:41 #8 type] 
Type domain.Bazkide is not enhanced.

------------------------------------------------------------------------------------------------------------------------

[2023-05-11 10:04:00 #1 store] 
Database 'C:\Users\urtat\Downloads\Bets21\src\main\resources\bets.temp' is opened by 24600@DESKTOP-HFKTUSK

[2023-05-11 10:04:01 #2 type] 
Type domain.User is not enhanced.

[2023-05-11 10:04:01 #3 type] 
Type domain.Arduraduna is not enhanced.

[2023-05-11 10:04:01 #4 type] 
Type domain.Jarduera is not enhanced.

[2023-05-11 10:04:01 #5 type] 
Type domain.Areto is not enhanced.

[2023-05-11 10:04:01 #6 type] 
Type domain.Saioa is not enhanced.

[2023-05-11 10:04:01 #7 type] 
Type domain.Erreserba is not enhanced.

[2023-05-11 10:04:01 #8 type] 
Type domain.Bazkide is not enhanced.

------------------------------------------------------------------------------------------------------------------------

[2023-05-11 10:44:16 #1 store] 
Database 'C:\Users\urtat\Downloads\Bets21\src\main\resources\bets.temp' is opened by 10992@DESKTOP-HFKTUSK

[2023-05-11 10:44:16 #2 type] 
Type domain.User is not enhanced.

[2023-05-11 10:44:16 #3 type] 
Type domain.Arduraduna is not enhanced.

[2023-05-11 10:44:16 #4 type] 
Type domain.Jarduera is not enhanced.

[2023-05-11 10:44:16 #5 type] 
Type domain.Areto is not enhanced.

[2023-05-11 10:44:16 #6 type] 
Type domain.Saioa is not enhanced.

[2023-05-11 10:44:16 #7 type] 
Type domain.Erreserba is not enhanced.

[2023-05-11 10:44:16 #8 type] 
Type domain.Bazkide is not enhanced.

------------------------------------------------------------------------------------------------------------------------

[2023-05-11 10:46:24 #1 store] 
Database 'C:\Users\urtat\Downloads\Bets21\src\main\resources\bets.temp' is opened by 19340@DESKTOP-HFKTUSK

[2023-05-11 10:46:24 #2 type] 
Type domain.User is not enhanced.

[2023-05-11 10:46:24 #3 type] 
Type domain.Arduraduna is not enhanced.

[2023-05-11 10:46:24 #4 type] 
Type domain.Jarduera is not enhanced.

[2023-05-11 10:46:24 #5 type] 
Type domain.Areto is not enhanced.

[2023-05-11 10:46:24 #6 type] 
Type domain.Saioa is not enhanced.

[2023-05-11 10:46:24 #7 type] 
Type domain.Erreserba is not enhanced.

[2023-05-11 10:46:24 #8 type] 
Type domain.Bazkide is not enhanced.

------------------------------------------------------------------------------------------------------------------------

[2023-05-11 10:55:01 #1 store] 
Database 'C:\Users\urtat\Downloads\Bets21\src\main\resources\bets.temp' is opened by 27624@DESKTOP-HFKTUSK

[2023-05-11 10:55:01 #2 type.registry] 
New type domain.User

[2023-05-11 10:55:01 #3 type.registry] 
New type domain.Arduraduna

[2023-05-11 10:55:01 #4 type] 
Type domain.User is not enhanced.

[2023-05-11 10:55:01 #5 type] 
Type domain.Arduraduna is not enhanced.

[2023-05-11 10:55:01 #6 type.registry] 
New type domain.Jarduera

[2023-05-11 10:55:01 #7 type] 
Type domain.Jarduera is not enhanced.

[2023-05-11 10:55:01 #8 type.registry] 
New type domain.Areto

[2023-05-11 10:55:01 #9 type] 
Type domain.Areto is not enhanced.

[2023-05-11 10:55:01 #10 type.registry] 
New type domain.Saioa

[2023-05-11 10:55:01 #11 type.registry] 
New type java.util.Vector<domain.Saioa>

[2023-05-11 10:55:01 #12 type] 
Type domain.Saioa is not enhanced.

[2023-05-11 10:55:01 #13 type.registry] 
New type domain.Erreserba

[2023-05-11 10:55:01 #14 type.registry] 
New type java.util.Vector<domain.Erreserba>

[2023-05-11 10:55:01 #15 type] 
Type domain.Erreserba is not enhanced.

[2023-05-11 10:55:01 #16 type.registry] 
New type domain.Bazkide

[2023-05-11 10:55:01 #17 type] 
Type domain.Bazkide is not enhanced.

[2023-05-11 10:55:01 #18 type.registry] 
New type java.util.Vector<java.lang.Object>

[2023-05-11 10:55:01 #19 type.registry] 
New type java.util.LinkedList<java.lang.Object>

[2023-05-11 10:55:01 #20 type.registry] 
New type java.util.LinkedList<domain.Erreserba>

------------------------------------------------------------------------------------------------------------------------

[2023-05-11 10:58:57 #1 store] 
Database 'C:\Users\urtat\Downloads\Bets21\src\main\resources\bets.temp' is opened by 28608@DESKTOP-HFKTUSK

[2023-05-11 10:58:57 #2 type.registry] 
New type domain.User

[2023-05-11 10:58:57 #3 type.registry] 
New type domain.Arduraduna

[2023-05-11 10:58:57 #4 type] 
Type domain.User is not enhanced.

[2023-05-11 10:58:57 #5 type] 
Type domain.Arduraduna is not enhanced.

[2023-05-11 10:58:57 #6 type.registry] 
New type domain.Jarduera

[2023-05-11 10:58:57 #7 type] 
Type domain.Jarduera is not enhanced.

[2023-05-11 10:58:57 #8 type.registry] 
New type domain.Areto

[2023-05-11 10:58:57 #9 type] 
Type domain.Areto is not enhanced.

[2023-05-11 10:58:57 #10 type.registry] 
New type domain.Saioa

[2023-05-11 10:58:57 #11 type.registry] 
New type java.util.Vector<domain.Saioa>

[2023-05-11 10:58:57 #12 type] 
Type domain.Saioa is not enhanced.

[2023-05-11 10:58:57 #13 type.registry] 
New type domain.Erreserba

[2023-05-11 10:58:57 #14 type.registry] 
New type java.util.Vector<domain.Erreserba>

[2023-05-11 10:58:57 #15 type] 
Type domain.Erreserba is not enhanced.

[2023-05-11 10:58:57 #16 type.registry] 
New type domain.Bazkide

[2023-05-11 10:58:57 #17 type] 
Type domain.Bazkide is not enhanced.

[2023-05-11 10:58:57 #18 type.registry] 
New type java.util.Vector<java.lang.Object>

[2023-05-11 10:58:57 #19 type.registry] 
New type java.util.LinkedList<java.lang.Object>

[2023-05-11 10:58:57 #20 type.registry] 
New type java.util.LinkedList<domain.Erreserba>

------------------------------------------------------------------------------------------------------------------------

[2023-05-11 10:59:06 #1 store] 
Database 'C:\Users\urtat\Downloads\Bets21\src\main\resources\bets.temp' has been recovered (tr. 1-10)

[2023-05-11 10:59:06 #2 store] 
Database 'C:\Users\urtat\Downloads\Bets21\src\main\resources\bets.temp' is opened by 26996@DESKTOP-HFKTUSK

[2023-05-11 10:59:06 #3 type] 
Type domain.User is not enhanced.

[2023-05-11 10:59:06 #4 type] 
Type domain.Arduraduna is not enhanced.

[2023-05-11 10:59:06 #5 type] 
Type domain.Jarduera is not enhanced.

[2023-05-11 10:59:06 #6 type] 
Type domain.Areto is not enhanced.

[2023-05-11 10:59:06 #7 type] 
Type domain.Saioa is not enhanced.

[2023-05-11 10:59:06 #8 type] 
Type domain.Erreserba is not enhanced.

[2023-05-11 10:59:06 #9 type] 
Type domain.Bazkide is not enhanced.

------------------------------------------------------------------------------------------------------------------------

[2023-05-11 10:59:54 #1 store] 
Database 'C:\Users\urtat\Downloads\Bets21\src\main\resources\bets.temp' is opened by 26664@DESKTOP-HFKTUSK

[2023-05-11 10:59:54 #2 type] 
Type domain.User is not enhanced.

[2023-05-11 10:59:54 #3 type] 
Type domain.Arduraduna is not enhanced.

[2023-05-11 10:59:54 #4 type] 
Type domain.Jarduera is not enhanced.

[2023-05-11 10:59:54 #5 type] 
Type domain.Areto is not enhanced.

[2023-05-11 10:59:54 #6 type] 
Type domain.Saioa is not enhanced.

[2023-05-11 10:59:54 #7 type] 
Type domain.Erreserba is not enhanced.

[2023-05-11 10:59:54 #8 type] 
Type domain.Bazkide is not enhanced.

------------------------------------------------------------------------------------------------------------------------

[2023-05-11 11:00:35 #1 store] 
Database 'C:\Users\urtat\Downloads\Bets21\src\main\resources\bets.temp' is opened by 872@DESKTOP-HFKTUSK

[2023-05-11 11:00:35 #2 type] 
Type domain.User is not enhanced.

[2023-05-11 11:00:35 #3 type] 
Type domain.Arduraduna is not enhanced.

[2023-05-11 11:00:35 #4 type] 
Type domain.Jarduera is not enhanced.

[2023-05-11 11:00:35 #5 type] 
Type domain.Areto is not enhanced.

[2023-05-11 11:00:35 #6 type] 
Type domain.Saioa is not enhanced.

[2023-05-11 11:00:35 #7 type] 
Type domain.Erreserba is not enhanced.

[2023-05-11 11:00:35 #8 type] 
Type domain.Bazkide is not enhanced.

------------------------------------------------------------------------------------------------------------------------

[2023-05-11 11:05:16 #1 store] 
Database 'C:\Users\urtat\Downloads\Bets21\src\main\resources\bets.temp' is opened by 11996@DESKTOP-HFKTUSK

[2023-05-11 11:05:16 #2 type] 
Type domain.User is not enhanced.

[2023-05-11 11:05:16 #3 type] 
Type domain.Arduraduna is not enhanced.

[2023-05-11 11:05:16 #4 type] 
Type domain.Jarduera is not enhanced.

[2023-05-11 11:05:16 #5 type] 
Type domain.Areto is not enhanced.

[2023-05-11 11:05:16 #6 type] 
Type domain.Saioa is not enhanced.

[2023-05-11 11:05:16 #7 type] 
Type domain.Erreserba is not enhanced.

[2023-05-11 11:05:16 #8 type] 
Type domain.Bazkide is not enhanced.

------------------------------------------------------------------------------------------------------------------------

[2023-05-11 11:11:21 #1 store] 
Database 'C:\Users\urtat\Downloads\Bets21\src\main\resources\bets.temp' is opened by 26268@DESKTOP-HFKTUSK

[2023-05-11 11:11:21 #2 type] 
Type domain.User is not enhanced.

[2023-05-11 11:11:21 #3 type] 
Type domain.Arduraduna is not enhanced.

[2023-05-11 11:11:21 #4 type] 
Type domain.Jarduera is not enhanced.

[2023-05-11 11:11:21 #5 type] 
Type domain.Areto is not enhanced.

[2023-05-11 11:11:21 #6 type] 
Type domain.Saioa is not enhanced.

[2023-05-11 11:11:21 #7 type] 
Type domain.Erreserba is not enhanced.

[2023-05-11 11:11:21 #8 type] 
Type domain.Bazkide is not enhanced.

------------------------------------------------------------------------------------------------------------------------

[2023-05-11 11:12:36 #1 store] 
Database 'C:\Users\urtat\Downloads\Bets21\src\main\resources\bets.temp' has been recovered (tr. 13-13)

[2023-05-11 11:12:36 #2 store] 
Database 'C:\Users\urtat\Downloads\Bets21\src\main\resources\bets.temp' is opened by 21732@DESKTOP-HFKTUSK

[2023-05-11 11:12:36 #3 type] 
Type domain.User is not enhanced.

[2023-05-11 11:12:36 #4 type] 
Type domain.Arduraduna is not enhanced.

[2023-05-11 11:12:36 #5 type] 
Type domain.Jarduera is not enhanced.

[2023-05-11 11:12:36 #6 type] 
Type domain.Areto is not enhanced.

[2023-05-11 11:12:36 #7 type] 
Type domain.Saioa is not enhanced.

[2023-05-11 11:12:36 #8 type] 
Type domain.Erreserba is not enhanced.

[2023-05-11 11:12:36 #9 type] 
Type domain.Bazkide is not enhanced.

