------------------------------------------------------------------------------------------------------------------------

[2023-05-03 09:30:04 #1 store] 
Database 'C:\Users\urtat\Downloads\Bets21\src\main\resources\bets.temp' is opened by 21320@DESKTOP-HFKTUSK

[2023-05-03 09:30:04 #2 type] 
Type domain.User is not enhanced.

[2023-05-03 09:30:04 #3 type] 
Type domain.Arduraduna is not enhanced.

[2023-05-03 09:30:04 #4 type] 
Type domain.Jarduera is not enhanced.

[2023-05-03 09:30:04 #5 type] 
Type domain.Bazkide is not enhanced.

------------------------------------------------------------------------------------------------------------------------

[2023-05-03 09:31:07 #1 store] 
Database 'C:\Users\urtat\Downloads\Bets21\src\main\resources\bets.temp' is opened by 14108@DESKTOP-HFKTUSK

[2023-05-03 09:31:07 #2 type.registry] 
New type domain.User

[2023-05-03 09:31:07 #3 type.registry] 
New type domain.Arduraduna

[2023-05-03 09:31:07 #4 type] 
Type domain.User is not enhanced.

[2023-05-03 09:31:07 #5 type] 
Type domain.Arduraduna is not enhanced.

[2023-05-03 09:31:07 #6 type.registry] 
New type domain.Jarduera

[2023-05-03 09:31:07 #7 type] 
Type domain.Jarduera is not enhanced.

------------------------------------------------------------------------------------------------------------------------

[2023-05-03 09:40:59 #1 store] 
Database 'C:\Users\urtat\Downloads\Bets21\src\main\resources\bets.temp' is opened by 7180@DESKTOP-HFKTUSK

[2023-05-03 09:40:59 #2 type.registry] 
New type domain.User

[2023-05-03 09:40:59 #3 type.registry] 
New type domain.Arduraduna

[2023-05-03 09:40:59 #4 type] 
Type domain.User is not enhanced.

[2023-05-03 09:40:59 #5 type] 
Type domain.Arduraduna is not enhanced.

[2023-05-03 09:40:59 #6 type.registry] 
New type domain.Jarduera

[2023-05-03 09:40:59 #7 type] 
Type domain.Jarduera is not enhanced.

------------------------------------------------------------------------------------------------------------------------

[2023-05-03 09:42:13 #1 store] 
Database 'C:\Users\urtat\Downloads\Bets21\src\main\resources\bets.temp' is opened by 2052@DESKTOP-HFKTUSK

[2023-05-03 09:42:13 #2 type.registry] 
New type domain.User

[2023-05-03 09:42:13 #3 type.registry] 
New type domain.Arduraduna

[2023-05-03 09:42:13 #4 type] 
Type domain.User is not enhanced.

[2023-05-03 09:42:13 #5 type] 
Type domain.Arduraduna is not enhanced.

[2023-05-03 09:42:13 #6 type.registry] 
New type domain.Jarduera

[2023-05-03 09:42:13 #7 type] 
Type domain.Jarduera is not enhanced.

[2023-05-03 09:42:48 #8 type.registry] 
New type domain.Bazkide

[2023-05-03 09:42:48 #9 type] 
Type domain.Bazkide is not enhanced.

[2023-05-03 09:42:48 #10 type.registry] 
New type domain.Erreserba

[2023-05-03 09:42:48 #11 type.registry] 
New type java.util.Vector<domain.Erreserba>

[2023-05-03 09:42:48 #12 type.registry] 
New type java.util.Vector<java.lang.Object>

------------------------------------------------------------------------------------------------------------------------

[2023-05-03 09:44:09 #1 store] 
Database 'C:\Users\urtat\Downloads\Bets21\src\main\resources\bets.temp' is opened by 21292@DESKTOP-HFKTUSK

[2023-05-03 09:44:09 #2 type.registry] 
New type domain.User

[2023-05-03 09:44:09 #3 type.registry] 
New type domain.Arduraduna

[2023-05-03 09:44:09 #4 type] 
Type domain.User is not enhanced.

[2023-05-03 09:44:09 #5 type] 
Type domain.Arduraduna is not enhanced.

[2023-05-03 09:44:09 #6 type.registry] 
New type domain.Jarduera

[2023-05-03 09:44:09 #7 type] 
Type domain.Jarduera is not enhanced.

[2023-05-03 09:44:28 #8 type.registry] 
New type domain.Bazkide

[2023-05-03 09:44:28 #9 type] 
Type domain.Bazkide is not enhanced.

[2023-05-03 09:44:28 #10 type.registry] 
New type domain.Erreserba

[2023-05-03 09:44:28 #11 type.registry] 
New type java.util.Vector<domain.Erreserba>

[2023-05-03 09:44:28 #12 type.registry] 
New type java.util.Vector<java.lang.Object>

------------------------------------------------------------------------------------------------------------------------

[2023-05-03 10:01:05 #1 store] 
Database 'C:\Users\urtat\Downloads\Bets21\src\main\resources\bets.temp' is opened by 25460@DESKTOP-HFKTUSK

[2023-05-03 10:01:05 #2 type.registry] 
New type domain.User

[2023-05-03 10:01:05 #3 type.registry] 
New type domain.Arduraduna

[2023-05-03 10:01:05 #4 type] 
Type domain.User is not enhanced.

[2023-05-03 10:01:05 #5 type] 
Type domain.Arduraduna is not enhanced.

[2023-05-03 10:01:05 #6 type.registry] 
New type domain.Jarduera

[2023-05-03 10:01:05 #7 type] 
Type domain.Jarduera is not enhanced.

