------------------------------------------------------------------------------------------------------------------------

[2023-05-08 09:57:04 #1 store] 
Database 'C:\Users\urtat\Downloads\Bets21\src\main\resources\bets.temp' is opened by 30448@DESKTOP-HFKTUSK

[2023-05-08 09:57:04 #2 type.registry] 
New type domain.User

[2023-05-08 09:57:04 #3 type.registry] 
New type domain.Arduraduna

[2023-05-08 09:57:04 #4 type] 
Type domain.User is not enhanced.

[2023-05-08 09:57:04 #5 type] 
Type domain.Arduraduna is not enhanced.

[2023-05-08 09:57:04 #6 type.registry] 
New type domain.Jarduera

[2023-05-08 09:57:04 #7 type] 
Type domain.Jarduera is not enhanced.

[2023-05-08 09:57:04 #8 type.registry] 
New type domain.Areto

[2023-05-08 09:57:04 #9 type] 
Type domain.Areto is not enhanced.

[2023-05-08 09:57:04 #10 type.registry] 
New type domain.Saioa

[2023-05-08 09:57:04 #11 type.registry] 
New type java.util.Vector<domain.Saioa>

[2023-05-08 09:57:04 #12 type.registry] 
New type java.util.Vector<java.lang.Object>

------------------------------------------------------------------------------------------------------------------------

[2023-05-08 09:57:19 #1 store] 
Database 'C:\Users\urtat\Downloads\Bets21\src\main\resources\bets.temp' is opened by 25280@DESKTOP-HFKTUSK

[2023-05-08 09:57:19 #2 type.registry] 
New type domain.User

[2023-05-08 09:57:19 #3 type.registry] 
New type domain.Arduraduna

[2023-05-08 09:57:19 #4 type] 
Type domain.User is not enhanced.

[2023-05-08 09:57:19 #5 type] 
Type domain.Arduraduna is not enhanced.

[2023-05-08 09:57:19 #6 type.registry] 
New type domain.Jarduera

[2023-05-08 09:57:19 #7 type] 
Type domain.Jarduera is not enhanced.

[2023-05-08 09:57:19 #8 type.registry] 
New type domain.Areto

[2023-05-08 09:57:19 #9 type] 
Type domain.Areto is not enhanced.

[2023-05-08 09:57:19 #10 type.registry] 
New type domain.Saioa

[2023-05-08 09:57:19 #11 type.registry] 
New type java.util.Vector<domain.Saioa>

[2023-05-08 09:57:19 #12 type.registry] 
New type java.util.Vector<java.lang.Object>

------------------------------------------------------------------------------------------------------------------------

[2023-05-08 12:16:15 #1 store] 
Database 'C:\Users\urtat\Downloads\Bets21\src\main\resources\bets.temp' is opened by 12720@DESKTOP-HFKTUSK

------------------------------------------------------------------------------------------------------------------------

[2023-05-08 12:17:14 #1 store] 
Database 'C:\Users\urtat\Downloads\Bets21\src\main\resources\bets.temp' is opened by 21900@DESKTOP-HFKTUSK

[2023-05-08 12:17:14 #2 type.registry] 
New type domain.User

[2023-05-08 12:17:14 #3 type.registry] 
New type domain.Arduraduna

[2023-05-08 12:17:14 #4 type] 
Type domain.User is not enhanced.

[2023-05-08 12:17:14 #5 type] 
Type domain.Arduraduna is not enhanced.

[2023-05-08 12:17:14 #6 type.registry] 
New type domain.Jarduera

[2023-05-08 12:17:14 #7 type] 
Type domain.Jarduera is not enhanced.

[2023-05-08 12:17:14 #8 type.registry] 
New type domain.Areto

[2023-05-08 12:17:14 #9 type] 
Type domain.Areto is not enhanced.

[2023-05-08 12:17:14 #10 type.registry] 
New type domain.Saioa

[2023-05-08 12:17:14 #11 type.registry] 
New type java.util.Vector<domain.Saioa>

[2023-05-08 12:17:14 #12 type.registry] 
New type java.util.Vector<java.lang.Object>

------------------------------------------------------------------------------------------------------------------------

[2023-05-08 12:18:14 #1 store] 
Database 'C:\Users\urtat\Downloads\Bets21\src\main\resources\bets.temp' is opened by 28740@DESKTOP-HFKTUSK

[2023-05-08 12:18:14 #2 type.registry] 
New type domain.User

[2023-05-08 12:18:14 #3 type.registry] 
New type domain.Arduraduna

[2023-05-08 12:18:14 #4 type] 
Type domain.User is not enhanced.

[2023-05-08 12:18:14 #5 type] 
Type domain.Arduraduna is not enhanced.

[2023-05-08 12:18:14 #6 type.registry] 
New type domain.Jarduera

[2023-05-08 12:18:14 #7 type] 
Type domain.Jarduera is not enhanced.

[2023-05-08 12:18:14 #8 type.registry] 
New type domain.Areto

[2023-05-08 12:18:14 #9 type] 
Type domain.Areto is not enhanced.

[2023-05-08 12:18:14 #10 type.registry] 
New type domain.Saioa

[2023-05-08 12:18:14 #11 type.registry] 
New type java.util.Vector<domain.Saioa>

[2023-05-08 12:18:14 #12 type.registry] 
New type java.util.Vector<java.lang.Object>

------------------------------------------------------------------------------------------------------------------------

[2023-05-08 12:19:05 #1 store] 
Database 'C:\Users\urtat\Downloads\Bets21\src\main\resources\bets.temp' is opened by 32332@DESKTOP-HFKTUSK

[2023-05-08 12:19:05 #2 type.registry] 
New type domain.User

[2023-05-08 12:19:05 #3 type.registry] 
New type domain.Arduraduna

[2023-05-08 12:19:05 #4 type] 
Type domain.User is not enhanced.

[2023-05-08 12:19:05 #5 type] 
Type domain.Arduraduna is not enhanced.

[2023-05-08 12:19:05 #6 type.registry] 
New type domain.Jarduera

[2023-05-08 12:19:05 #7 type] 
Type domain.Jarduera is not enhanced.

[2023-05-08 12:19:05 #8 type.registry] 
New type domain.Areto

[2023-05-08 12:19:05 #9 type] 
Type domain.Areto is not enhanced.

[2023-05-08 12:19:05 #10 type.registry] 
New type domain.Saioa

[2023-05-08 12:19:06 #11 type.registry] 
New type java.util.Vector<domain.Saioa>

------------------------------------------------------------------------------------------------------------------------

[2023-05-08 12:20:30 #1 store] 
Database 'C:\Users\urtat\Downloads\Bets21\src\main\resources\bets.temp' is opened by 14920@DESKTOP-HFKTUSK

[2023-05-08 12:20:30 #2 type.registry] 
New type domain.User

[2023-05-08 12:20:30 #3 type.registry] 
New type domain.Arduraduna

[2023-05-08 12:20:30 #4 type] 
Type domain.User is not enhanced.

[2023-05-08 12:20:30 #5 type] 
Type domain.Arduraduna is not enhanced.

[2023-05-08 12:20:30 #6 type.registry] 
New type domain.Jarduera

[2023-05-08 12:20:30 #7 type] 
Type domain.Jarduera is not enhanced.

[2023-05-08 12:20:30 #8 type.registry] 
New type domain.Areto

[2023-05-08 12:20:30 #9 type] 
Type domain.Areto is not enhanced.

[2023-05-08 12:20:30 #10 type.registry] 
New type domain.Saioa

[2023-05-08 12:20:30 #11 type.registry] 
New type java.util.Vector<domain.Saioa>

------------------------------------------------------------------------------------------------------------------------

[2023-05-08 12:21:22 #1 store] 
Database 'C:\Users\urtat\Downloads\Bets21\src\main\resources\bets.temp' is opened by 32124@DESKTOP-HFKTUSK

[2023-05-08 12:21:22 #2 type.registry] 
New type domain.User

[2023-05-08 12:21:22 #3 type.registry] 
New type domain.Arduraduna

[2023-05-08 12:21:22 #4 type] 
Type domain.User is not enhanced.

[2023-05-08 12:21:22 #5 type] 
Type domain.Arduraduna is not enhanced.

[2023-05-08 12:21:22 #6 type.registry] 
New type domain.Jarduera

[2023-05-08 12:21:22 #7 type] 
Type domain.Jarduera is not enhanced.

[2023-05-08 12:21:22 #8 type.registry] 
New type domain.Areto

[2023-05-08 12:21:22 #9 type] 
Type domain.Areto is not enhanced.

[2023-05-08 12:21:22 #10 type.registry] 
New type domain.Saioa

[2023-05-08 12:21:22 #11 type.registry] 
New type java.util.Vector<domain.Saioa>

------------------------------------------------------------------------------------------------------------------------

[2023-05-08 12:22:54 #1 store] 
Database 'C:\Users\urtat\Downloads\Bets21\src\main\resources\bets.temp' is opened by 29188@DESKTOP-HFKTUSK

[2023-05-08 12:22:54 #2 type] 
Type domain.User is not enhanced.

[2023-05-08 12:22:54 #3 type] 
Type domain.Arduraduna is not enhanced.

[2023-05-08 12:22:54 #4 type] 
Type domain.Jarduera is not enhanced.

[2023-05-08 12:22:54 #5 type] 
Type domain.Areto is not enhanced.

------------------------------------------------------------------------------------------------------------------------

[2023-05-08 12:23:40 #1 store] 
Database 'C:\Users\urtat\Downloads\Bets21\src\main\resources\bets.temp' is opened by 29892@DESKTOP-HFKTUSK

[2023-05-08 12:23:40 #2 type.registry] 
New type domain.User

[2023-05-08 12:23:40 #3 type.registry] 
New type domain.Arduraduna

[2023-05-08 12:23:40 #4 type] 
Type domain.User is not enhanced.

[2023-05-08 12:23:40 #5 type] 
Type domain.Arduraduna is not enhanced.

[2023-05-08 12:23:40 #6 type.registry] 
New type domain.Jarduera

[2023-05-08 12:23:40 #7 type] 
Type domain.Jarduera is not enhanced.

[2023-05-08 12:23:40 #8 type.registry] 
New type domain.Areto

[2023-05-08 12:23:40 #9 type] 
Type domain.Areto is not enhanced.

[2023-05-08 12:23:40 #10 type.registry] 
New type domain.Saioa

[2023-05-08 12:23:40 #11 type.registry] 
New type java.util.Vector<domain.Saioa>

------------------------------------------------------------------------------------------------------------------------

[2023-05-08 12:25:07 #1 store] 
Database 'C:\Users\urtat\Downloads\Bets21\src\main\resources\bets.temp' is opened by 22320@DESKTOP-HFKTUSK

[2023-05-08 12:25:07 #2 type.registry] 
New type domain.User

[2023-05-08 12:25:07 #3 type.registry] 
New type domain.Arduraduna

[2023-05-08 12:25:07 #4 type] 
Type domain.User is not enhanced.

[2023-05-08 12:25:07 #5 type] 
Type domain.Arduraduna is not enhanced.

[2023-05-08 12:25:07 #6 type.registry] 
New type domain.Jarduera

[2023-05-08 12:25:07 #7 type] 
Type domain.Jarduera is not enhanced.

[2023-05-08 12:25:07 #8 type.registry] 
New type domain.Areto

[2023-05-08 12:25:07 #9 type] 
Type domain.Areto is not enhanced.

[2023-05-08 12:25:07 #10 type.registry] 
New type domain.Saioa

[2023-05-08 12:25:07 #11 type.registry] 
New type java.util.Vector<domain.Saioa>

------------------------------------------------------------------------------------------------------------------------

[2023-05-08 12:27:38 #1 store] 
Database 'C:\Users\urtat\Downloads\Bets21\src\main\resources\bets.temp' is opened by 17580@DESKTOP-HFKTUSK

[2023-05-08 12:27:39 #2 type.registry] 
New type domain.User

[2023-05-08 12:27:39 #3 type.registry] 
New type domain.Arduraduna

[2023-05-08 12:27:39 #4 type] 
Type domain.User is not enhanced.

[2023-05-08 12:27:39 #5 type] 
Type domain.Arduraduna is not enhanced.

[2023-05-08 12:27:39 #6 type.registry] 
New type domain.Jarduera

[2023-05-08 12:27:39 #7 type] 
Type domain.Jarduera is not enhanced.

[2023-05-08 12:27:39 #8 type.registry] 
New type domain.Areto

[2023-05-08 12:27:39 #9 type] 
Type domain.Areto is not enhanced.

[2023-05-08 12:27:39 #10 type.registry] 
New type domain.Saioa

[2023-05-08 12:27:39 #11 type.registry] 
New type java.util.Vector<domain.Saioa>

[2023-05-08 12:27:39 #12 type] 
Type domain.Saioa is not enhanced.

[2023-05-08 12:27:39 #13 type.registry] 
New type domain.Erreserba

[2023-05-08 12:27:39 #14 type.registry] 
New type java.util.Vector<domain.Erreserba>

[2023-05-08 12:27:39 #15 type.registry] 
New type java.util.Vector<java.lang.Object>

[2023-05-08 12:27:39 #16 type.registry] 
New type java.util.LinkedList<java.lang.Object>

[2023-05-08 12:27:39 #17 type.registry] 
New type java.util.LinkedList<domain.Erreserba>

------------------------------------------------------------------------------------------------------------------------

[2023-05-08 12:29:52 #1 store] 
Database 'C:\Users\urtat\Downloads\Bets21\src\main\resources\bets.temp' is opened by 13612@DESKTOP-HFKTUSK

[2023-05-08 12:29:52 #2 type.registry] 
New type domain.User

[2023-05-08 12:29:52 #3 type.registry] 
New type domain.Arduraduna

[2023-05-08 12:29:52 #4 type] 
Type domain.User is not enhanced.

[2023-05-08 12:29:52 #5 type] 
Type domain.Arduraduna is not enhanced.

[2023-05-08 12:29:52 #6 type.registry] 
New type domain.Jarduera

[2023-05-08 12:29:52 #7 type] 
Type domain.Jarduera is not enhanced.

[2023-05-08 12:29:52 #8 type.registry] 
New type domain.Areto

[2023-05-08 12:29:52 #9 type] 
Type domain.Areto is not enhanced.

[2023-05-08 12:29:52 #10 type.registry] 
New type domain.Saioa

[2023-05-08 12:29:52 #11 type.registry] 
New type java.util.Vector<domain.Saioa>

[2023-05-08 12:29:52 #12 type] 
Type domain.Saioa is not enhanced.

[2023-05-08 12:29:52 #13 type.registry] 
New type domain.Erreserba

[2023-05-08 12:29:52 #14 type.registry] 
New type java.util.Vector<domain.Erreserba>

[2023-05-08 12:29:52 #15 type.registry] 
New type java.util.Vector<java.lang.Object>

[2023-05-08 12:29:52 #16 type.registry] 
New type java.util.LinkedList<java.lang.Object>

[2023-05-08 12:29:52 #17 type.registry] 
New type java.util.LinkedList<domain.Erreserba>

------------------------------------------------------------------------------------------------------------------------

[2023-05-08 12:30:36 #1 store] 
Database 'C:\Users\urtat\Downloads\Bets21\src\main\resources\bets.temp' is opened by 29524@DESKTOP-HFKTUSK

[2023-05-08 12:30:36 #2 type.registry] 
New type domain.User

[2023-05-08 12:30:36 #3 type.registry] 
New type domain.Arduraduna

[2023-05-08 12:30:36 #4 type] 
Type domain.User is not enhanced.

[2023-05-08 12:30:36 #5 type] 
Type domain.Arduraduna is not enhanced.

[2023-05-08 12:30:36 #6 type.registry] 
New type domain.Jarduera

[2023-05-08 12:30:36 #7 type] 
Type domain.Jarduera is not enhanced.

[2023-05-08 12:30:36 #8 type.registry] 
New type domain.Areto

[2023-05-08 12:30:36 #9 type] 
Type domain.Areto is not enhanced.

[2023-05-08 12:30:36 #10 type.registry] 
New type domain.Saioa

[2023-05-08 12:30:36 #11 type.registry] 
New type java.util.Vector<domain.Saioa>

[2023-05-08 12:30:36 #12 type] 
Type domain.Saioa is not enhanced.

[2023-05-08 12:30:36 #13 type.registry] 
New type domain.Erreserba

[2023-05-08 12:30:36 #14 type.registry] 
New type java.util.Vector<domain.Erreserba>

[2023-05-08 12:30:36 #15 type.registry] 
New type java.util.Vector<java.lang.Object>

[2023-05-08 12:30:36 #16 type.registry] 
New type java.util.LinkedList<java.lang.Object>

[2023-05-08 12:30:36 #17 type.registry] 
New type java.util.LinkedList<domain.Erreserba>

------------------------------------------------------------------------------------------------------------------------

[2023-05-08 12:31:26 #1 store] 
Database 'C:\Users\urtat\Downloads\Bets21\src\main\resources\bets.temp' is opened by 32244@DESKTOP-HFKTUSK

[2023-05-08 12:31:26 #2 type.registry] 
New type domain.User

[2023-05-08 12:31:26 #3 type.registry] 
New type domain.Arduraduna

[2023-05-08 12:31:26 #4 type] 
Type domain.User is not enhanced.

[2023-05-08 12:31:26 #5 type] 
Type domain.Arduraduna is not enhanced.

[2023-05-08 12:31:26 #6 type.registry] 
New type domain.Jarduera

[2023-05-08 12:31:26 #7 type] 
Type domain.Jarduera is not enhanced.

[2023-05-08 12:31:26 #8 type.registry] 
New type domain.Areto

[2023-05-08 12:31:26 #9 type] 
Type domain.Areto is not enhanced.

[2023-05-08 12:31:26 #10 type.registry] 
New type domain.Saioa

[2023-05-08 12:31:26 #11 type.registry] 
New type java.util.Vector<domain.Saioa>

[2023-05-08 12:31:26 #12 type] 
Type domain.Saioa is not enhanced.

[2023-05-08 12:31:26 #13 type.registry] 
New type domain.Erreserba

[2023-05-08 12:31:26 #14 type.registry] 
New type java.util.Vector<domain.Erreserba>

[2023-05-08 12:31:26 #15 type.registry] 
New type java.util.Vector<java.lang.Object>

[2023-05-08 12:31:26 #16 type.registry] 
New type java.util.LinkedList<java.lang.Object>

[2023-05-08 12:31:26 #17 type.registry] 
New type java.util.LinkedList<domain.Erreserba>

------------------------------------------------------------------------------------------------------------------------

[2023-05-08 12:37:21 #1 store] 
Database 'C:\Users\urtat\Downloads\Bets21\src\main\resources\bets.temp' is opened by 11212@DESKTOP-HFKTUSK

[2023-05-08 12:37:21 #2 type.registry] 
New type domain.User

[2023-05-08 12:37:21 #3 type.registry] 
New type domain.Arduraduna

[2023-05-08 12:37:21 #4 type] 
Type domain.User is not enhanced.

[2023-05-08 12:37:21 #5 type] 
Type domain.Arduraduna is not enhanced.

[2023-05-08 12:37:21 #6 type.registry] 
New type domain.Jarduera

[2023-05-08 12:37:21 #7 type] 
Type domain.Jarduera is not enhanced.

[2023-05-08 12:37:21 #8 type.registry] 
New type domain.Areto

[2023-05-08 12:37:21 #9 type] 
Type domain.Areto is not enhanced.

[2023-05-08 12:37:21 #10 type.registry] 
New type domain.Saioa

[2023-05-08 12:37:21 #11 type.registry] 
New type java.util.Vector<domain.Saioa>

[2023-05-08 12:37:21 #12 type] 
Type domain.Saioa is not enhanced.

[2023-05-08 12:37:21 #13 type.registry] 
New type domain.Erreserba

[2023-05-08 12:37:21 #14 type.registry] 
New type java.util.Vector<domain.Erreserba>

[2023-05-08 12:37:21 #15 type.registry] 
New type java.util.Vector<java.lang.Object>

[2023-05-08 12:37:21 #16 type.registry] 
New type java.util.LinkedList<java.lang.Object>

[2023-05-08 12:37:21 #17 type.registry] 
New type java.util.LinkedList<domain.Erreserba>

------------------------------------------------------------------------------------------------------------------------

[2023-05-08 12:47:33 #1 store] 
Database 'C:\Users\urtat\Downloads\Bets21\src\main\resources\bets.temp' is opened by 11464@DESKTOP-HFKTUSK

[2023-05-08 12:47:33 #2 type.registry] 
New type domain.User

[2023-05-08 12:47:33 #3 type.registry] 
New type domain.Arduraduna

[2023-05-08 12:47:33 #4 type] 
Type domain.User is not enhanced.

[2023-05-08 12:47:33 #5 type] 
Type domain.Arduraduna is not enhanced.

[2023-05-08 12:47:33 #6 type.registry] 
New type domain.Jarduera

[2023-05-08 12:47:33 #7 type] 
Type domain.Jarduera is not enhanced.

[2023-05-08 12:47:33 #8 type.registry] 
New type domain.Areto

[2023-05-08 12:47:33 #9 type] 
Type domain.Areto is not enhanced.

[2023-05-08 12:47:33 #10 type.registry] 
New type domain.Saioa

[2023-05-08 12:47:33 #11 type.registry] 
New type java.util.Vector<domain.Saioa>

[2023-05-08 12:47:33 #12 type] 
Type domain.Saioa is not enhanced.

[2023-05-08 12:47:33 #13 type.registry] 
New type domain.Erreserba

[2023-05-08 12:47:33 #14 type.registry] 
New type java.util.Vector<domain.Erreserba>

[2023-05-08 12:47:33 #15 type.registry] 
New type java.util.Vector<java.lang.Object>

[2023-05-08 12:47:33 #16 type.registry] 
New type java.util.LinkedList<java.lang.Object>

[2023-05-08 12:47:33 #17 type.registry] 
New type java.util.LinkedList<domain.Erreserba>

------------------------------------------------------------------------------------------------------------------------

[2023-05-08 12:48:52 #1 store] 
Database 'C:\Users\urtat\Downloads\Bets21\src\main\resources\bets.temp' is opened by 14204@DESKTOP-HFKTUSK

[2023-05-08 12:48:52 #2 type.registry] 
New type domain.User

[2023-05-08 12:48:52 #3 type.registry] 
New type domain.Arduraduna

[2023-05-08 12:48:52 #4 type] 
Type domain.User is not enhanced.

[2023-05-08 12:48:52 #5 type] 
Type domain.Arduraduna is not enhanced.

[2023-05-08 12:48:52 #6 type.registry] 
New type domain.Jarduera

[2023-05-08 12:48:52 #7 type] 
Type domain.Jarduera is not enhanced.

[2023-05-08 12:48:52 #8 type.registry] 
New type domain.Areto

[2023-05-08 12:48:52 #9 type] 
Type domain.Areto is not enhanced.

[2023-05-08 12:48:52 #10 type.registry] 
New type domain.Saioa

[2023-05-08 12:48:52 #11 type.registry] 
New type java.util.Vector<domain.Saioa>

[2023-05-08 12:48:52 #12 type] 
Type domain.Saioa is not enhanced.

[2023-05-08 12:48:52 #13 type.registry] 
New type domain.Erreserba

[2023-05-08 12:48:52 #14 type.registry] 
New type java.util.Vector<domain.Erreserba>

[2023-05-08 12:48:52 #15 type.registry] 
New type java.util.Vector<java.lang.Object>

[2023-05-08 12:48:52 #16 type.registry] 
New type java.util.LinkedList<java.lang.Object>

[2023-05-08 12:48:52 #17 type.registry] 
New type java.util.LinkedList<domain.Erreserba>

------------------------------------------------------------------------------------------------------------------------

[2023-05-08 12:51:26 #1 store] 
Database 'C:\Users\urtat\Downloads\Bets21\src\main\resources\bets.temp' is opened by 4500@DESKTOP-HFKTUSK

[2023-05-08 12:51:26 #2 type.registry] 
New type domain.User

[2023-05-08 12:51:26 #3 type.registry] 
New type domain.Arduraduna

[2023-05-08 12:51:26 #4 type] 
Type domain.User is not enhanced.

[2023-05-08 12:51:26 #5 type] 
Type domain.Arduraduna is not enhanced.

[2023-05-08 12:51:26 #6 type.registry] 
New type domain.Jarduera

[2023-05-08 12:51:26 #7 type] 
Type domain.Jarduera is not enhanced.

[2023-05-08 12:51:26 #8 type.registry] 
New type domain.Areto

[2023-05-08 12:51:26 #9 type] 
Type domain.Areto is not enhanced.

[2023-05-08 12:51:26 #10 type.registry] 
New type domain.Saioa

[2023-05-08 12:51:26 #11 type.registry] 
New type java.util.Vector<domain.Saioa>

[2023-05-08 12:51:26 #12 type] 
Type domain.Saioa is not enhanced.

[2023-05-08 12:51:26 #13 type.registry] 
New type domain.Erreserba

[2023-05-08 12:51:26 #14 type.registry] 
New type java.util.Vector<domain.Erreserba>

[2023-05-08 12:51:26 #15 type.registry] 
New type java.util.Vector<java.lang.Object>

[2023-05-08 12:51:26 #16 type.registry] 
New type java.util.LinkedList<java.lang.Object>

[2023-05-08 12:51:26 #17 type.registry] 
New type java.util.LinkedList<domain.Erreserba>

------------------------------------------------------------------------------------------------------------------------

[2023-05-08 12:53:11 #1 store] 
Database 'C:\Users\urtat\Downloads\Bets21\src\main\resources\bets.temp' is opened by 12356@DESKTOP-HFKTUSK

[2023-05-08 12:53:11 #2 type.registry] 
New type domain.User

[2023-05-08 12:53:11 #3 type.registry] 
New type domain.Arduraduna

[2023-05-08 12:53:11 #4 type] 
Type domain.User is not enhanced.

[2023-05-08 12:53:11 #5 type] 
Type domain.Arduraduna is not enhanced.

[2023-05-08 12:53:11 #6 type.registry] 
New type domain.Jarduera

[2023-05-08 12:53:11 #7 type] 
Type domain.Jarduera is not enhanced.

[2023-05-08 12:53:11 #8 type.registry] 
New type domain.Areto

[2023-05-08 12:53:11 #9 type] 
Type domain.Areto is not enhanced.

[2023-05-08 12:53:11 #10 type.registry] 
New type domain.Saioa

[2023-05-08 12:53:11 #11 type.registry] 
New type java.util.Vector<domain.Saioa>

[2023-05-08 12:53:11 #12 type] 
Type domain.Saioa is not enhanced.

[2023-05-08 12:53:11 #13 type.registry] 
New type domain.Erreserba

[2023-05-08 12:53:11 #14 type.registry] 
New type java.util.Vector<domain.Erreserba>

[2023-05-08 12:53:11 #15 type.registry] 
New type java.util.Vector<java.lang.Object>

[2023-05-08 12:53:11 #16 type.registry] 
New type java.util.LinkedList<java.lang.Object>

[2023-05-08 12:53:11 #17 type.registry] 
New type java.util.LinkedList<domain.Erreserba>

------------------------------------------------------------------------------------------------------------------------

[2023-05-08 13:01:39 #1 store] 
Database 'C:\Users\urtat\Downloads\Bets21\src\main\resources\bets.temp' is opened by 25644@DESKTOP-HFKTUSK

[2023-05-08 13:01:39 #2 type.registry] 
New type domain.User

[2023-05-08 13:01:39 #3 type.registry] 
New type domain.Arduraduna

[2023-05-08 13:01:39 #4 type] 
Type domain.User is not enhanced.

[2023-05-08 13:01:40 #5 type] 
Type domain.Arduraduna is not enhanced.

[2023-05-08 13:01:40 #6 type.registry] 
New type domain.Jarduera

[2023-05-08 13:01:40 #7 type] 
Type domain.Jarduera is not enhanced.

[2023-05-08 13:01:40 #8 type.registry] 
New type domain.Areto

[2023-05-08 13:01:40 #9 type] 
Type domain.Areto is not enhanced.

[2023-05-08 13:01:40 #10 type.registry] 
New type domain.Saioa

[2023-05-08 13:01:40 #11 type.registry] 
New type java.util.Vector<domain.Saioa>

[2023-05-08 13:01:40 #12 type] 
Type domain.Saioa is not enhanced.

[2023-05-08 13:01:40 #13 type.registry] 
New type domain.Erreserba

[2023-05-08 13:01:40 #14 type.registry] 
New type java.util.Vector<domain.Erreserba>

[2023-05-08 13:01:40 #15 type.registry] 
New type java.util.Vector<java.lang.Object>

[2023-05-08 13:01:40 #16 type.registry] 
New type java.util.LinkedList<java.lang.Object>

[2023-05-08 13:01:40 #17 type.registry] 
New type java.util.LinkedList<domain.Erreserba>

------------------------------------------------------------------------------------------------------------------------

[2023-05-08 22:27:47 #1 store] 
Database 'C:\Users\urtat\Downloads\Bets21\src\main\resources\bets.temp' is opened by 17552@DESKTOP-HFKTUSK

[2023-05-08 22:27:47 #2 type.registry] 
New type domain.User

[2023-05-08 22:27:47 #3 type.registry] 
New type domain.Arduraduna

[2023-05-08 22:27:47 #4 type] 
Type domain.User is not enhanced.

[2023-05-08 22:27:47 #5 type] 
Type domain.Arduraduna is not enhanced.

[2023-05-08 22:27:47 #6 type.registry] 
New type domain.Jarduera

[2023-05-08 22:27:47 #7 type] 
Type domain.Jarduera is not enhanced.

[2023-05-08 22:27:47 #8 type.registry] 
New type domain.Areto

[2023-05-08 22:27:47 #9 type] 
Type domain.Areto is not enhanced.

[2023-05-08 22:27:47 #10 type.registry] 
New type domain.Saioa

[2023-05-08 22:27:47 #11 type.registry] 
New type java.util.Vector<domain.Saioa>

[2023-05-08 22:27:47 #12 type] 
Type domain.Saioa is not enhanced.

[2023-05-08 22:27:47 #13 type.registry] 
New type domain.Erreserba

[2023-05-08 22:27:47 #14 type.registry] 
New type java.util.Vector<domain.Erreserba>

[2023-05-08 22:27:47 #15 type.registry] 
New type java.util.Vector<java.lang.Object>

[2023-05-08 22:27:47 #16 type.registry] 
New type java.util.LinkedList<java.lang.Object>

[2023-05-08 22:27:47 #17 type.registry] 
New type java.util.LinkedList<domain.Erreserba>

------------------------------------------------------------------------------------------------------------------------

[2023-05-08 22:38:44 #1 store] 
Database 'C:\Users\urtat\Downloads\Bets21\src\main\resources\bets.temp' is opened by 34512@DESKTOP-HFKTUSK

[2023-05-08 22:38:44 #2 type.registry] 
New type domain.User

[2023-05-08 22:38:44 #3 type.registry] 
New type domain.Arduraduna

[2023-05-08 22:38:44 #4 type] 
Type domain.User is not enhanced.

[2023-05-08 22:38:44 #5 type] 
Type domain.Arduraduna is not enhanced.

[2023-05-08 22:38:44 #6 type.registry] 
New type domain.Jarduera

[2023-05-08 22:38:44 #7 type] 
Type domain.Jarduera is not enhanced.

[2023-05-08 22:38:44 #8 type.registry] 
New type domain.Areto

[2023-05-08 22:38:44 #9 type] 
Type domain.Areto is not enhanced.

[2023-05-08 22:38:44 #10 type.registry] 
New type domain.Saioa

[2023-05-08 22:38:44 #11 type.registry] 
New type java.util.Vector<domain.Saioa>

[2023-05-08 22:38:44 #12 type] 
Type domain.Saioa is not enhanced.

[2023-05-08 22:38:44 #13 type.registry] 
New type domain.Erreserba

[2023-05-08 22:38:44 #14 type.registry] 
New type java.util.Vector<domain.Erreserba>

[2023-05-08 22:38:44 #15 type.registry] 
New type java.util.Vector<java.lang.Object>

[2023-05-08 22:38:44 #16 type.registry] 
New type java.util.LinkedList<java.lang.Object>

[2023-05-08 22:38:44 #17 type.registry] 
New type java.util.LinkedList<domain.Erreserba>

------------------------------------------------------------------------------------------------------------------------

[2023-05-08 22:41:10 #1 store] 
Database 'C:\Users\urtat\Downloads\Bets21\src\main\resources\bets.temp' is opened by 32148@DESKTOP-HFKTUSK

[2023-05-08 22:41:10 #2 type.registry] 
New type domain.User

[2023-05-08 22:41:10 #3 type.registry] 
New type domain.Arduraduna

[2023-05-08 22:41:10 #4 type] 
Type domain.User is not enhanced.

[2023-05-08 22:41:10 #5 type] 
Type domain.Arduraduna is not enhanced.

[2023-05-08 22:41:10 #6 type.registry] 
New type domain.Jarduera

[2023-05-08 22:41:10 #7 type] 
Type domain.Jarduera is not enhanced.

[2023-05-08 22:41:10 #8 type.registry] 
New type domain.Areto

[2023-05-08 22:41:10 #9 type] 
Type domain.Areto is not enhanced.

[2023-05-08 22:41:10 #10 type.registry] 
New type domain.Saioa

[2023-05-08 22:41:10 #11 type.registry] 
New type java.util.Vector<domain.Saioa>

[2023-05-08 22:41:10 #12 type] 
Type domain.Saioa is not enhanced.

[2023-05-08 22:41:10 #13 type.registry] 
New type domain.Erreserba

[2023-05-08 22:41:10 #14 type.registry] 
New type java.util.Vector<domain.Erreserba>

[2023-05-08 22:41:10 #15 type.registry] 
New type java.util.Vector<java.lang.Object>

[2023-05-08 22:41:10 #16 type.registry] 
New type java.util.LinkedList<java.lang.Object>

[2023-05-08 22:41:10 #17 type.registry] 
New type java.util.LinkedList<domain.Erreserba>

------------------------------------------------------------------------------------------------------------------------

[2023-05-08 22:42:41 #1 store] 
Database 'C:\Users\urtat\Downloads\Bets21\src\main\resources\bets.temp' is opened by 33200@DESKTOP-HFKTUSK

[2023-05-08 22:42:41 #2 type.registry] 
New type domain.User

[2023-05-08 22:42:41 #3 type.registry] 
New type domain.Arduraduna

[2023-05-08 22:42:41 #4 type] 
Type domain.User is not enhanced.

[2023-05-08 22:42:41 #5 type] 
Type domain.Arduraduna is not enhanced.

[2023-05-08 22:42:41 #6 type.registry] 
New type domain.Jarduera

[2023-05-08 22:42:41 #7 type] 
Type domain.Jarduera is not enhanced.

[2023-05-08 22:42:41 #8 type.registry] 
New type domain.Areto

[2023-05-08 22:42:41 #9 type] 
Type domain.Areto is not enhanced.

[2023-05-08 22:42:41 #10 type.registry] 
New type domain.Saioa

[2023-05-08 22:42:41 #11 type.registry] 
New type java.util.Vector<domain.Saioa>

[2023-05-08 22:42:41 #12 type] 
Type domain.Saioa is not enhanced.

[2023-05-08 22:42:41 #13 type.registry] 
New type domain.Erreserba

[2023-05-08 22:42:41 #14 type.registry] 
New type java.util.Vector<domain.Erreserba>

[2023-05-08 22:42:41 #15 type.registry] 
New type java.util.Vector<java.lang.Object>

[2023-05-08 22:42:41 #16 type.registry] 
New type java.util.LinkedList<java.lang.Object>

[2023-05-08 22:42:41 #17 type.registry] 
New type java.util.LinkedList<domain.Erreserba>

------------------------------------------------------------------------------------------------------------------------

[2023-05-08 22:43:52 #1 store] 
Database 'C:\Users\urtat\Downloads\Bets21\src\main\resources\bets.temp' is opened by 34260@DESKTOP-HFKTUSK

[2023-05-08 22:43:52 #2 type.registry] 
New type domain.User

[2023-05-08 22:43:52 #3 type.registry] 
New type domain.Arduraduna

[2023-05-08 22:43:52 #4 type] 
Type domain.User is not enhanced.

[2023-05-08 22:43:52 #5 type] 
Type domain.Arduraduna is not enhanced.

[2023-05-08 22:43:52 #6 type.registry] 
New type domain.Jarduera

[2023-05-08 22:43:52 #7 type] 
Type domain.Jarduera is not enhanced.

[2023-05-08 22:43:52 #8 type.registry] 
New type domain.Areto

[2023-05-08 22:43:52 #9 type] 
Type domain.Areto is not enhanced.

[2023-05-08 22:43:52 #10 type.registry] 
New type domain.Saioa

[2023-05-08 22:43:52 #11 type.registry] 
New type java.util.Vector<domain.Saioa>

[2023-05-08 22:43:52 #12 type] 
Type domain.Saioa is not enhanced.

[2023-05-08 22:43:52 #13 type.registry] 
New type domain.Erreserba

[2023-05-08 22:43:52 #14 type.registry] 
New type java.util.Vector<domain.Erreserba>

[2023-05-08 22:43:52 #15 type.registry] 
New type java.util.Vector<java.lang.Object>

[2023-05-08 22:43:52 #16 type.registry] 
New type java.util.LinkedList<java.lang.Object>

[2023-05-08 22:43:52 #17 type.registry] 
New type java.util.LinkedList<domain.Erreserba>

------------------------------------------------------------------------------------------------------------------------

[2023-05-08 22:45:09 #1 store] 
Database 'C:\Users\urtat\Downloads\Bets21\src\main\resources\bets.temp' is opened by 30924@DESKTOP-HFKTUSK

[2023-05-08 22:45:09 #2 type.registry] 
New type domain.User

[2023-05-08 22:45:09 #3 type.registry] 
New type domain.Arduraduna

[2023-05-08 22:45:09 #4 type] 
Type domain.User is not enhanced.

[2023-05-08 22:45:09 #5 type] 
Type domain.Arduraduna is not enhanced.

[2023-05-08 22:45:09 #6 type.registry] 
New type domain.Jarduera

[2023-05-08 22:45:09 #7 type] 
Type domain.Jarduera is not enhanced.

[2023-05-08 22:45:09 #8 type.registry] 
New type domain.Areto

[2023-05-08 22:45:09 #9 type] 
Type domain.Areto is not enhanced.

[2023-05-08 22:45:09 #10 type.registry] 
New type domain.Saioa

[2023-05-08 22:45:09 #11 type.registry] 
New type java.util.Vector<domain.Saioa>

[2023-05-08 22:45:09 #12 type] 
Type domain.Saioa is not enhanced.

[2023-05-08 22:45:09 #13 type.registry] 
New type domain.Erreserba

[2023-05-08 22:45:09 #14 type.registry] 
New type java.util.Vector<domain.Erreserba>

[2023-05-08 22:45:09 #15 type.registry] 
New type java.util.Vector<java.lang.Object>

[2023-05-08 22:45:09 #16 type.registry] 
New type java.util.LinkedList<java.lang.Object>

[2023-05-08 22:45:09 #17 type.registry] 
New type java.util.LinkedList<domain.Erreserba>

------------------------------------------------------------------------------------------------------------------------

[2023-05-08 22:49:31 #1 store] 
Database 'C:\Users\urtat\Downloads\Bets21\src\main\resources\bets.temp' is opened by 16036@DESKTOP-HFKTUSK

[2023-05-08 22:49:32 #2 type.registry] 
New type domain.User

[2023-05-08 22:49:32 #3 type.registry] 
New type domain.Arduraduna

[2023-05-08 22:49:32 #4 type] 
Type domain.User is not enhanced.

[2023-05-08 22:49:32 #5 type] 
Type domain.Arduraduna is not enhanced.

[2023-05-08 22:49:32 #6 type.registry] 
New type domain.Jarduera

[2023-05-08 22:49:32 #7 type] 
Type domain.Jarduera is not enhanced.

[2023-05-08 22:49:32 #8 type.registry] 
New type domain.Areto

[2023-05-08 22:49:32 #9 type] 
Type domain.Areto is not enhanced.

[2023-05-08 22:49:32 #10 type.registry] 
New type domain.Saioa

[2023-05-08 22:49:32 #11 type.registry] 
New type java.util.Vector<domain.Saioa>

[2023-05-08 22:49:32 #12 type] 
Type domain.Saioa is not enhanced.

[2023-05-08 22:49:32 #13 type.registry] 
New type domain.Erreserba

[2023-05-08 22:49:32 #14 type.registry] 
New type java.util.Vector<domain.Erreserba>

[2023-05-08 22:49:32 #15 type.registry] 
New type java.util.Vector<java.lang.Object>

[2023-05-08 22:49:32 #16 type.registry] 
New type java.util.LinkedList<java.lang.Object>

[2023-05-08 22:49:32 #17 type.registry] 
New type java.util.LinkedList<domain.Erreserba>

------------------------------------------------------------------------------------------------------------------------

[2023-05-08 22:50:26 #1 store] 
Database 'C:\Users\urtat\Downloads\Bets21\src\main\resources\bets.temp' is opened by 28772@DESKTOP-HFKTUSK

[2023-05-08 22:50:26 #2 type.registry] 
New type domain.User

[2023-05-08 22:50:26 #3 type.registry] 
New type domain.Arduraduna

[2023-05-08 22:50:26 #4 type] 
Type domain.User is not enhanced.

[2023-05-08 22:50:26 #5 type] 
Type domain.Arduraduna is not enhanced.

[2023-05-08 22:50:26 #6 type.registry] 
New type domain.Jarduera

[2023-05-08 22:50:26 #7 type] 
Type domain.Jarduera is not enhanced.

[2023-05-08 22:50:26 #8 type.registry] 
New type domain.Areto

[2023-05-08 22:50:26 #9 type] 
Type domain.Areto is not enhanced.

[2023-05-08 22:50:26 #10 type.registry] 
New type domain.Saioa

[2023-05-08 22:50:26 #11 type.registry] 
New type java.util.Vector<domain.Saioa>

[2023-05-08 22:50:26 #12 type] 
Type domain.Saioa is not enhanced.

[2023-05-08 22:50:26 #13 type.registry] 
New type domain.Erreserba

[2023-05-08 22:50:26 #14 type.registry] 
New type java.util.Vector<domain.Erreserba>

[2023-05-08 22:50:26 #15 type.registry] 
New type java.util.Vector<java.lang.Object>

[2023-05-08 22:50:26 #16 type.registry] 
New type java.util.LinkedList<java.lang.Object>

[2023-05-08 22:50:26 #17 type.registry] 
New type java.util.LinkedList<domain.Erreserba>

[2023-05-08 22:50:41 #18 type.registry] 
New type domain.Bazkide

[2023-05-08 22:50:41 #19 type] 
Type domain.Bazkide is not enhanced.

------------------------------------------------------------------------------------------------------------------------

[2023-05-08 22:52:16 #1 store] 
Database 'C:\Users\urtat\Downloads\Bets21\src\main\resources\bets.temp' is opened by 11880@DESKTOP-HFKTUSK

[2023-05-08 22:52:16 #2 type.registry] 
New type domain.User

[2023-05-08 22:52:16 #3 type.registry] 
New type domain.Arduraduna

[2023-05-08 22:52:16 #4 type] 
Type domain.User is not enhanced.

[2023-05-08 22:52:16 #5 type] 
Type domain.Arduraduna is not enhanced.

[2023-05-08 22:52:16 #6 type.registry] 
New type domain.Jarduera

[2023-05-08 22:52:16 #7 type] 
Type domain.Jarduera is not enhanced.

[2023-05-08 22:52:16 #8 type.registry] 
New type domain.Areto

[2023-05-08 22:52:16 #9 type] 
Type domain.Areto is not enhanced.

[2023-05-08 22:52:16 #10 type.registry] 
New type domain.Saioa

[2023-05-08 22:52:16 #11 type.registry] 
New type java.util.Vector<domain.Saioa>

[2023-05-08 22:52:16 #12 type] 
Type domain.Saioa is not enhanced.

[2023-05-08 22:52:16 #13 type.registry] 
New type domain.Erreserba

[2023-05-08 22:52:16 #14 type.registry] 
New type java.util.Vector<domain.Erreserba>

[2023-05-08 22:52:16 #15 type.registry] 
New type java.util.Vector<java.lang.Object>

[2023-05-08 22:52:16 #16 type.registry] 
New type java.util.LinkedList<java.lang.Object>

[2023-05-08 22:52:16 #17 type.registry] 
New type java.util.LinkedList<domain.Erreserba>

------------------------------------------------------------------------------------------------------------------------

[2023-05-08 22:54:40 #1 store] 
Database 'C:\Users\urtat\Downloads\Bets21\src\main\resources\bets.temp' is opened by 33264@DESKTOP-HFKTUSK

[2023-05-08 22:54:40 #2 type.registry] 
New type domain.User

[2023-05-08 22:54:40 #3 type.registry] 
New type domain.Arduraduna

[2023-05-08 22:54:40 #4 type] 
Type domain.User is not enhanced.

[2023-05-08 22:54:40 #5 type] 
Type domain.Arduraduna is not enhanced.

[2023-05-08 22:54:40 #6 type.registry] 
New type domain.Jarduera

[2023-05-08 22:54:40 #7 type] 
Type domain.Jarduera is not enhanced.

[2023-05-08 22:54:40 #8 type.registry] 
New type domain.Areto

[2023-05-08 22:54:40 #9 type] 
Type domain.Areto is not enhanced.

[2023-05-08 22:54:40 #10 type.registry] 
New type domain.Saioa

[2023-05-08 22:54:40 #11 type.registry] 
New type java.util.Vector<domain.Saioa>

[2023-05-08 22:54:40 #12 type] 
Type domain.Saioa is not enhanced.

[2023-05-08 22:54:40 #13 type.registry] 
New type domain.Erreserba

[2023-05-08 22:54:40 #14 type.registry] 
New type java.util.Vector<domain.Erreserba>

[2023-05-08 22:54:40 #15 type.registry] 
New type java.util.Vector<java.lang.Object>

[2023-05-08 22:54:40 #16 type.registry] 
New type java.util.LinkedList<java.lang.Object>

[2023-05-08 22:54:40 #17 type.registry] 
New type java.util.LinkedList<domain.Erreserba>

------------------------------------------------------------------------------------------------------------------------

[2023-05-08 23:01:43 #1 store] 
Database 'C:\Users\urtat\Downloads\Bets21\src\main\resources\bets.temp' is opened by 8252@DESKTOP-HFKTUSK

[2023-05-08 23:01:43 #2 type.registry] 
New type domain.User

[2023-05-08 23:01:43 #3 type.registry] 
New type domain.Arduraduna

[2023-05-08 23:01:43 #4 type] 
Type domain.User is not enhanced.

[2023-05-08 23:01:43 #5 type] 
Type domain.Arduraduna is not enhanced.

[2023-05-08 23:01:43 #6 type.registry] 
New type domain.Jarduera

[2023-05-08 23:01:43 #7 type] 
Type domain.Jarduera is not enhanced.

[2023-05-08 23:01:43 #8 type.registry] 
New type domain.Areto

[2023-05-08 23:01:43 #9 type] 
Type domain.Areto is not enhanced.

[2023-05-08 23:01:43 #10 type.registry] 
New type domain.Saioa

[2023-05-08 23:01:43 #11 type.registry] 
New type java.util.Vector<domain.Saioa>

[2023-05-08 23:01:43 #12 type] 
Type domain.Saioa is not enhanced.

[2023-05-08 23:01:43 #13 type.registry] 
New type domain.Erreserba

[2023-05-08 23:01:43 #14 type.registry] 
New type java.util.Vector<domain.Erreserba>

[2023-05-08 23:01:43 #15 type.registry] 
New type java.util.Vector<java.lang.Object>

[2023-05-08 23:01:43 #16 type.registry] 
New type java.util.LinkedList<java.lang.Object>

[2023-05-08 23:01:43 #17 type.registry] 
New type java.util.LinkedList<domain.Erreserba>

------------------------------------------------------------------------------------------------------------------------

[2023-05-08 23:04:19 #1 store] 
Database 'C:\Users\urtat\Downloads\Bets21\src\main\resources\bets.temp' is opened by 26084@DESKTOP-HFKTUSK

[2023-05-08 23:04:19 #2 type.registry] 
New type domain.User

[2023-05-08 23:04:19 #3 type.registry] 
New type domain.Arduraduna

[2023-05-08 23:04:19 #4 type] 
Type domain.User is not enhanced.

[2023-05-08 23:04:19 #5 type] 
Type domain.Arduraduna is not enhanced.

[2023-05-08 23:04:19 #6 type.registry] 
New type domain.Jarduera

[2023-05-08 23:04:19 #7 type] 
Type domain.Jarduera is not enhanced.

[2023-05-08 23:04:19 #8 type.registry] 
New type domain.Areto

[2023-05-08 23:04:19 #9 type] 
Type domain.Areto is not enhanced.

[2023-05-08 23:04:19 #10 type.registry] 
New type domain.Saioa

[2023-05-08 23:04:19 #11 type.registry] 
New type java.util.Vector<domain.Saioa>

[2023-05-08 23:04:19 #12 type] 
Type domain.Saioa is not enhanced.

[2023-05-08 23:04:19 #13 type.registry] 
New type domain.Erreserba

[2023-05-08 23:04:19 #14 type.registry] 
New type java.util.Vector<domain.Erreserba>

[2023-05-08 23:04:19 #15 type.registry] 
New type java.util.Vector<java.lang.Object>

[2023-05-08 23:04:19 #16 type.registry] 
New type java.util.LinkedList<java.lang.Object>

[2023-05-08 23:04:19 #17 type.registry] 
New type java.util.LinkedList<domain.Erreserba>

